ERROR - 2018-02-27 02:46:08 --> 404 Page Not Found: Faviconico/index
ERROR - 2018-02-27 02:46:48 --> Severity: Error --> Call to undefined method Model_account::loadDbPlatform() C:\xampp\htdocs\Gmedia\app\models\backend\user-management\Model_account.php 13
ERROR - 2018-02-27 02:59:45 --> Query error: Unknown column 'ip' in 'field list' - Invalid query: INSERT INTO `cms_action_history` (`id`, `id_user`, `url`, `actions`, `data`, `result`, `ip`, `entry_by`, `entry_time`) VALUES ('201802270259453669', '1', 'user-management/privilege_menu', 'Save', '{\\\"id\\\":\\\"\\\",\\\"name\\\":\\\"cihuy\\\",\\\"description\\\":\\\"cihuy\\\",\\\"url\\\":\\\"chiu\\\",\\\"icon\\\":\\\"icon-bubbles\\\",\\\"parent\\\":\\\"0\\\",\\\"status\\\":\\\"1\\\"}', '{\\\"success\\\":true,\\\"title\\\":\\\"Saving Data\\\",\\\"message\\\":\\\"Data has been saved.\\\"}', '::1', '1', '2018-02-27 02:59:45')
ERROR - 2018-02-27 02:59:55 --> Severity: Warning --> mysqli::real_connect(): (HY000/2002): A connection attempt failed because the connected party did not properly respond after a period of time, or established connection failed because connected host has failed to respond.
 C:\xampp\htdocs\Gmedia\sys_ci_3.0\database\drivers\mysqli\mysqli_driver.php 135
ERROR - 2018-02-27 02:59:55 --> Unable to connect to the database
ERROR - 2018-02-27 03:00:44 --> Query error: Unknown column 'ip' in 'field list' - Invalid query: INSERT INTO `cms_action_history` (`id`, `id_user`, `url`, `actions`, `data`, `result`, `ip`, `entry_by`, `entry_time`) VALUES ('201802270300439698', '1', 'user-management/privilege_menu', 'Save', '{\\\"menu\\\":\\\"34\\\",\\\"privilege\\\":\\\"1\\\",\\\"access\\\":\\\"1\\\"}', '{\\\"success\\\":true,\\\"title\\\":\\\"Updating Data\\\",\\\"message\\\":\\\"Data has been updated.\\\"}', '::1', '1', '2018-02-27 03:00:43')
ERROR - 2018-02-27 03:00:49 --> Query error: Unknown column 'ip' in 'field list' - Invalid query: INSERT INTO `cms_action_history` (`id`, `id_user`, `url`, `actions`, `data`, `result`, `ip`, `entry_by`, `entry_time`) VALUES ('201802270300493185', '1', 'user-management/privilege_menu', 'Save', '{\\\"menu\\\":\\\"34\\\",\\\"privilege\\\":\\\"1\\\",\\\"access\\\":\\\"2\\\"}', '{\\\"success\\\":true,\\\"title\\\":\\\"Updating Data\\\",\\\"message\\\":\\\"Data has been updated.\\\"}', '::1', '1', '2018-02-27 03:00:49')
ERROR - 2018-02-27 03:02:03 --> Query error: Unknown column 'ip' in 'field list' - Invalid query: INSERT INTO `cms_action_history` (`id`, `id_user`, `url`, `actions`, `data`, `result`, `ip`, `entry_by`, `entry_time`) VALUES ('201802270302030583', '1', 'user-management/privilege_menu', 'Delete', '{\\\"id\\\":\\\"34\\\"}', '{\\\"success\\\":true,\\\"title\\\":\\\"Updating Data\\\",\\\"message\\\":\\\"Data has been updated.\\\"}', '::1', '1', '2018-02-27 03:02:03')
ERROR - 2018-02-27 03:20:41 --> Query error: Unknown column 'ip' in 'field list' - Invalid query: INSERT INTO `cms_action_history` (`id`, `id_user`, `url`, `actions`, `data`, `result`, `ip`, `entry_by`, `entry_time`) VALUES ('201802270320417102', '1', 'user-management/privilege_menu', 'Delete', '{\\\"id\\\":\\\"1\\\"}', '{\\\"success\\\":true,\\\"title\\\":\\\"Updating Data\\\",\\\"message\\\":\\\"Data has been updated.\\\"}', '::1', '1', '2018-02-27 03:20:41')
ERROR - 2018-02-27 03:21:04 --> Query error: Unknown column 'ip' in 'field list' - Invalid query: INSERT INTO `cms_action_history` (`id`, `id_user`, `url`, `actions`, `data`, `result`, `ip`, `entry_by`, `entry_time`) VALUES ('201802270321048776', '1', 'user-management/privilege_menu', 'Update', '{\\\"id\\\":\\\"12\\\",\\\"name\\\":\\\"Employees\\\",\\\"description\\\":\\\"Manage Employees\\\",\\\"url\\\":\\\"user-management\\\\/employees\\\",\\\"icon\\\":\\\"icon-briefcase\\\",\\\"parent\\\":\\\"2\\\",\\\"status\\\":\\\"1\\\"}', '{\\\"success\\\":true,\\\"title\\\":\\\"Updating Data\\\",\\\"message\\\":\\\"Data has been updated.\\\"}', '::1', '1', '2018-02-27 03:21:04')
ERROR - 2018-02-27 03:21:34 --> Query error: Unknown column 'ip' in 'field list' - Invalid query: INSERT INTO `cms_action_history` (`id`, `id_user`, `url`, `actions`, `data`, `result`, `ip`, `entry_by`, `entry_time`) VALUES ('201802270321343386', '1', 'user-management/privilege_menu', 'Save', '{\\\"menu\\\":\\\"23\\\",\\\"privilege\\\":\\\"1\\\",\\\"access\\\":\\\"8\\\"}', '{\\\"success\\\":true,\\\"title\\\":\\\"Updating Data\\\",\\\"message\\\":\\\"Data has been updated.\\\"}', '::1', '1', '2018-02-27 03:21:34')
ERROR - 2018-02-27 03:22:03 --> Query error: Unknown column 'ip' in 'field list' - Invalid query: INSERT INTO `cms_action_history` (`id`, `id_user`, `url`, `actions`, `data`, `result`, `ip`, `entry_by`, `entry_time`) VALUES ('201802270322032077', '1', 'user-management/privilege_menu', 'Update', '{\\\"id\\\":\\\"5\\\",\\\"name\\\":\\\"Parameters\\\",\\\"description\\\":\\\"Manage Parameter\\\",\\\"url\\\":\\\"#\\\",\\\"icon\\\":\\\"icon-refresh\\\",\\\"parent\\\":\\\"0\\\",\\\"status\\\":\\\"1\\\"}', '{\\\"success\\\":true,\\\"title\\\":\\\"Updating Data\\\",\\\"message\\\":\\\"Data has been updated.\\\"}', '::1', '1', '2018-02-27 03:22:03')
ERROR - 2018-02-27 03:22:29 --> Query error: Unknown column 'ip' in 'field list' - Invalid query: INSERT INTO `cms_action_history` (`id`, `id_user`, `url`, `actions`, `data`, `result`, `ip`, `entry_by`, `entry_time`) VALUES ('201802270322299182', '1', 'user-management/privilege_menu', 'Update', '{\\\"id\\\":\\\"13\\\",\\\"name\\\":\\\"User Type\\\",\\\"description\\\":\\\"Manage User Type\\\",\\\"url\\\":\\\"parameters\\\\/usertype\\\",\\\"icon\\\":\\\"icon-user-following\\\",\\\"parent\\\":\\\"5\\\",\\\"status\\\":\\\"1\\\"}', '{\\\"success\\\":true,\\\"title\\\":\\\"Updating Data\\\",\\\"message\\\":\\\"Data has been updated.\\\"}', '::1', '1', '2018-02-27 03:22:29')
ERROR - 2018-02-27 03:22:48 --> Query error: Unknown column 'ip' in 'field list' - Invalid query: INSERT INTO `cms_action_history` (`id`, `id_user`, `url`, `actions`, `data`, `result`, `ip`, `entry_by`, `entry_time`) VALUES ('201802270322485187', '1', 'user-management/privilege_menu', 'Update', '{\\\"id\\\":\\\"33\\\",\\\"name\\\":\\\"Global Parameter\\\",\\\"description\\\":\\\"Manage Global Parameter\\\",\\\"url\\\":\\\"parameters\\\\/globalparameter\\\",\\\"icon\\\":\\\"icon-globe-alt\\\",\\\"parent\\\":\\\"5\\\",\\\"status\\\":\\\"1\\\"}', '{\\\"success\\\":true,\\\"title\\\":\\\"Updating Data\\\",\\\"message\\\":\\\"Data has been updated.\\\"}', '::1', '1', '2018-02-27 03:22:48')
ERROR - 2018-02-27 03:24:14 --> Query error: Unknown column 'ip' in 'field list' - Invalid query: INSERT INTO `cms_action_history` (`id`, `id_user`, `url`, `actions`, `data`, `result`, `ip`, `entry_by`, `entry_time`) VALUES ('201802270324141429', '1', 'user-management/privilege_menu', 'Update', '{\\\"id\\\":\\\"5\\\",\\\"name\\\":\\\"Parameters\\\",\\\"description\\\":\\\"Manage Parameter\\\",\\\"url\\\":\\\"#\\\",\\\"icon\\\":\\\"icon-shield\\\",\\\"parent\\\":\\\"0\\\",\\\"status\\\":\\\"1\\\"}', '{\\\"success\\\":true,\\\"title\\\":\\\"Updating Data\\\",\\\"message\\\":\\\"Data has been updated.\\\"}', '::1', '1', '2018-02-27 03:24:14')
ERROR - 2018-02-27 03:24:55 --> Query error: Unknown column 'ip' in 'field list' - Invalid query: INSERT INTO `cms_action_history` (`id`, `id_user`, `url`, `actions`, `data`, `result`, `ip`, `entry_by`, `entry_time`) VALUES ('201802270324554084', '1', 'user-management/privilege_menu', 'Update', '{\\\"id\\\":\\\"5\\\",\\\"name\\\":\\\"Parameters\\\",\\\"description\\\":\\\"Manage Parameter\\\",\\\"url\\\":\\\"#\\\",\\\"icon\\\":\\\"icon-shuffle\\\",\\\"parent\\\":\\\"0\\\",\\\"status\\\":\\\"1\\\"}', '{\\\"success\\\":true,\\\"title\\\":\\\"Updating Data\\\",\\\"message\\\":\\\"Data has been updated.\\\"}', '::1', '1', '2018-02-27 03:24:55')
ERROR - 2018-02-27 03:25:42 --> Query error: Unknown column 'ip' in 'field list' - Invalid query: INSERT INTO `cms_action_history` (`id`, `id_user`, `url`, `actions`, `data`, `result`, `ip`, `entry_by`, `entry_time`) VALUES ('201802270325424775', '1', 'user-management/privilege_menu', 'Update', '{\\\"id\\\":\\\"5\\\",\\\"name\\\":\\\"Parameters\\\",\\\"description\\\":\\\"Manage Parameter\\\",\\\"url\\\":\\\"#\\\",\\\"icon\\\":\\\"icon-loop\\\",\\\"parent\\\":\\\"0\\\",\\\"status\\\":\\\"1\\\"}', '{\\\"success\\\":true,\\\"title\\\":\\\"Updating Data\\\",\\\"message\\\":\\\"Data has been updated.\\\"}', '::1', '1', '2018-02-27 03:25:42')
ERROR - 2018-02-27 03:27:07 --> Query error: Unknown column 'ip' in 'field list' - Invalid query: INSERT INTO `cms_action_history` (`id`, `id_user`, `url`, `actions`, `data`, `result`, `ip`, `entry_by`, `entry_time`) VALUES ('201802270327076398', '1', 'user-management/privilege_menu', 'Save', '{\\\"id\\\":\\\"\\\",\\\"name\\\":\\\"Email\\\",\\\"description\\\":\\\"\\\",\\\"url\\\":\\\"parameters\\\\/email\\\",\\\"icon\\\":\\\"icon-envelope\\\",\\\"parent\\\":\\\"5\\\",\\\"status\\\":\\\"1\\\"}', '{\\\"success\\\":true,\\\"title\\\":\\\"Saving Data\\\",\\\"message\\\":\\\"Data has been saved.\\\"}', '::1', '1', '2018-02-27 03:27:07')
ERROR - 2018-02-27 03:27:27 --> Query error: Unknown column 'ip' in 'field list' - Invalid query: INSERT INTO `cms_action_history` (`id`, `id_user`, `url`, `actions`, `data`, `result`, `ip`, `entry_by`, `entry_time`) VALUES ('201802270327276718', '1', 'user-management/privilege_menu', 'Save', '{\\\"menu\\\":\\\"35\\\",\\\"privilege\\\":\\\"1\\\",\\\"access\\\":\\\"1\\\"}', '{\\\"success\\\":true,\\\"title\\\":\\\"Updating Data\\\",\\\"message\\\":\\\"Data has been updated.\\\"}', '::1', '1', '2018-02-27 03:27:27')
ERROR - 2018-02-27 03:27:31 --> Query error: Unknown column 'ip' in 'field list' - Invalid query: INSERT INTO `cms_action_history` (`id`, `id_user`, `url`, `actions`, `data`, `result`, `ip`, `entry_by`, `entry_time`) VALUES ('201802270327309633', '1', 'user-management/privilege_menu', 'Save', '{\\\"menu\\\":\\\"35\\\",\\\"privilege\\\":\\\"1\\\",\\\"access\\\":\\\"2\\\"}', '{\\\"success\\\":true,\\\"title\\\":\\\"Updating Data\\\",\\\"message\\\":\\\"Data has been updated.\\\"}', '::1', '1', '2018-02-27 03:27:30')
ERROR - 2018-02-27 03:28:28 --> Query error: Unknown column 'ip' in 'field list' - Invalid query: INSERT INTO `cms_action_history` (`id`, `id_user`, `url`, `actions`, `data`, `result`, `ip`, `entry_by`, `entry_time`) VALUES ('201802270328286166', '1', 'user-management/privilege_menu', 'Save', '{\\\"id\\\":\\\"\\\",\\\"name\\\":\\\"Email Templates\\\",\\\"description\\\":\\\"\\\",\\\"url\\\":\\\"parameters\\\\/emailtemplate\\\",\\\"icon\\\":\\\"icon-envelope-letter\\\",\\\"parent\\\":\\\"5\\\",\\\"status\\\":\\\"0\\\"}', '{\\\"success\\\":true,\\\"title\\\":\\\"Saving Data\\\",\\\"message\\\":\\\"Data has been saved.\\\"}', '::1', '1', '2018-02-27 03:28:28')
ERROR - 2018-02-27 03:28:41 --> Query error: Unknown column 'ip' in 'field list' - Invalid query: INSERT INTO `cms_action_history` (`id`, `id_user`, `url`, `actions`, `data`, `result`, `ip`, `entry_by`, `entry_time`) VALUES ('201802270328419612', '1', 'user-management/privilege_menu', 'Save', '{\\\"menu\\\":\\\"35\\\",\\\"privilege\\\":\\\"1\\\",\\\"access\\\":\\\"8\\\"}', '{\\\"success\\\":true,\\\"title\\\":\\\"Updating Data\\\",\\\"message\\\":\\\"Data has been updated.\\\"}', '::1', '1', '2018-02-27 03:28:41')
ERROR - 2018-02-27 03:28:45 --> Query error: Unknown column 'ip' in 'field list' - Invalid query: INSERT INTO `cms_action_history` (`id`, `id_user`, `url`, `actions`, `data`, `result`, `ip`, `entry_by`, `entry_time`) VALUES ('201802270328454535', '1', 'user-management/privilege_menu', 'Save', '{\\\"menu\\\":\\\"36\\\",\\\"privilege\\\":\\\"1\\\",\\\"access\\\":\\\"1\\\"}', '{\\\"success\\\":true,\\\"title\\\":\\\"Updating Data\\\",\\\"message\\\":\\\"Data has been updated.\\\"}', '::1', '1', '2018-02-27 03:28:45')
ERROR - 2018-02-27 03:28:57 --> Query error: Unknown column 'ip' in 'field list' - Invalid query: INSERT INTO `cms_action_history` (`id`, `id_user`, `url`, `actions`, `data`, `result`, `ip`, `entry_by`, `entry_time`) VALUES ('201802270328578188', '1', 'user-management/privilege_menu', 'Save', '{\\\"menu\\\":\\\"36\\\",\\\"privilege\\\":\\\"1\\\",\\\"access\\\":\\\"2\\\"}', '{\\\"success\\\":true,\\\"title\\\":\\\"Updating Data\\\",\\\"message\\\":\\\"Data has been updated.\\\"}', '::1', '1', '2018-02-27 03:28:57')
ERROR - 2018-02-27 03:29:05 --> Query error: Unknown column 'ip' in 'field list' - Invalid query: INSERT INTO `cms_action_history` (`id`, `id_user`, `url`, `actions`, `data`, `result`, `ip`, `entry_by`, `entry_time`) VALUES ('201802270329054436', '1', 'user-management/privilege_menu', 'Save', '{\\\"menu\\\":\\\"36\\\",\\\"privilege\\\":\\\"1\\\",\\\"access\\\":\\\"2\\\"}', '{\\\"success\\\":true,\\\"title\\\":\\\"Updating Data\\\",\\\"message\\\":\\\"Data has been updated.\\\"}', '::1', '1', '2018-02-27 03:29:05')
ERROR - 2018-02-27 03:29:22 --> Query error: Unknown column 'ip' in 'field list' - Invalid query: INSERT INTO `cms_action_history` (`id`, `id_user`, `url`, `actions`, `data`, `result`, `ip`, `entry_by`, `entry_time`) VALUES ('201802270329224289', '1', 'user-management/privilege_menu', 'Save', '{\\\"menu\\\":\\\"36\\\",\\\"privilege\\\":\\\"1\\\",\\\"access\\\":\\\"4\\\"}', '{\\\"success\\\":true,\\\"title\\\":\\\"Updating Data\\\",\\\"message\\\":\\\"Data has been updated.\\\"}', '::1', '1', '2018-02-27 03:29:22')
ERROR - 2018-02-27 03:29:27 --> Query error: Unknown column 'ip' in 'field list' - Invalid query: INSERT INTO `cms_action_history` (`id`, `id_user`, `url`, `actions`, `data`, `result`, `ip`, `entry_by`, `entry_time`) VALUES ('201802270329276282', '1', 'user-management/privilege_menu', 'Save', '{\\\"menu\\\":\\\"36\\\",\\\"privilege\\\":\\\"1\\\",\\\"access\\\":\\\"4\\\"}', '{\\\"success\\\":true,\\\"title\\\":\\\"Updating Data\\\",\\\"message\\\":\\\"Data has been updated.\\\"}', '::1', '1', '2018-02-27 03:29:27')
ERROR - 2018-02-27 03:29:33 --> Query error: Unknown column 'ip' in 'field list' - Invalid query: INSERT INTO `cms_action_history` (`id`, `id_user`, `url`, `actions`, `data`, `result`, `ip`, `entry_by`, `entry_time`) VALUES ('201802270329335023', '1', 'user-management/privilege_menu', 'Save', '{\\\"menu\\\":\\\"36\\\",\\\"privilege\\\":\\\"1\\\",\\\"access\\\":\\\"2\\\"}', '{\\\"success\\\":true,\\\"title\\\":\\\"Updating Data\\\",\\\"message\\\":\\\"Data has been updated.\\\"}', '::1', '1', '2018-02-27 03:29:33')
ERROR - 2018-02-27 03:29:38 --> Query error: Unknown column 'ip' in 'field list' - Invalid query: INSERT INTO `cms_action_history` (`id`, `id_user`, `url`, `actions`, `data`, `result`, `ip`, `entry_by`, `entry_time`) VALUES ('201802270329382241', '1', 'user-management/privilege_menu', 'Save', '{\\\"menu\\\":\\\"36\\\",\\\"privilege\\\":\\\"1\\\",\\\"access\\\":\\\"8\\\"}', '{\\\"success\\\":true,\\\"title\\\":\\\"Updating Data\\\",\\\"message\\\":\\\"Data has been updated.\\\"}', '::1', '1', '2018-02-27 03:29:38')
ERROR - 2018-02-27 03:31:05 --> Query error: Unknown column 'ip' in 'field list' - Invalid query: INSERT INTO `cms_action_history` (`id`, `id_user`, `url`, `actions`, `data`, `result`, `ip`, `entry_by`, `entry_time`) VALUES ('201802270331052566', '1', 'user-management/privilege_menu', 'Save', '{\\\"menu\\\":\\\"36\\\",\\\"privilege\\\":\\\"1\\\",\\\"access\\\":\\\"1\\\"}', '{\\\"success\\\":true,\\\"title\\\":\\\"Updating Data\\\",\\\"message\\\":\\\"Data has been updated.\\\"}', '::1', '1', '2018-02-27 03:31:05')
ERROR - 2018-02-27 03:31:09 --> Query error: Unknown column 'ip' in 'field list' - Invalid query: INSERT INTO `cms_action_history` (`id`, `id_user`, `url`, `actions`, `data`, `result`, `ip`, `entry_by`, `entry_time`) VALUES ('201802270331091194', '1', 'user-management/privilege_menu', 'Save', '{\\\"menu\\\":\\\"36\\\",\\\"privilege\\\":\\\"1\\\",\\\"access\\\":\\\"1\\\"}', '{\\\"success\\\":true,\\\"title\\\":\\\"Updating Data\\\",\\\"message\\\":\\\"Data has been updated.\\\"}', '::1', '1', '2018-02-27 03:31:09')
ERROR - 2018-02-27 03:31:15 --> Query error: Unknown column 'ip' in 'field list' - Invalid query: INSERT INTO `cms_action_history` (`id`, `id_user`, `url`, `actions`, `data`, `result`, `ip`, `entry_by`, `entry_time`) VALUES ('201802270331150928', '1', 'user-management/privilege_menu', 'Update', '{\\\"id\\\":\\\"36\\\",\\\"name\\\":\\\"Email Templates\\\",\\\"description\\\":\\\"\\\",\\\"url\\\":\\\"parameters\\\\/emailtemplate\\\",\\\"icon\\\":\\\"icon-envelope-letter\\\",\\\"parent\\\":\\\"5\\\",\\\"status\\\":\\\"1\\\"}', '{\\\"success\\\":true,\\\"title\\\":\\\"Updating Data\\\",\\\"message\\\":\\\"Data has been updated.\\\"}', '::1', '1', '2018-02-27 03:31:15')
ERROR - 2018-02-27 03:33:51 --> 404 Page Not Found: parameters/Email/index
ERROR - 2018-02-27 03:36:36 --> Query error: Unknown column 'ip' in 'field list' - Invalid query: INSERT INTO `cms_action_history` (`id`, `id_user`, `url`, `actions`, `data`, `result`, `ip`, `entry_by`, `entry_time`) VALUES ('201802270336369503', '1', 'parameters/globalparameter', 'Update', '{\\\"id\\\":\\\"tes\\\",\\\"value\\\":\\\"yuhu\\\",\\\"description\\\":\\\"\\\"}', '{\\\"id\\\":0,\\\"success\\\":true,\\\"title\\\":\\\"Saving Data\\\",\\\"message\\\":\\\"Data has been saved.\\\"}', '::1', '1', '2018-02-27 03:36:36')
ERROR - 2018-02-27 03:36:47 --> Query error: Unknown column 'ip' in 'field list' - Invalid query: INSERT INTO `cms_action_history` (`id`, `id_user`, `url`, `actions`, `data`, `result`, `ip`, `entry_by`, `entry_time`) VALUES ('201802270336476479', '1', 'parameters/globalparameter', 'Delete', '{\\\"id\\\":\\\"tes\\\"}', '{\\\"success\\\":true,\\\"title\\\":\\\"Deleting Data\\\",\\\"message\\\":\\\"Data has been deleted.\\\"}', '::1', '1', '2018-02-27 03:36:47')
ERROR - 2018-02-27 03:37:05 --> Query error: Unknown column 'ip' in 'field list' - Invalid query: INSERT INTO `cms_action_history` (`id`, `id_user`, `url`, `actions`, `data`, `result`, `ip`, `entry_by`, `entry_time`) VALUES ('201802270337052547', '1', 'parameters/globalparameter', 'Update', '{\\\"id\\\":\\\"AppTitle\\\",\\\"value\\\":\\\"Game Medias\\\",\\\"description\\\":\\\"\\\"}', '{\\\"success\\\":true,\\\"title\\\":\\\"Updating Data\\\",\\\"message\\\":\\\"Data has been updated.\\\"}', '::1', '1', '2018-02-27 03:37:05')
ERROR - 2018-02-27 03:37:13 --> Query error: Unknown column 'ip' in 'field list' - Invalid query: INSERT INTO `cms_action_history` (`id`, `id_user`, `url`, `actions`, `data`, `result`, `ip`, `entry_by`, `entry_time`) VALUES ('201802270337132781', '1', 'parameters/globalparameter', 'Update', '{\\\"id\\\":\\\"AppTitle\\\",\\\"value\\\":\\\"Game Media\\\",\\\"description\\\":\\\"\\\"}', '{\\\"success\\\":true,\\\"title\\\":\\\"Updating Data\\\",\\\"message\\\":\\\"Data has been updated.\\\"}', '::1', '1', '2018-02-27 03:37:13')
ERROR - 2018-02-27 04:25:24 --> Severity: Parsing Error --> syntax error, unexpected ')' C:\xampp\htdocs\Gmedia\app\controllers\parameters\Email.php 39
ERROR - 2018-02-27 04:26:21 --> Severity: Parsing Error --> syntax error, unexpected '$result' (T_VARIABLE) C:\xampp\htdocs\Gmedia\app\models\backend\parameters\Model_email.php 96
ERROR - 2018-02-27 04:26:47 --> Severity: Notice --> Undefined index: rows C:\xampp\htdocs\Gmedia\app\controllers\parameters\Email.php 32
ERROR - 2018-02-27 04:26:47 --> Severity: Notice --> Undefined index: total C:\xampp\htdocs\Gmedia\app\controllers\parameters\Email.php 52
ERROR - 2018-02-27 04:26:47 --> Severity: Notice --> Undefined index: total C:\xampp\htdocs\Gmedia\app\controllers\parameters\Email.php 53
ERROR - 2018-02-27 04:34:47 --> 404 Page Not Found: Assets/images
ERROR - 2018-02-27 04:34:52 --> Severity: Notice --> Undefined index: rows C:\xampp\htdocs\Gmedia\app\controllers\parameters\Email.php 32
ERROR - 2018-02-27 04:34:52 --> Severity: Notice --> Undefined index: total C:\xampp\htdocs\Gmedia\app\controllers\parameters\Email.php 52
ERROR - 2018-02-27 04:34:52 --> Severity: Notice --> Undefined index: total C:\xampp\htdocs\Gmedia\app\controllers\parameters\Email.php 53
ERROR - 2018-02-27 04:45:05 --> 404 Page Not Found: Assets/images
ERROR - 2018-02-27 04:45:09 --> Severity: Notice --> Undefined index: search_status C:\xampp\htdocs\Gmedia\app\models\backend\parameters\Model_email.php 39
ERROR - 2018-02-27 04:45:09 --> Severity: Notice --> Undefined index: search_status C:\xampp\htdocs\Gmedia\app\models\backend\parameters\Model_email.php 66
ERROR - 2018-02-27 04:45:09 --> Severity: Notice --> Undefined index: rows C:\xampp\htdocs\Gmedia\app\controllers\parameters\Email.php 32
ERROR - 2018-02-27 04:45:09 --> Severity: Notice --> Undefined index: total C:\xampp\htdocs\Gmedia\app\controllers\parameters\Email.php 52
ERROR - 2018-02-27 04:45:09 --> Severity: Notice --> Undefined index: total C:\xampp\htdocs\Gmedia\app\controllers\parameters\Email.php 53
ERROR - 2018-02-27 04:46:13 --> 404 Page Not Found: Assets/images
ERROR - 2018-02-27 04:46:17 --> Severity: Notice --> Undefined index: search_status C:\xampp\htdocs\Gmedia\app\models\backend\parameters\Model_email.php 66
ERROR - 2018-02-27 04:46:17 --> Severity: Notice --> Undefined index: rows C:\xampp\htdocs\Gmedia\app\controllers\parameters\Email.php 32
ERROR - 2018-02-27 04:46:17 --> Severity: Notice --> Undefined index: total C:\xampp\htdocs\Gmedia\app\controllers\parameters\Email.php 52
ERROR - 2018-02-27 04:46:17 --> Severity: Notice --> Undefined index: total C:\xampp\htdocs\Gmedia\app\controllers\parameters\Email.php 53
ERROR - 2018-02-27 04:46:54 --> 404 Page Not Found: Assets/images
ERROR - 2018-02-27 04:46:58 --> Severity: Notice --> Undefined index: rows C:\xampp\htdocs\Gmedia\app\controllers\parameters\Email.php 32
ERROR - 2018-02-27 04:46:59 --> Severity: Notice --> Undefined index: total C:\xampp\htdocs\Gmedia\app\controllers\parameters\Email.php 52
ERROR - 2018-02-27 04:46:59 --> Severity: Notice --> Undefined index: total C:\xampp\htdocs\Gmedia\app\controllers\parameters\Email.php 53
ERROR - 2018-02-27 04:47:06 --> 404 Page Not Found: Assets/images
ERROR - 2018-02-27 04:47:11 --> Severity: Notice --> Undefined index: rows C:\xampp\htdocs\Gmedia\app\controllers\parameters\Email.php 32
ERROR - 2018-02-27 04:47:11 --> Severity: Notice --> Undefined index: total C:\xampp\htdocs\Gmedia\app\controllers\parameters\Email.php 52
ERROR - 2018-02-27 04:47:11 --> Severity: Notice --> Undefined index: total C:\xampp\htdocs\Gmedia\app\controllers\parameters\Email.php 53
ERROR - 2018-02-27 04:50:56 --> 404 Page Not Found: Assets/images
ERROR - 2018-02-27 04:51:00 --> Severity: Notice --> Undefined index: rows C:\xampp\htdocs\Gmedia\app\controllers\parameters\Email.php 32
ERROR - 2018-02-27 04:51:00 --> Severity: Notice --> Undefined index: total C:\xampp\htdocs\Gmedia\app\controllers\parameters\Email.php 52
ERROR - 2018-02-27 04:51:00 --> Severity: Notice --> Undefined index: total C:\xampp\htdocs\Gmedia\app\controllers\parameters\Email.php 53
ERROR - 2018-02-27 04:51:19 --> 404 Page Not Found: Assets/images
ERROR - 2018-02-27 04:51:23 --> Severity: Notice --> Undefined index: rows C:\xampp\htdocs\Gmedia\app\controllers\parameters\Email.php 32
ERROR - 2018-02-27 04:51:23 --> Severity: Notice --> Undefined index: total C:\xampp\htdocs\Gmedia\app\controllers\parameters\Email.php 52
ERROR - 2018-02-27 04:51:23 --> Severity: Notice --> Undefined index: total C:\xampp\htdocs\Gmedia\app\controllers\parameters\Email.php 53
ERROR - 2018-02-27 04:52:02 --> Severity: Notice --> Undefined index: rows C:\xampp\htdocs\Gmedia\app\controllers\parameters\Email.php 32
ERROR - 2018-02-27 04:52:02 --> Severity: Notice --> Undefined index: total C:\xampp\htdocs\Gmedia\app\controllers\parameters\Email.php 52
ERROR - 2018-02-27 04:52:02 --> Severity: Notice --> Undefined index: total C:\xampp\htdocs\Gmedia\app\controllers\parameters\Email.php 53
ERROR - 2018-02-27 04:52:46 --> Severity: Notice --> Undefined index: rows C:\xampp\htdocs\Gmedia\app\controllers\parameters\Email.php 32
ERROR - 2018-02-27 04:52:46 --> Severity: Notice --> Undefined index: total C:\xampp\htdocs\Gmedia\app\controllers\parameters\Email.php 52
ERROR - 2018-02-27 04:52:46 --> Severity: Notice --> Undefined index: total C:\xampp\htdocs\Gmedia\app\controllers\parameters\Email.php 53
ERROR - 2018-02-27 04:53:07 --> Query error: Unknown column 'ip' in 'field list' - Invalid query: INSERT INTO `cms_action_history` (`id`, `id_user`, `url`, `actions`, `data`, `result`, `ip`, `entry_by`, `entry_time`) VALUES ('201802270453079235', '1', 'user-management/privilege_menu', 'Save', '{\\\"menu\\\":\\\"35\\\",\\\"privilege\\\":\\\"1\\\",\\\"access\\\":\\\"1\\\"}', '{\\\"success\\\":true,\\\"title\\\":\\\"Updating Data\\\",\\\"message\\\":\\\"Data has been updated.\\\"}', '::1', '1', '2018-02-27 04:53:07')
ERROR - 2018-02-27 04:53:14 --> Query error: Unknown column 'ip' in 'field list' - Invalid query: INSERT INTO `cms_action_history` (`id`, `id_user`, `url`, `actions`, `data`, `result`, `ip`, `entry_by`, `entry_time`) VALUES ('20180227045314186', '1', 'user-management/privilege_menu', 'Save', '{\\\"menu\\\":\\\"36\\\",\\\"privilege\\\":\\\"1\\\",\\\"access\\\":\\\"1\\\"}', '{\\\"success\\\":true,\\\"title\\\":\\\"Updating Data\\\",\\\"message\\\":\\\"Data has been updated.\\\"}', '::1', '1', '2018-02-27 04:53:14')
ERROR - 2018-02-27 04:53:25 --> Query error: Unknown column 'ip' in 'field list' - Invalid query: INSERT INTO `cms_action_history` (`id`, `id_user`, `url`, `actions`, `data`, `result`, `ip`, `entry_by`, `entry_time`) VALUES ('201802270453253418', '1', 'user-management/privilege_menu', 'Save', '{\\\"menu\\\":\\\"35\\\",\\\"privilege\\\":\\\"1\\\",\\\"access\\\":\\\"1\\\"}', '{\\\"success\\\":true,\\\"title\\\":\\\"Updating Data\\\",\\\"message\\\":\\\"Data has been updated.\\\"}', '::1', '1', '2018-02-27 04:53:25')
ERROR - 2018-02-27 04:53:29 --> Query error: Unknown column 'ip' in 'field list' - Invalid query: INSERT INTO `cms_action_history` (`id`, `id_user`, `url`, `actions`, `data`, `result`, `ip`, `entry_by`, `entry_time`) VALUES ('20180227045329423', '1', 'user-management/privilege_menu', 'Save', '{\\\"menu\\\":\\\"36\\\",\\\"privilege\\\":\\\"1\\\",\\\"access\\\":\\\"1\\\"}', '{\\\"success\\\":true,\\\"title\\\":\\\"Updating Data\\\",\\\"message\\\":\\\"Data has been updated.\\\"}', '::1', '1', '2018-02-27 04:53:29')
ERROR - 2018-02-27 04:54:17 --> Severity: Notice --> Undefined index: rows C:\xampp\htdocs\Gmedia\app\controllers\parameters\Email.php 32
ERROR - 2018-02-27 04:54:17 --> Severity: Notice --> Undefined index: total C:\xampp\htdocs\Gmedia\app\controllers\parameters\Email.php 52
ERROR - 2018-02-27 04:54:17 --> Severity: Notice --> Undefined index: total C:\xampp\htdocs\Gmedia\app\controllers\parameters\Email.php 53
ERROR - 2018-02-27 04:57:38 --> Severity: Notice --> Undefined index: rows C:\xampp\htdocs\Gmedia\app\controllers\parameters\Email.php 32
ERROR - 2018-02-27 04:57:38 --> Severity: Notice --> Undefined index: total C:\xampp\htdocs\Gmedia\app\controllers\parameters\Email.php 52
ERROR - 2018-02-27 04:57:38 --> Severity: Notice --> Undefined index: total C:\xampp\htdocs\Gmedia\app\controllers\parameters\Email.php 53
ERROR - 2018-02-27 04:58:16 --> Severity: Notice --> Undefined index: rows C:\xampp\htdocs\Gmedia\app\controllers\parameters\Email.php 32
ERROR - 2018-02-27 04:58:16 --> Severity: Notice --> Undefined index: total C:\xampp\htdocs\Gmedia\app\controllers\parameters\Email.php 52
ERROR - 2018-02-27 04:58:16 --> Severity: Notice --> Undefined index: total C:\xampp\htdocs\Gmedia\app\controllers\parameters\Email.php 53
ERROR - 2018-02-27 05:03:57 --> Severity: Notice --> Undefined index: host C:\xampp\htdocs\Gmedia\app\controllers\parameters\Email.php 37
ERROR - 2018-02-27 05:03:57 --> Severity: Notice --> Undefined index: port C:\xampp\htdocs\Gmedia\app\controllers\parameters\Email.php 38
ERROR - 2018-02-27 05:03:57 --> Severity: Notice --> Undefined index: status C:\xampp\htdocs\Gmedia\app\controllers\parameters\Email.php 39
ERROR - 2018-02-27 05:03:57 --> Severity: Notice --> Undefined index: total C:\xampp\htdocs\Gmedia\app\controllers\parameters\Email.php 52
ERROR - 2018-02-27 05:03:57 --> Severity: Notice --> Undefined index: total C:\xampp\htdocs\Gmedia\app\controllers\parameters\Email.php 53
ERROR - 2018-02-27 05:08:14 --> Severity: Notice --> Undefined index: total C:\xampp\htdocs\Gmedia\app\controllers\parameters\Email.php 52
ERROR - 2018-02-27 05:08:14 --> Severity: Notice --> Undefined index: total C:\xampp\htdocs\Gmedia\app\controllers\parameters\Email.php 53
ERROR - 2018-02-27 05:11:42 --> 404 Page Not Found: parameters/Email/getEmailData
ERROR - 2018-02-27 05:15:45 --> 404 Page Not Found: parameters/Email/getEmailData
ERROR - 2018-02-27 07:23:01 --> Severity: Error --> Call to undefined method CI_Input::is_ajax_reques() C:\xampp\htdocs\Gmedia\app\core\MY_Controller_Admin.php 44
ERROR - 2018-02-27 07:48:29 --> Severity: Parsing Error --> syntax error, unexpected '$paramsAct' (T_VARIABLE) C:\xampp\htdocs\Gmedia\app\controllers\parameters\Email.php 104
ERROR - 2018-02-27 07:48:59 --> Severity: Parsing Error --> syntax error, unexpected ''result'' (T_CONSTANT_ENCAPSED_STRING), expecting ')' C:\xampp\htdocs\Gmedia\app\controllers\parameters\Email.php 140
ERROR - 2018-02-27 07:55:49 --> Query error: Unknown column 'ip' in 'field list' - Invalid query: INSERT INTO `cms_action_history` (`id`, `id_user`, `url`, `actions`, `data`, `result`, `ip`, `entry_by`, `entry_time`) VALUES ('201802270755490201', '1', 'parameters/email', 'Update', '{\\\"id\\\":\\\"\\\",\\\"name\\\":\\\"ghazi\\\",\\\"email_user\\\":\\\"ghazi@media.com\\\",\\\"email_pass\\\":\\\"ghazimedia\\\",\\\"host\\\":\\\"gmgm\\\",\\\"port\\\":\\\"80\\\",\\\"status\\\":\\\"1\\\"}', '{\\\"id\\\":4,\\\"success\\\":true,\\\"title\\\":\\\"Saving Data\\\",\\\"message\\\":\\\"Data has been saved.\\\"}', '::1', '1', '2018-02-27 07:55:49')
ERROR - 2018-02-27 07:56:54 --> Query error: Unknown column 'ip' in 'field list' - Invalid query: INSERT INTO `cms_action_history` (`id`, `id_user`, `url`, `actions`, `data`, `result`, `ip`, `entry_by`, `entry_time`) VALUES ('201802270756549275', '1', 'parameters/email', 'Update', '{\\\"id\\\":\\\"4\\\",\\\"name\\\":\\\"ghazi\\\",\\\"email_user\\\":\\\"ghazi@media.com\\\",\\\"email_pass\\\":\\\"Z2hhemltZWRpYQ==\\\",\\\"host\\\":\\\"gmgm\\\",\\\"port\\\":\\\"8080\\\",\\\"status\\\":\\\"1\\\"}', '{\\\"success\\\":true,\\\"title\\\":\\\"Updating Data\\\",\\\"message\\\":\\\"Data has been updated.\\\"}', '::1', '1', '2018-02-27 07:56:54')
ERROR - 2018-02-27 07:57:03 --> Query error: Unknown column 'ip' in 'field list' - Invalid query: INSERT INTO `cms_action_history` (`id`, `id_user`, `url`, `actions`, `data`, `result`, `ip`, `entry_by`, `entry_time`) VALUES ('201802270757038891', '1', 'parameters/email', 'Update', '{\\\"id\\\":\\\"4\\\",\\\"name\\\":\\\"ghazi\\\",\\\"email_user\\\":\\\"ghazi@media.com\\\",\\\"email_pass\\\":\\\"WjJoaGVtbHRaV1JwWVE9PQ==\\\",\\\"host\\\":\\\"gmgm\\\",\\\"port\\\":\\\"8080\\\",\\\"status\\\":\\\"0\\\"}', '{\\\"success\\\":true,\\\"title\\\":\\\"Updating Data\\\",\\\"message\\\":\\\"Data has been updated.\\\"}', '::1', '1', '2018-02-27 07:57:03')
ERROR - 2018-02-27 07:57:16 --> Query error: Unknown column 'ip' in 'field list' - Invalid query: INSERT INTO `cms_action_history` (`id`, `id_user`, `url`, `actions`, `data`, `result`, `ip`, `entry_by`, `entry_time`) VALUES ('201802270757161007', '1', 'parameters/email', 'Update', '{\\\"id\\\":\\\"4\\\",\\\"name\\\":\\\"ghazioo\\\",\\\"email_user\\\":\\\"ghazi@media.com\\\",\\\"email_pass\\\":\\\"V2pKb2FHVnRiSFJhVjFKd1dWRTlQUT09\\\",\\\"host\\\":\\\"gmgm\\\",\\\"port\\\":\\\"8080\\\",\\\"status\\\":\\\"0\\\"}', '{\\\"success\\\":true,\\\"title\\\":\\\"Updating Data\\\",\\\"message\\\":\\\"Data has been updated.\\\"}', '::1', '1', '2018-02-27 07:57:16')
ERROR - 2018-02-27 07:57:48 --> Query error: Unknown column 'ip' in 'field list' - Invalid query: INSERT INTO `cms_action_history` (`id`, `id_user`, `url`, `actions`, `data`, `result`, `ip`, `entry_by`, `entry_time`) VALUES ('201802270757488628', '1', 'parameters/email', 'Update', '{\\\"id\\\":\\\"\\\",\\\"name\\\":\\\"mata\\\",\\\"email_user\\\":\\\"mata@mata.net\\\",\\\"email_pass\\\":\\\"mata\\\",\\\"host\\\":\\\"mail.mata\\\",\\\"port\\\":\\\"8781\\\",\\\"status\\\":\\\"1\\\"}', '{\\\"id\\\":5,\\\"success\\\":true,\\\"title\\\":\\\"Saving Data\\\",\\\"message\\\":\\\"Data has been saved.\\\"}', '::1', '1', '2018-02-27 07:57:48')
ERROR - 2018-02-27 07:58:13 --> Severity: Notice --> Undefined index: actions C:\xampp\htdocs\Gmedia\app\core\MY_Controller.php 48
ERROR - 2018-02-27 07:58:13 --> Query error: Unknown column 'ip' in 'field list' - Invalid query: INSERT INTO `cms_action_history` (`id`, `id_user`, `url`, `actions`, `data`, `result`, `ip`, `entry_by`, `entry_time`) VALUES ('201802270758138868', '1', 'parameters/email', '', '{\\\"id\\\":\\\"5\\\"}', '{\\\"success\\\":true,\\\"title\\\":\\\"Deleting Data\\\",\\\"message\\\":\\\"Data has been deleted.\\\"}', '::1', '1', '2018-02-27 07:58:13')
ERROR - 2018-02-27 07:59:43 --> Query error: Unknown column 'ip' in 'field list' - Invalid query: INSERT INTO `cms_action_history` (`id`, `id_user`, `url`, `actions`, `data`, `result`, `ip`, `entry_by`, `entry_time`) VALUES ('201802270759436823', '1', 'parameters/email', 'Update', '{\\\"id\\\":\\\"\\\",\\\"name\\\":\\\"zzzzz\\\",\\\"email_user\\\":\\\"zzzzzzzz@asd.co\\\",\\\"email_pass\\\":\\\"aaaaa\\\",\\\"host\\\":\\\"zzzz\\\",\\\"port\\\":\\\"zz\\\",\\\"status\\\":\\\"0\\\"}', '{\\\"id\\\":6,\\\"success\\\":true,\\\"title\\\":\\\"Saving Data\\\",\\\"message\\\":\\\"Data has been saved.\\\"}', '::1', '1', '2018-02-27 07:59:43')
ERROR - 2018-02-27 07:59:53 --> Severity: Notice --> Undefined index: actions C:\xampp\htdocs\Gmedia\app\core\MY_Controller.php 48
ERROR - 2018-02-27 07:59:53 --> Query error: Unknown column 'ip' in 'field list' - Invalid query: INSERT INTO `cms_action_history` (`id`, `id_user`, `url`, `actions`, `data`, `result`, `ip`, `entry_by`, `entry_time`) VALUES ('201802270759530328', '1', 'parameters/email', '', '{\\\"id\\\":\\\"6\\\"}', '{\\\"success\\\":true,\\\"title\\\":\\\"Deleting Data\\\",\\\"message\\\":\\\"Data has been deleted.\\\"}', '::1', '1', '2018-02-27 07:59:53')
ERROR - 2018-02-27 08:02:02 --> Severity: Notice --> Undefined index: actions C:\xampp\htdocs\Gmedia\app\core\MY_Controller.php 48
ERROR - 2018-02-27 08:02:02 --> Query error: Unknown column 'ip' in 'field list' - Invalid query: INSERT INTO `cms_action_history` (`id`, `id_user`, `url`, `actions`, `data`, `result`, `ip`, `entry_by`, `entry_time`) VALUES ('201802270802027609', '1', 'parameters/email', '', '{\\\"id\\\":\\\"5\\\"}', '{\\\"success\\\":true,\\\"title\\\":\\\"Deleting Data\\\",\\\"message\\\":\\\"Data has been deleted.\\\"}', '::1', '1', '2018-02-27 08:02:02')
ERROR - 2018-02-27 08:03:47 --> Query error: Unknown column 'ip' in 'field list' - Invalid query: INSERT INTO `cms_action_history` (`id`, `id_user`, `url`, `actions`, `data`, `result`, `ip`, `entry_by`, `entry_time`) VALUES ('201802270803472662', '1', 'parameters/email', 'Delete', '{\\\"id\\\":\\\"6\\\"}', '{\\\"success\\\":true,\\\"title\\\":\\\"Deleting Data\\\",\\\"message\\\":\\\"Data has been deleted.\\\"}', '::1', '1', '2018-02-27 08:03:47')
ERROR - 2018-02-27 08:05:58 --> 404 Page Not Found: parameters/Emailtemplate/index
ERROR - 2018-02-27 08:07:19 --> 404 Page Not Found: parameters/Emailtemplate/index
ERROR - 2018-02-27 09:09:49 --> Severity: Parsing Error --> syntax error, unexpected ',' C:\xampp\htdocs\Gmedia\app\models\backend\parameters\Model_email_template.php 85
ERROR - 2018-02-27 09:11:02 --> Severity: Notice --> Undefined variable: data C:\xampp\htdocs\Gmedia\app\controllers\parameters\Emailtemplate.php 22
ERROR - 2018-02-27 09:11:02 --> Severity: Error --> Cannot access empty property C:\xampp\htdocs\Gmedia\app\controllers\parameters\Emailtemplate.php 22
ERROR - 2018-02-27 09:14:04 --> Severity: Notice --> Undefined variable: data C:\xampp\htdocs\Gmedia\app\controllers\parameters\Emailtemplate.php 22
ERROR - 2018-02-27 09:14:04 --> Severity: Error --> Cannot access empty property C:\xampp\htdocs\Gmedia\app\controllers\parameters\Emailtemplate.php 22
ERROR - 2018-02-27 09:17:49 --> Severity: Notice --> Undefined variable: data C:\xampp\htdocs\Gmedia\app\controllers\parameters\Emailtemplate.php 22
ERROR - 2018-02-27 09:17:49 --> Severity: Error --> Cannot access empty property C:\xampp\htdocs\Gmedia\app\controllers\parameters\Emailtemplate.php 22
ERROR - 2018-02-27 09:18:23 --> Severity: Notice --> Undefined variable: emails C:\xampp\htdocs\Gmedia\app\views\backend\metronic\parameters\view_email_template.php 53
ERROR - 2018-02-27 09:18:23 --> Severity: Notice --> Undefined variable: emails C:\xampp\htdocs\Gmedia\app\views\backend\metronic\parameters\view_email_template.php 112
ERROR - 2018-02-27 09:18:30 --> 404 Page Not Found: parameters/Email_template/loadEmail_Template
ERROR - 2018-02-27 09:19:55 --> Severity: Notice --> Undefined variable: emails C:\xampp\htdocs\Gmedia\app\views\backend\metronic\parameters\view_email_template.php 53
ERROR - 2018-02-27 09:19:55 --> Severity: Notice --> Undefined variable: emails C:\xampp\htdocs\Gmedia\app\views\backend\metronic\parameters\view_email_template.php 112
ERROR - 2018-02-27 09:20:01 --> 404 Page Not Found: parameters/Email_template/loadEmail_Template
ERROR - 2018-02-27 09:48:53 --> Severity: Notice --> Undefined variable: emails C:\xampp\htdocs\Gmedia\app\views\backend\metronic\parameters\view_email_template.php 53
ERROR - 2018-02-27 09:48:53 --> Severity: Notice --> Undefined variable: emails C:\xampp\htdocs\Gmedia\app\views\backend\metronic\parameters\view_email_template.php 112
ERROR - 2018-02-27 09:48:59 --> 404 Page Not Found: parameters/Email_template/loadEmail_Template
ERROR - 2018-02-27 09:50:48 --> Severity: Notice --> Undefined variable: emails C:\xampp\htdocs\Gmedia\app\views\backend\metronic\parameters\view_email_template.php 53
ERROR - 2018-02-27 09:50:48 --> Severity: Notice --> Undefined variable: emails C:\xampp\htdocs\Gmedia\app\views\backend\metronic\parameters\view_email_template.php 112
ERROR - 2018-02-27 09:50:54 --> 404 Page Not Found: parameters/Email_template/loadEmail_Template
ERROR - 2018-02-27 09:56:20 --> Severity: Notice --> Undefined variable: emails C:\xampp\htdocs\Gmedia\app\views\backend\metronic\parameters\view_email_template.php 53
ERROR - 2018-02-27 09:56:20 --> Severity: Notice --> Undefined variable: emails C:\xampp\htdocs\Gmedia\app\views\backend\metronic\parameters\view_email_template.php 112
ERROR - 2018-02-27 09:56:25 --> 404 Page Not Found: parameters/Email_template/loadEmail_Template
ERROR - 2018-02-27 09:57:09 --> 404 Page Not Found: parameters/Emailtemplate/index
ERROR - 2018-02-27 09:57:43 --> Query error: Unknown column 'ip' in 'field list' - Invalid query: INSERT INTO `cms_action_history` (`id`, `id_user`, `url`, `actions`, `data`, `result`, `ip`, `entry_by`, `entry_time`) VALUES ('201802270957436376', '1', 'user-management/privilege_menu', 'Update', '{\\\"id\\\":\\\"36\\\",\\\"name\\\":\\\"Email Templates\\\",\\\"description\\\":\\\"\\\",\\\"url\\\":\\\"parameters\\\\/email_template\\\",\\\"icon\\\":\\\"icon-envelope-letter\\\",\\\"parent\\\":\\\"5\\\",\\\"status\\\":\\\"1\\\"}', '{\\\"success\\\":true,\\\"title\\\":\\\"Updating Data\\\",\\\"message\\\":\\\"Data has been updated.\\\"}', '::1', '1', '2018-02-27 09:57:43')
ERROR - 2018-02-27 09:58:01 --> Severity: Notice --> Undefined variable: emails C:\xampp\htdocs\Gmedia\app\views\backend\metronic\parameters\view_email_template.php 53
ERROR - 2018-02-27 09:58:01 --> Severity: Notice --> Undefined variable: emails C:\xampp\htdocs\Gmedia\app\views\backend\metronic\parameters\view_email_template.php 112
ERROR - 2018-02-27 09:58:07 --> Severity: Notice --> Undefined property: email_template::$dbCsm C:\xampp\htdocs\Gmedia\sys_ci_3.0\core\Model.php 77
ERROR - 2018-02-27 09:58:07 --> Severity: Error --> Call to a member function where() on a non-object C:\xampp\htdocs\Gmedia\app\models\backend\parameters\Model_email_template.php 78
ERROR - 2018-02-27 10:00:11 --> Severity: Notice --> Undefined variable: emails C:\xampp\htdocs\Gmedia\app\views\backend\metronic\parameters\view_email_template.php 53
ERROR - 2018-02-27 10:00:11 --> Severity: Notice --> Undefined variable: emails C:\xampp\htdocs\Gmedia\app\views\backend\metronic\parameters\view_email_template.php 112
ERROR - 2018-02-27 10:00:18 --> Severity: Notice --> Undefined index: statu C:\xampp\htdocs\Gmedia\app\models\backend\parameters\Model_email_template.php 99
ERROR - 2018-02-27 10:00:18 --> Severity: Notice --> Undefined index: statu C:\xampp\htdocs\Gmedia\app\models\backend\parameters\Model_email_template.php 99
ERROR - 2018-02-27 10:00:18 --> Severity: Notice --> Undefined index: statu C:\xampp\htdocs\Gmedia\app\models\backend\parameters\Model_email_template.php 99
ERROR - 2018-02-27 10:00:18 --> Severity: Notice --> Undefined index: statu C:\xampp\htdocs\Gmedia\app\models\backend\parameters\Model_email_template.php 99
ERROR - 2018-02-27 10:01:03 --> Severity: Notice --> Undefined variable: emails C:\xampp\htdocs\Gmedia\app\views\backend\metronic\parameters\view_email_template.php 53
ERROR - 2018-02-27 10:01:03 --> Severity: Notice --> Undefined variable: emails C:\xampp\htdocs\Gmedia\app\views\backend\metronic\parameters\view_email_template.php 112
ERROR - 2018-02-27 10:01:58 --> 404 Page Not Found: parameters/Email_template/getEmail_TemplateData
ERROR - 2018-02-27 11:05:47 --> Severity: Parsing Error --> syntax error, unexpected '$this' (T_VARIABLE) C:\xampp\htdocs\Gmedia\app\controllers\parameters\Email_template.php 103
ERROR - 2018-02-27 11:06:09 --> Severity: Parsing Error --> syntax error, unexpected '$this' (T_VARIABLE) C:\xampp\htdocs\Gmedia\app\controllers\parameters\Email_template.php 112
ERROR - 2018-02-27 11:06:40 --> Severity: Parsing Error --> syntax error, unexpected ')' C:\xampp\htdocs\Gmedia\app\controllers\parameters\Email_template.php 135
ERROR - 2018-02-27 11:07:44 --> Severity: Parsing Error --> syntax error, unexpected ';' C:\xampp\htdocs\Gmedia\app\controllers\parameters\Email_template.php 135
ERROR - 2018-02-27 11:09:48 --> Severity: Notice --> Undefined variable: emails C:\xampp\htdocs\Gmedia\app\views\backend\metronic\parameters\view_email_template.php 53
ERROR - 2018-02-27 11:09:48 --> Severity: Notice --> Undefined variable: emails C:\xampp\htdocs\Gmedia\app\views\backend\metronic\parameters\view_email_template.php 112
