ERROR - 2018-03-07 02:45:00 --> 404 Page Not Found: Faviconico/index
ERROR - 2018-03-07 04:00:14 --> Severity: Parsing Error --> syntax error, unexpected '$result' (T_VARIABLE) C:\xampp\htdocs\Gmedia\app\controllers\management-content\Content.php 45
ERROR - 2018-03-07 04:00:32 --> Severity: Notice --> Undefined variable: games C:\xampp\htdocs\Gmedia\app\views\backend\metronic\management-content\view_contents.php 53
ERROR - 2018-03-07 04:00:32 --> Severity: Warning --> Invalid argument supplied for foreach() C:\xampp\htdocs\Gmedia\app\views\backend\metronic\management-content\view_contents.php 53
ERROR - 2018-03-07 04:00:32 --> Severity: Notice --> Undefined variable: content_types C:\xampp\htdocs\Gmedia\app\views\backend\metronic\management-content\view_contents.php 61
ERROR - 2018-03-07 04:00:32 --> Severity: Warning --> Invalid argument supplied for foreach() C:\xampp\htdocs\Gmedia\app\views\backend\metronic\management-content\view_contents.php 61
ERROR - 2018-03-07 04:00:32 --> Severity: Notice --> Undefined variable: games C:\xampp\htdocs\Gmedia\app\views\backend\metronic\management-content\view_contents.php 120
ERROR - 2018-03-07 04:00:32 --> Severity: Warning --> Invalid argument supplied for foreach() C:\xampp\htdocs\Gmedia\app\views\backend\metronic\management-content\view_contents.php 120
ERROR - 2018-03-07 04:00:32 --> Severity: Notice --> Undefined variable: content_types C:\xampp\htdocs\Gmedia\app\views\backend\metronic\management-content\view_contents.php 134
ERROR - 2018-03-07 04:00:32 --> Severity: Warning --> Invalid argument supplied for foreach() C:\xampp\htdocs\Gmedia\app\views\backend\metronic\management-content\view_contents.php 134
ERROR - 2018-03-07 04:00:33 --> 404 Page Not Found: Assets/js
ERROR - 2018-03-07 04:00:34 --> 404 Page Not Found: Assets/js
ERROR - 2018-03-07 04:00:35 --> 404 Page Not Found: Content_management/contents
ERROR - 2018-03-07 04:03:41 --> Severity: Notice --> Undefined variable: games C:\xampp\htdocs\Gmedia\app\views\backend\metronic\management-content\view_contents.php 54
ERROR - 2018-03-07 04:03:41 --> Severity: Warning --> Invalid argument supplied for foreach() C:\xampp\htdocs\Gmedia\app\views\backend\metronic\management-content\view_contents.php 54
ERROR - 2018-03-07 04:03:41 --> Severity: Notice --> Undefined variable: content_types C:\xampp\htdocs\Gmedia\app\views\backend\metronic\management-content\view_contents.php 62
ERROR - 2018-03-07 04:03:42 --> Severity: Warning --> Invalid argument supplied for foreach() C:\xampp\htdocs\Gmedia\app\views\backend\metronic\management-content\view_contents.php 62
ERROR - 2018-03-07 04:03:42 --> Severity: Notice --> Undefined variable: games C:\xampp\htdocs\Gmedia\app\views\backend\metronic\management-content\view_contents.php 121
ERROR - 2018-03-07 04:03:42 --> Severity: Warning --> Invalid argument supplied for foreach() C:\xampp\htdocs\Gmedia\app\views\backend\metronic\management-content\view_contents.php 121
ERROR - 2018-03-07 04:03:42 --> Severity: Notice --> Undefined variable: content_types C:\xampp\htdocs\Gmedia\app\views\backend\metronic\management-content\view_contents.php 135
ERROR - 2018-03-07 04:03:42 --> Severity: Warning --> Invalid argument supplied for foreach() C:\xampp\htdocs\Gmedia\app\views\backend\metronic\management-content\view_contents.php 135
ERROR - 2018-03-07 04:03:45 --> 404 Page Not Found: Assets/js
ERROR - 2018-03-07 04:03:48 --> 404 Page Not Found: Assets/js
ERROR - 2018-03-07 04:03:50 --> 404 Page Not Found: Content_management/contents
ERROR - 2018-03-07 04:06:44 --> Severity: Notice --> Undefined variable: games C:\xampp\htdocs\Gmedia\app\views\backend\metronic\management-content\view_contents.php 55
ERROR - 2018-03-07 04:06:44 --> Severity: Warning --> Invalid argument supplied for foreach() C:\xampp\htdocs\Gmedia\app\views\backend\metronic\management-content\view_contents.php 55
ERROR - 2018-03-07 04:06:44 --> Severity: Notice --> Undefined variable: content_types C:\xampp\htdocs\Gmedia\app\views\backend\metronic\management-content\view_contents.php 63
ERROR - 2018-03-07 04:06:44 --> Severity: Warning --> Invalid argument supplied for foreach() C:\xampp\htdocs\Gmedia\app\views\backend\metronic\management-content\view_contents.php 63
ERROR - 2018-03-07 04:06:44 --> Severity: Notice --> Undefined variable: games C:\xampp\htdocs\Gmedia\app\views\backend\metronic\management-content\view_contents.php 122
ERROR - 2018-03-07 04:06:44 --> Severity: Warning --> Invalid argument supplied for foreach() C:\xampp\htdocs\Gmedia\app\views\backend\metronic\management-content\view_contents.php 122
ERROR - 2018-03-07 04:06:44 --> Severity: Notice --> Undefined variable: content_types C:\xampp\htdocs\Gmedia\app\views\backend\metronic\management-content\view_contents.php 136
ERROR - 2018-03-07 04:06:44 --> Severity: Warning --> Invalid argument supplied for foreach() C:\xampp\htdocs\Gmedia\app\views\backend\metronic\management-content\view_contents.php 136
ERROR - 2018-03-07 04:06:45 --> 404 Page Not Found: Assets/js
ERROR - 2018-03-07 04:06:48 --> 404 Page Not Found: Assets/js
ERROR - 2018-03-07 04:07:46 --> Severity: Notice --> Undefined variable: games C:\xampp\htdocs\Gmedia\app\views\backend\metronic\management-content\view_contents.php 55
ERROR - 2018-03-07 04:07:46 --> Severity: Warning --> Invalid argument supplied for foreach() C:\xampp\htdocs\Gmedia\app\views\backend\metronic\management-content\view_contents.php 55
ERROR - 2018-03-07 04:07:46 --> Severity: Notice --> Undefined variable: content_types C:\xampp\htdocs\Gmedia\app\views\backend\metronic\management-content\view_contents.php 63
ERROR - 2018-03-07 04:07:46 --> Severity: Warning --> Invalid argument supplied for foreach() C:\xampp\htdocs\Gmedia\app\views\backend\metronic\management-content\view_contents.php 63
ERROR - 2018-03-07 04:07:46 --> Severity: Notice --> Undefined variable: games C:\xampp\htdocs\Gmedia\app\views\backend\metronic\management-content\view_contents.php 122
ERROR - 2018-03-07 04:07:46 --> Severity: Warning --> Invalid argument supplied for foreach() C:\xampp\htdocs\Gmedia\app\views\backend\metronic\management-content\view_contents.php 122
ERROR - 2018-03-07 04:07:46 --> Severity: Notice --> Undefined variable: content_types C:\xampp\htdocs\Gmedia\app\views\backend\metronic\management-content\view_contents.php 136
ERROR - 2018-03-07 04:07:47 --> Severity: Warning --> Invalid argument supplied for foreach() C:\xampp\htdocs\Gmedia\app\views\backend\metronic\management-content\view_contents.php 136
ERROR - 2018-03-07 04:07:48 --> 404 Page Not Found: Assets/js
ERROR - 2018-03-07 04:07:50 --> 404 Page Not Found: Assets/js
ERROR - 2018-03-07 04:08:54 --> Severity: Notice --> Undefined variable: games C:\xampp\htdocs\Gmedia\app\views\backend\metronic\management-content\view_contents.php 55
ERROR - 2018-03-07 04:08:54 --> Severity: Warning --> Invalid argument supplied for foreach() C:\xampp\htdocs\Gmedia\app\views\backend\metronic\management-content\view_contents.php 55
ERROR - 2018-03-07 04:08:55 --> Severity: Notice --> Undefined variable: content_types C:\xampp\htdocs\Gmedia\app\views\backend\metronic\management-content\view_contents.php 63
ERROR - 2018-03-07 04:08:55 --> Severity: Warning --> Invalid argument supplied for foreach() C:\xampp\htdocs\Gmedia\app\views\backend\metronic\management-content\view_contents.php 63
ERROR - 2018-03-07 04:08:55 --> Severity: Notice --> Undefined variable: games C:\xampp\htdocs\Gmedia\app\views\backend\metronic\management-content\view_contents.php 122
ERROR - 2018-03-07 04:08:55 --> Severity: Warning --> Invalid argument supplied for foreach() C:\xampp\htdocs\Gmedia\app\views\backend\metronic\management-content\view_contents.php 122
ERROR - 2018-03-07 04:08:55 --> Severity: Notice --> Undefined variable: content_types C:\xampp\htdocs\Gmedia\app\views\backend\metronic\management-content\view_contents.php 136
ERROR - 2018-03-07 04:08:55 --> Severity: Warning --> Invalid argument supplied for foreach() C:\xampp\htdocs\Gmedia\app\views\backend\metronic\management-content\view_contents.php 136
ERROR - 2018-03-07 04:08:56 --> 404 Page Not Found: Assets/js
ERROR - 2018-03-07 04:08:58 --> 404 Page Not Found: Assets/js
ERROR - 2018-03-07 04:11:22 --> Severity: Notice --> Undefined variable: content_types C:\xampp\htdocs\Gmedia\app\views\backend\metronic\management-content\view_contents.php 63
ERROR - 2018-03-07 04:11:22 --> Severity: Warning --> Invalid argument supplied for foreach() C:\xampp\htdocs\Gmedia\app\views\backend\metronic\management-content\view_contents.php 63
ERROR - 2018-03-07 04:11:22 --> Severity: Notice --> Undefined variable: games C:\xampp\htdocs\Gmedia\app\views\backend\metronic\management-content\view_contents.php 122
ERROR - 2018-03-07 04:11:22 --> Severity: Warning --> Invalid argument supplied for foreach() C:\xampp\htdocs\Gmedia\app\views\backend\metronic\management-content\view_contents.php 122
ERROR - 2018-03-07 04:11:22 --> Severity: Notice --> Undefined variable: content_types C:\xampp\htdocs\Gmedia\app\views\backend\metronic\management-content\view_contents.php 136
ERROR - 2018-03-07 04:11:23 --> Severity: Warning --> Invalid argument supplied for foreach() C:\xampp\htdocs\Gmedia\app\views\backend\metronic\management-content\view_contents.php 136
ERROR - 2018-03-07 04:11:24 --> 404 Page Not Found: Assets/js
ERROR - 2018-03-07 04:11:27 --> 404 Page Not Found: Assets/js
ERROR - 2018-03-07 04:12:55 --> Severity: Notice --> Undefined variable: games C:\xampp\htdocs\Gmedia\app\views\backend\metronic\management-content\view_contents.php 116
ERROR - 2018-03-07 04:12:55 --> Severity: Warning --> Invalid argument supplied for foreach() C:\xampp\htdocs\Gmedia\app\views\backend\metronic\management-content\view_contents.php 116
ERROR - 2018-03-07 04:12:55 --> Severity: Notice --> Undefined variable: content_types C:\xampp\htdocs\Gmedia\app\views\backend\metronic\management-content\view_contents.php 130
ERROR - 2018-03-07 04:12:55 --> Severity: Warning --> Invalid argument supplied for foreach() C:\xampp\htdocs\Gmedia\app\views\backend\metronic\management-content\view_contents.php 130
ERROR - 2018-03-07 04:12:56 --> 404 Page Not Found: Assets/js
ERROR - 2018-03-07 04:12:58 --> 404 Page Not Found: Assets/js
ERROR - 2018-03-07 04:13:00 --> 404 Page Not Found: Content_management/contents
ERROR - 2018-03-07 04:15:00 --> Severity: Notice --> Undefined index: code C:\xampp\htdocs\Gmedia\app\views\backend\metronic\management-content\view_contents.php 66
ERROR - 2018-03-07 04:15:00 --> Severity: Notice --> Undefined index: code C:\xampp\htdocs\Gmedia\app\views\backend\metronic\management-content\view_contents.php 66
ERROR - 2018-03-07 04:15:00 --> Severity: Notice --> Undefined index: code C:\xampp\htdocs\Gmedia\app\views\backend\metronic\management-content\view_contents.php 66
ERROR - 2018-03-07 04:15:00 --> Severity: Notice --> Undefined index: code C:\xampp\htdocs\Gmedia\app\views\backend\metronic\management-content\view_contents.php 66
ERROR - 2018-03-07 04:15:00 --> Severity: Notice --> Undefined variable: games C:\xampp\htdocs\Gmedia\app\views\backend\metronic\management-content\view_contents.php 121
ERROR - 2018-03-07 04:15:00 --> Severity: Warning --> Invalid argument supplied for foreach() C:\xampp\htdocs\Gmedia\app\views\backend\metronic\management-content\view_contents.php 121
ERROR - 2018-03-07 04:15:00 --> Severity: Notice --> Undefined variable: content_types C:\xampp\htdocs\Gmedia\app\views\backend\metronic\management-content\view_contents.php 135
ERROR - 2018-03-07 04:15:00 --> Severity: Warning --> Invalid argument supplied for foreach() C:\xampp\htdocs\Gmedia\app\views\backend\metronic\management-content\view_contents.php 135
ERROR - 2018-03-07 04:15:01 --> 404 Page Not Found: Assets/js
ERROR - 2018-03-07 04:15:04 --> 404 Page Not Found: Assets/js
ERROR - 2018-03-07 04:15:05 --> 404 Page Not Found: Content_management/contents
ERROR - 2018-03-07 04:15:51 --> Severity: Notice --> Undefined index: code C:\xampp\htdocs\Gmedia\app\views\backend\metronic\management-content\view_contents.php 64
ERROR - 2018-03-07 04:15:51 --> Severity: Notice --> Undefined index: code C:\xampp\htdocs\Gmedia\app\views\backend\metronic\management-content\view_contents.php 64
ERROR - 2018-03-07 04:15:51 --> Severity: Notice --> Undefined index: code C:\xampp\htdocs\Gmedia\app\views\backend\metronic\management-content\view_contents.php 64
ERROR - 2018-03-07 04:15:52 --> Severity: Notice --> Undefined index: code C:\xampp\htdocs\Gmedia\app\views\backend\metronic\management-content\view_contents.php 64
ERROR - 2018-03-07 04:15:52 --> Severity: Notice --> Undefined variable: games C:\xampp\htdocs\Gmedia\app\views\backend\metronic\management-content\view_contents.php 121
ERROR - 2018-03-07 04:15:52 --> Severity: Warning --> Invalid argument supplied for foreach() C:\xampp\htdocs\Gmedia\app\views\backend\metronic\management-content\view_contents.php 121
ERROR - 2018-03-07 04:15:52 --> Severity: Notice --> Undefined variable: content_types C:\xampp\htdocs\Gmedia\app\views\backend\metronic\management-content\view_contents.php 135
ERROR - 2018-03-07 04:15:52 --> Severity: Warning --> Invalid argument supplied for foreach() C:\xampp\htdocs\Gmedia\app\views\backend\metronic\management-content\view_contents.php 135
ERROR - 2018-03-07 04:15:53 --> 404 Page Not Found: Assets/js
ERROR - 2018-03-07 04:15:56 --> 404 Page Not Found: Assets/js
ERROR - 2018-03-07 04:15:57 --> 404 Page Not Found: Content_management/contents
ERROR - 2018-03-07 04:17:17 --> Severity: Notice --> Undefined variable: games C:\xampp\htdocs\Gmedia\app\views\backend\metronic\management-content\view_contents.php 121
ERROR - 2018-03-07 04:17:17 --> Severity: Warning --> Invalid argument supplied for foreach() C:\xampp\htdocs\Gmedia\app\views\backend\metronic\management-content\view_contents.php 121
ERROR - 2018-03-07 04:17:17 --> Severity: Notice --> Undefined variable: content_types C:\xampp\htdocs\Gmedia\app\views\backend\metronic\management-content\view_contents.php 135
ERROR - 2018-03-07 04:17:17 --> Severity: Warning --> Invalid argument supplied for foreach() C:\xampp\htdocs\Gmedia\app\views\backend\metronic\management-content\view_contents.php 135
ERROR - 2018-03-07 04:17:18 --> 404 Page Not Found: Assets/js
ERROR - 2018-03-07 04:17:21 --> 404 Page Not Found: Assets/js
ERROR - 2018-03-07 04:17:22 --> 404 Page Not Found: Content_management/contents
ERROR - 2018-03-07 04:17:23 --> 404 Page Not Found: Content_management/contents
ERROR - 2018-03-07 04:18:06 --> Severity: Notice --> Undefined index: code C:\xampp\htdocs\Gmedia\app\models\backend\master-management\Model_countries.php 148
ERROR - 2018-03-07 04:18:06 --> Severity: Notice --> Undefined index: code C:\xampp\htdocs\Gmedia\app\models\backend\master-management\Model_countries.php 148
ERROR - 2018-03-07 04:18:06 --> Severity: Notice --> Undefined index: code C:\xampp\htdocs\Gmedia\app\models\backend\master-management\Model_countries.php 148
ERROR - 2018-03-07 04:18:06 --> Severity: Notice --> Undefined index: code C:\xampp\htdocs\Gmedia\app\models\backend\master-management\Model_countries.php 148
ERROR - 2018-03-07 04:18:06 --> Severity: Notice --> Undefined variable: games C:\xampp\htdocs\Gmedia\app\views\backend\metronic\management-content\view_contents.php 121
ERROR - 2018-03-07 04:18:06 --> Severity: Warning --> Invalid argument supplied for foreach() C:\xampp\htdocs\Gmedia\app\views\backend\metronic\management-content\view_contents.php 121
ERROR - 2018-03-07 04:18:06 --> Severity: Notice --> Undefined variable: content_types C:\xampp\htdocs\Gmedia\app\views\backend\metronic\management-content\view_contents.php 135
ERROR - 2018-03-07 04:18:06 --> Severity: Warning --> Invalid argument supplied for foreach() C:\xampp\htdocs\Gmedia\app\views\backend\metronic\management-content\view_contents.php 135
ERROR - 2018-03-07 04:18:07 --> 404 Page Not Found: Assets/js
ERROR - 2018-03-07 04:18:10 --> 404 Page Not Found: Assets/js
ERROR - 2018-03-07 04:18:11 --> 404 Page Not Found: Content_management/contents
ERROR - 2018-03-07 04:19:29 --> Severity: Notice --> Undefined variable: games C:\xampp\htdocs\Gmedia\app\views\backend\metronic\management-content\view_contents.php 121
ERROR - 2018-03-07 04:19:29 --> Severity: Warning --> Invalid argument supplied for foreach() C:\xampp\htdocs\Gmedia\app\views\backend\metronic\management-content\view_contents.php 121
ERROR - 2018-03-07 04:19:29 --> Severity: Notice --> Undefined variable: content_types C:\xampp\htdocs\Gmedia\app\views\backend\metronic\management-content\view_contents.php 135
ERROR - 2018-03-07 04:19:29 --> Severity: Warning --> Invalid argument supplied for foreach() C:\xampp\htdocs\Gmedia\app\views\backend\metronic\management-content\view_contents.php 135
ERROR - 2018-03-07 04:19:31 --> 404 Page Not Found: Assets/js
ERROR - 2018-03-07 04:19:33 --> 404 Page Not Found: Assets/js
ERROR - 2018-03-07 04:19:35 --> 404 Page Not Found: Content_management/contents
ERROR - 2018-03-07 04:22:24 --> Severity: Notice --> Undefined variable: games C:\xampp\htdocs\Gmedia\app\views\backend\metronic\management-content\view_contents.php 120
ERROR - 2018-03-07 04:22:24 --> Severity: Warning --> Invalid argument supplied for foreach() C:\xampp\htdocs\Gmedia\app\views\backend\metronic\management-content\view_contents.php 120
ERROR - 2018-03-07 04:22:24 --> Severity: Notice --> Undefined variable: content_types C:\xampp\htdocs\Gmedia\app\views\backend\metronic\management-content\view_contents.php 134
ERROR - 2018-03-07 04:22:24 --> Severity: Warning --> Invalid argument supplied for foreach() C:\xampp\htdocs\Gmedia\app\views\backend\metronic\management-content\view_contents.php 134
ERROR - 2018-03-07 04:22:25 --> 404 Page Not Found: Assets/js
ERROR - 2018-03-07 04:22:27 --> 404 Page Not Found: Assets/js
ERROR - 2018-03-07 04:22:29 --> 404 Page Not Found: Content_management/contents
ERROR - 2018-03-07 04:23:02 --> Severity: Notice --> Undefined variable: games C:\xampp\htdocs\Gmedia\app\views\backend\metronic\management-content\view_contents.php 120
ERROR - 2018-03-07 04:23:02 --> Severity: Warning --> Invalid argument supplied for foreach() C:\xampp\htdocs\Gmedia\app\views\backend\metronic\management-content\view_contents.php 120
ERROR - 2018-03-07 04:23:02 --> Severity: Notice --> Undefined variable: content_types C:\xampp\htdocs\Gmedia\app\views\backend\metronic\management-content\view_contents.php 134
ERROR - 2018-03-07 04:23:02 --> Severity: Warning --> Invalid argument supplied for foreach() C:\xampp\htdocs\Gmedia\app\views\backend\metronic\management-content\view_contents.php 134
ERROR - 2018-03-07 04:23:03 --> 404 Page Not Found: Assets/js
ERROR - 2018-03-07 04:23:06 --> 404 Page Not Found: Assets/js
ERROR - 2018-03-07 04:23:07 --> 404 Page Not Found: Content_management/contents
ERROR - 2018-03-07 04:28:36 --> Severity: Notice --> Undefined variable: games C:\xampp\htdocs\Gmedia\app\views\backend\metronic\management-content\view_contents.php 120
ERROR - 2018-03-07 04:28:36 --> Severity: Warning --> Invalid argument supplied for foreach() C:\xampp\htdocs\Gmedia\app\views\backend\metronic\management-content\view_contents.php 120
ERROR - 2018-03-07 04:28:36 --> Severity: Notice --> Undefined variable: content_types C:\xampp\htdocs\Gmedia\app\views\backend\metronic\management-content\view_contents.php 134
ERROR - 2018-03-07 04:28:36 --> Severity: Warning --> Invalid argument supplied for foreach() C:\xampp\htdocs\Gmedia\app\views\backend\metronic\management-content\view_contents.php 134
ERROR - 2018-03-07 04:28:41 --> 404 Page Not Found: management-content/Contents/loadContents
ERROR - 2018-03-07 04:29:49 --> Severity: Notice --> Undefined variable: games C:\xampp\htdocs\Gmedia\app\views\backend\metronic\management-content\view_contents.php 120
ERROR - 2018-03-07 04:29:49 --> Severity: Warning --> Invalid argument supplied for foreach() C:\xampp\htdocs\Gmedia\app\views\backend\metronic\management-content\view_contents.php 120
ERROR - 2018-03-07 04:29:49 --> Severity: Notice --> Undefined variable: content_types C:\xampp\htdocs\Gmedia\app\views\backend\metronic\management-content\view_contents.php 134
ERROR - 2018-03-07 04:29:49 --> Severity: Warning --> Invalid argument supplied for foreach() C:\xampp\htdocs\Gmedia\app\views\backend\metronic\management-content\view_contents.php 134
ERROR - 2018-03-07 04:29:55 --> Severity: Error --> Call to undefined method Model_contents::loadContents() C:\xampp\htdocs\Gmedia\app\controllers\management-content\Content.php 36
ERROR - 2018-03-07 04:30:54 --> Severity: Notice --> Undefined variable: games C:\xampp\htdocs\Gmedia\app\views\backend\metronic\management-content\view_contents.php 120
ERROR - 2018-03-07 04:30:54 --> Severity: Warning --> Invalid argument supplied for foreach() C:\xampp\htdocs\Gmedia\app\views\backend\metronic\management-content\view_contents.php 120
ERROR - 2018-03-07 04:30:54 --> Severity: Notice --> Undefined variable: content_types C:\xampp\htdocs\Gmedia\app\views\backend\metronic\management-content\view_contents.php 134
ERROR - 2018-03-07 04:30:54 --> Severity: Warning --> Invalid argument supplied for foreach() C:\xampp\htdocs\Gmedia\app\views\backend\metronic\management-content\view_contents.php 134
ERROR - 2018-03-07 04:34:10 --> Severity: Notice --> Undefined variable: games C:\xampp\htdocs\Gmedia\app\views\backend\metronic\management-content\view_contents.php 120
ERROR - 2018-03-07 04:34:10 --> Severity: Warning --> Invalid argument supplied for foreach() C:\xampp\htdocs\Gmedia\app\views\backend\metronic\management-content\view_contents.php 120
ERROR - 2018-03-07 04:34:10 --> Severity: Notice --> Undefined variable: content_types C:\xampp\htdocs\Gmedia\app\views\backend\metronic\management-content\view_contents.php 134
ERROR - 2018-03-07 04:34:10 --> Severity: Warning --> Invalid argument supplied for foreach() C:\xampp\htdocs\Gmedia\app\views\backend\metronic\management-content\view_contents.php 134
ERROR - 2018-03-07 04:40:36 --> Severity: Notice --> Undefined variable: games C:\xampp\htdocs\Gmedia\app\views\backend\metronic\management-content\view_contents.php 120
ERROR - 2018-03-07 04:40:36 --> Severity: Warning --> Invalid argument supplied for foreach() C:\xampp\htdocs\Gmedia\app\views\backend\metronic\management-content\view_contents.php 120
ERROR - 2018-03-07 04:40:36 --> Severity: Notice --> Undefined variable: content_types C:\xampp\htdocs\Gmedia\app\views\backend\metronic\management-content\view_contents.php 134
ERROR - 2018-03-07 04:40:36 --> Severity: Warning --> Invalid argument supplied for foreach() C:\xampp\htdocs\Gmedia\app\views\backend\metronic\management-content\view_contents.php 134
ERROR - 2018-03-07 04:46:50 --> Severity: Notice --> Undefined variable: games C:\xampp\htdocs\Gmedia\app\views\backend\metronic\management-content\view_contents.php 120
ERROR - 2018-03-07 04:46:50 --> Severity: Warning --> Invalid argument supplied for foreach() C:\xampp\htdocs\Gmedia\app\views\backend\metronic\management-content\view_contents.php 120
ERROR - 2018-03-07 04:46:50 --> Severity: Notice --> Undefined variable: content_types C:\xampp\htdocs\Gmedia\app\views\backend\metronic\management-content\view_contents.php 134
ERROR - 2018-03-07 04:46:50 --> Severity: Warning --> Invalid argument supplied for foreach() C:\xampp\htdocs\Gmedia\app\views\backend\metronic\management-content\view_contents.php 134
ERROR - 2018-03-07 04:48:24 --> Severity: Notice --> Undefined variable: games C:\xampp\htdocs\Gmedia\app\views\backend\metronic\management-content\view_contents.php 120
ERROR - 2018-03-07 04:48:24 --> Severity: Warning --> Invalid argument supplied for foreach() C:\xampp\htdocs\Gmedia\app\views\backend\metronic\management-content\view_contents.php 120
ERROR - 2018-03-07 04:48:24 --> Severity: Notice --> Undefined variable: content_types C:\xampp\htdocs\Gmedia\app\views\backend\metronic\management-content\view_contents.php 134
ERROR - 2018-03-07 04:48:24 --> Severity: Warning --> Invalid argument supplied for foreach() C:\xampp\htdocs\Gmedia\app\views\backend\metronic\management-content\view_contents.php 134
ERROR - 2018-03-07 04:55:33 --> Severity: Notice --> Undefined variable: games C:\xampp\htdocs\Gmedia\app\views\backend\metronic\management-content\view_contents.php 120
ERROR - 2018-03-07 04:55:33 --> Severity: Warning --> Invalid argument supplied for foreach() C:\xampp\htdocs\Gmedia\app\views\backend\metronic\management-content\view_contents.php 120
ERROR - 2018-03-07 04:55:33 --> Severity: Notice --> Undefined variable: content_types C:\xampp\htdocs\Gmedia\app\views\backend\metronic\management-content\view_contents.php 134
ERROR - 2018-03-07 04:55:33 --> Severity: Warning --> Invalid argument supplied for foreach() C:\xampp\htdocs\Gmedia\app\views\backend\metronic\management-content\view_contents.php 134
ERROR - 2018-03-07 05:02:18 --> Severity: Notice --> Undefined variable: games C:\xampp\htdocs\Gmedia\app\views\backend\metronic\management-content\view_contents.php 120
ERROR - 2018-03-07 05:02:18 --> Severity: Warning --> Invalid argument supplied for foreach() C:\xampp\htdocs\Gmedia\app\views\backend\metronic\management-content\view_contents.php 120
ERROR - 2018-03-07 05:02:18 --> Severity: Notice --> Undefined variable: content_types C:\xampp\htdocs\Gmedia\app\views\backend\metronic\management-content\view_contents.php 134
ERROR - 2018-03-07 05:02:18 --> Severity: Warning --> Invalid argument supplied for foreach() C:\xampp\htdocs\Gmedia\app\views\backend\metronic\management-content\view_contents.php 134
ERROR - 2018-03-07 05:21:56 --> Severity: Notice --> Undefined variable: games C:\xampp\htdocs\Gmedia\app\views\backend\metronic\management-content\view_contents.php 120
ERROR - 2018-03-07 05:21:56 --> Severity: Warning --> Invalid argument supplied for foreach() C:\xampp\htdocs\Gmedia\app\views\backend\metronic\management-content\view_contents.php 120
ERROR - 2018-03-07 05:21:56 --> Severity: Notice --> Undefined variable: content_types C:\xampp\htdocs\Gmedia\app\views\backend\metronic\management-content\view_contents.php 134
ERROR - 2018-03-07 05:21:56 --> Severity: Warning --> Invalid argument supplied for foreach() C:\xampp\htdocs\Gmedia\app\views\backend\metronic\management-content\view_contents.php 134
ERROR - 2018-03-07 05:22:03 --> Query error: Table 'indofungames_media.contentss' doesn't exist - Invalid query: SELECT COUNT(1) AS count
FROM `contentss` `c`
JOIN `contents_types` `ct` ON `c`.`id_content_type` = `ct`.`id`
JOIN `countries` `cu` ON `c`.`id_country` = `cu`.`id`
WHERE `c`.`status` != '-1'
AND `ct`.`status` = '1'
AND `cu`.`status` = '1'
ERROR - 2018-03-07 05:22:03 --> Severity: Error --> Call to a member function result_array() on a non-object C:\xampp\htdocs\Gmedia\app\models\backend\management-content\Model_contents.php 57
ERROR - 2018-03-07 05:22:26 --> Severity: Notice --> Undefined variable: games C:\xampp\htdocs\Gmedia\app\views\backend\metronic\management-content\view_contents.php 120
ERROR - 2018-03-07 05:22:26 --> Severity: Warning --> Invalid argument supplied for foreach() C:\xampp\htdocs\Gmedia\app\views\backend\metronic\management-content\view_contents.php 120
ERROR - 2018-03-07 05:22:26 --> Severity: Notice --> Undefined variable: content_types C:\xampp\htdocs\Gmedia\app\views\backend\metronic\management-content\view_contents.php 134
ERROR - 2018-03-07 05:22:26 --> Severity: Warning --> Invalid argument supplied for foreach() C:\xampp\htdocs\Gmedia\app\views\backend\metronic\management-content\view_contents.php 134
ERROR - 2018-03-07 05:28:09 --> Severity: Notice --> Undefined variable: games C:\xampp\htdocs\Gmedia\app\views\backend\metronic\management-content\view_contents.php 120
ERROR - 2018-03-07 05:28:09 --> Severity: Warning --> Invalid argument supplied for foreach() C:\xampp\htdocs\Gmedia\app\views\backend\metronic\management-content\view_contents.php 120
ERROR - 2018-03-07 05:28:09 --> Severity: Notice --> Undefined variable: content_types C:\xampp\htdocs\Gmedia\app\views\backend\metronic\management-content\view_contents.php 134
ERROR - 2018-03-07 05:28:09 --> Severity: Warning --> Invalid argument supplied for foreach() C:\xampp\htdocs\Gmedia\app\views\backend\metronic\management-content\view_contents.php 134
ERROR - 2018-03-07 05:29:40 --> Severity: Notice --> Undefined variable: games C:\xampp\htdocs\Gmedia\app\views\backend\metronic\management-content\view_contents.php 120
ERROR - 2018-03-07 05:29:40 --> Severity: Warning --> Invalid argument supplied for foreach() C:\xampp\htdocs\Gmedia\app\views\backend\metronic\management-content\view_contents.php 120
ERROR - 2018-03-07 05:29:40 --> Severity: Notice --> Undefined variable: content_types C:\xampp\htdocs\Gmedia\app\views\backend\metronic\management-content\view_contents.php 134
ERROR - 2018-03-07 05:29:40 --> Severity: Warning --> Invalid argument supplied for foreach() C:\xampp\htdocs\Gmedia\app\views\backend\metronic\management-content\view_contents.php 134
ERROR - 2018-03-07 05:37:51 --> Severity: Notice --> Undefined variable: games C:\xampp\htdocs\Gmedia\app\views\backend\metronic\management-content\view_contents.php 120
ERROR - 2018-03-07 05:37:51 --> Severity: Warning --> Invalid argument supplied for foreach() C:\xampp\htdocs\Gmedia\app\views\backend\metronic\management-content\view_contents.php 120
ERROR - 2018-03-07 05:37:51 --> Severity: Notice --> Undefined variable: content_types C:\xampp\htdocs\Gmedia\app\views\backend\metronic\management-content\view_contents.php 134
ERROR - 2018-03-07 05:37:51 --> Severity: Warning --> Invalid argument supplied for foreach() C:\xampp\htdocs\Gmedia\app\views\backend\metronic\management-content\view_contents.php 134
ERROR - 2018-03-07 05:40:31 --> Severity: Notice --> Undefined variable: games C:\xampp\htdocs\Gmedia\app\views\backend\metronic\management-content\view_contents.php 120
ERROR - 2018-03-07 05:40:31 --> Severity: Warning --> Invalid argument supplied for foreach() C:\xampp\htdocs\Gmedia\app\views\backend\metronic\management-content\view_contents.php 120
ERROR - 2018-03-07 05:40:31 --> Severity: Notice --> Undefined variable: content_types C:\xampp\htdocs\Gmedia\app\views\backend\metronic\management-content\view_contents.php 134
ERROR - 2018-03-07 05:40:31 --> Severity: Warning --> Invalid argument supplied for foreach() C:\xampp\htdocs\Gmedia\app\views\backend\metronic\management-content\view_contents.php 134
ERROR - 2018-03-07 05:51:42 --> Severity: Parsing Error --> syntax error, unexpected '}' C:\xampp\htdocs\Gmedia\app\models\backend\management-content\Model_contents.php 116
ERROR - 2018-03-07 05:51:58 --> Severity: Notice --> Undefined variable: games C:\xampp\htdocs\Gmedia\app\views\backend\metronic\management-content\view_contents.php 120
ERROR - 2018-03-07 05:51:58 --> Severity: Warning --> Invalid argument supplied for foreach() C:\xampp\htdocs\Gmedia\app\views\backend\metronic\management-content\view_contents.php 120
ERROR - 2018-03-07 05:51:58 --> Severity: Notice --> Undefined variable: content_types C:\xampp\htdocs\Gmedia\app\views\backend\metronic\management-content\view_contents.php 134
ERROR - 2018-03-07 05:51:58 --> Severity: Warning --> Invalid argument supplied for foreach() C:\xampp\htdocs\Gmedia\app\views\backend\metronic\management-content\view_contents.php 134
ERROR - 2018-03-07 05:56:04 --> Severity: Notice --> Undefined variable: games C:\xampp\htdocs\Gmedia\app\views\backend\metronic\management-content\view_contents.php 120
ERROR - 2018-03-07 05:56:04 --> Severity: Warning --> Invalid argument supplied for foreach() C:\xampp\htdocs\Gmedia\app\views\backend\metronic\management-content\view_contents.php 120
ERROR - 2018-03-07 05:56:04 --> Severity: Notice --> Undefined variable: content_types C:\xampp\htdocs\Gmedia\app\views\backend\metronic\management-content\view_contents.php 134
ERROR - 2018-03-07 05:56:04 --> Severity: Warning --> Invalid argument supplied for foreach() C:\xampp\htdocs\Gmedia\app\views\backend\metronic\management-content\view_contents.php 134
ERROR - 2018-03-07 05:56:26 --> Severity: Notice --> Undefined variable: games C:\xampp\htdocs\Gmedia\app\views\backend\metronic\management-content\view_contents.php 120
ERROR - 2018-03-07 05:56:26 --> Severity: Warning --> Invalid argument supplied for foreach() C:\xampp\htdocs\Gmedia\app\views\backend\metronic\management-content\view_contents.php 120
ERROR - 2018-03-07 05:56:26 --> Severity: Notice --> Undefined variable: content_types C:\xampp\htdocs\Gmedia\app\views\backend\metronic\management-content\view_contents.php 134
ERROR - 2018-03-07 05:56:26 --> Severity: Warning --> Invalid argument supplied for foreach() C:\xampp\htdocs\Gmedia\app\views\backend\metronic\management-content\view_contents.php 134
ERROR - 2018-03-07 05:57:13 --> Severity: Notice --> Undefined variable: games C:\xampp\htdocs\Gmedia\app\views\backend\metronic\management-content\view_contents.php 120
ERROR - 2018-03-07 05:57:13 --> Severity: Warning --> Invalid argument supplied for foreach() C:\xampp\htdocs\Gmedia\app\views\backend\metronic\management-content\view_contents.php 120
ERROR - 2018-03-07 05:57:13 --> Severity: Notice --> Undefined variable: content_types C:\xampp\htdocs\Gmedia\app\views\backend\metronic\management-content\view_contents.php 134
ERROR - 2018-03-07 05:57:13 --> Severity: Warning --> Invalid argument supplied for foreach() C:\xampp\htdocs\Gmedia\app\views\backend\metronic\management-content\view_contents.php 134
ERROR - 2018-03-07 05:59:47 --> Severity: Notice --> Undefined variable: content C:\xampp\htdocs\Gmedia\app\views\backend\metronic\management-content\view_contents.php 62
ERROR - 2018-03-07 05:59:47 --> Severity: Warning --> Invalid argument supplied for foreach() C:\xampp\htdocs\Gmedia\app\views\backend\metronic\management-content\view_contents.php 62
ERROR - 2018-03-07 05:59:47 --> Severity: Notice --> Undefined variable: games C:\xampp\htdocs\Gmedia\app\views\backend\metronic\management-content\view_contents.php 125
ERROR - 2018-03-07 05:59:47 --> Severity: Warning --> Invalid argument supplied for foreach() C:\xampp\htdocs\Gmedia\app\views\backend\metronic\management-content\view_contents.php 125
ERROR - 2018-03-07 05:59:47 --> Severity: Notice --> Undefined variable: content_types C:\xampp\htdocs\Gmedia\app\views\backend\metronic\management-content\view_contents.php 139
ERROR - 2018-03-07 05:59:47 --> Severity: Warning --> Invalid argument supplied for foreach() C:\xampp\htdocs\Gmedia\app\views\backend\metronic\management-content\view_contents.php 139
ERROR - 2018-03-07 06:00:59 --> Severity: Notice --> Undefined variable: content C:\xampp\htdocs\Gmedia\app\views\backend\metronic\management-content\view_contents.php 62
ERROR - 2018-03-07 06:00:59 --> Severity: Warning --> Invalid argument supplied for foreach() C:\xampp\htdocs\Gmedia\app\views\backend\metronic\management-content\view_contents.php 62
ERROR - 2018-03-07 06:00:59 --> Severity: Notice --> Undefined variable: games C:\xampp\htdocs\Gmedia\app\views\backend\metronic\management-content\view_contents.php 125
ERROR - 2018-03-07 06:00:59 --> Severity: Warning --> Invalid argument supplied for foreach() C:\xampp\htdocs\Gmedia\app\views\backend\metronic\management-content\view_contents.php 125
ERROR - 2018-03-07 06:00:59 --> Severity: Notice --> Undefined variable: content_types C:\xampp\htdocs\Gmedia\app\views\backend\metronic\management-content\view_contents.php 139
ERROR - 2018-03-07 06:00:59 --> Severity: Warning --> Invalid argument supplied for foreach() C:\xampp\htdocs\Gmedia\app\views\backend\metronic\management-content\view_contents.php 139
ERROR - 2018-03-07 06:02:02 --> Severity: Notice --> Undefined variable: content C:\xampp\htdocs\Gmedia\app\views\backend\metronic\management-content\view_contents.php 62
ERROR - 2018-03-07 06:02:02 --> Severity: Warning --> Invalid argument supplied for foreach() C:\xampp\htdocs\Gmedia\app\views\backend\metronic\management-content\view_contents.php 62
ERROR - 2018-03-07 06:02:03 --> Severity: Notice --> Undefined variable: games C:\xampp\htdocs\Gmedia\app\views\backend\metronic\management-content\view_contents.php 125
ERROR - 2018-03-07 06:02:03 --> Severity: Warning --> Invalid argument supplied for foreach() C:\xampp\htdocs\Gmedia\app\views\backend\metronic\management-content\view_contents.php 125
ERROR - 2018-03-07 06:02:03 --> Severity: Notice --> Undefined variable: content_types C:\xampp\htdocs\Gmedia\app\views\backend\metronic\management-content\view_contents.php 139
ERROR - 2018-03-07 06:02:03 --> Severity: Warning --> Invalid argument supplied for foreach() C:\xampp\htdocs\Gmedia\app\views\backend\metronic\management-content\view_contents.php 139
ERROR - 2018-03-07 06:02:24 --> Severity: Notice --> Undefined variable: contents C:\xampp\htdocs\Gmedia\app\views\backend\metronic\management-content\view_contents.php 62
ERROR - 2018-03-07 06:02:24 --> Severity: Warning --> Invalid argument supplied for foreach() C:\xampp\htdocs\Gmedia\app\views\backend\metronic\management-content\view_contents.php 62
ERROR - 2018-03-07 06:02:24 --> Severity: Notice --> Undefined variable: games C:\xampp\htdocs\Gmedia\app\views\backend\metronic\management-content\view_contents.php 125
ERROR - 2018-03-07 06:02:24 --> Severity: Warning --> Invalid argument supplied for foreach() C:\xampp\htdocs\Gmedia\app\views\backend\metronic\management-content\view_contents.php 125
ERROR - 2018-03-07 06:02:24 --> Severity: Notice --> Undefined variable: content_types C:\xampp\htdocs\Gmedia\app\views\backend\metronic\management-content\view_contents.php 139
ERROR - 2018-03-07 06:02:24 --> Severity: Warning --> Invalid argument supplied for foreach() C:\xampp\htdocs\Gmedia\app\views\backend\metronic\management-content\view_contents.php 139
ERROR - 2018-03-07 06:10:07 --> Severity: Parsing Error --> syntax error, unexpected '$i' (T_VARIABLE) C:\xampp\htdocs\Gmedia\app\models\backend\management-content\Model_contents.php 138
ERROR - 2018-03-07 06:10:23 --> Severity: Warning --> Missing argument 1 for Model_contents::loadContentsSelect(), called in C:\xampp\htdocs\Gmedia\app\controllers\management-content\Content.php on line 27 and defined C:\xampp\htdocs\Gmedia\app\models\backend\management-content\Model_contents.php 128
ERROR - 2018-03-07 06:10:23 --> Severity: Notice --> Undefined property: Content::$tableContent C:\xampp\htdocs\Gmedia\sys_ci_3.0\core\Model.php 77
ERROR - 2018-03-07 06:10:23 --> Query error: You have an error in your SQL syntax; check the manual that corresponds to your MariaDB server version for the right syntax to use near 'WHERE `status` = '1'
ORDER BY `name` ASC' at line 2 - Invalid query: SELECT `id`, `name`
WHERE `status` = '1'
ORDER BY `name` ASC
ERROR - 2018-03-07 06:10:23 --> Severity: Error --> Call to a member function num_rows() on a non-object C:\xampp\htdocs\Gmedia\app\models\backend\management-content\Model_contents.php 139
ERROR - 2018-03-07 06:13:16 --> Severity: Warning --> Missing argument 1 for Model_contents::loadContentsSelect(), called in C:\xampp\htdocs\Gmedia\app\controllers\management-content\Content.php on line 26 and defined C:\xampp\htdocs\Gmedia\app\models\backend\management-content\Model_contents.php 128
ERROR - 2018-03-07 06:13:16 --> Severity: Notice --> Undefined property: Content::$tableContent C:\xampp\htdocs\Gmedia\sys_ci_3.0\core\Model.php 77
ERROR - 2018-03-07 06:13:16 --> Query error: You have an error in your SQL syntax; check the manual that corresponds to your MariaDB server version for the right syntax to use near 'WHERE `status` = '1'
ORDER BY `name` ASC' at line 2 - Invalid query: SELECT `id`, `name`
WHERE `status` = '1'
ORDER BY `name` ASC
ERROR - 2018-03-07 06:13:16 --> Severity: Error --> Call to a member function num_rows() on a non-object C:\xampp\htdocs\Gmedia\app\models\backend\management-content\Model_contents.php 139
ERROR - 2018-03-07 06:13:35 --> Severity: Notice --> Undefined variable: contents C:\xampp\htdocs\Gmedia\app\views\backend\metronic\management-content\view_contents.php 62
ERROR - 2018-03-07 06:13:35 --> Severity: Warning --> Invalid argument supplied for foreach() C:\xampp\htdocs\Gmedia\app\views\backend\metronic\management-content\view_contents.php 62
ERROR - 2018-03-07 06:13:35 --> Severity: Notice --> Undefined variable: games C:\xampp\htdocs\Gmedia\app\views\backend\metronic\management-content\view_contents.php 125
ERROR - 2018-03-07 06:13:35 --> Severity: Warning --> Invalid argument supplied for foreach() C:\xampp\htdocs\Gmedia\app\views\backend\metronic\management-content\view_contents.php 125
ERROR - 2018-03-07 06:13:35 --> Severity: Notice --> Undefined variable: content_types C:\xampp\htdocs\Gmedia\app\views\backend\metronic\management-content\view_contents.php 139
ERROR - 2018-03-07 06:13:35 --> Severity: Warning --> Invalid argument supplied for foreach() C:\xampp\htdocs\Gmedia\app\views\backend\metronic\management-content\view_contents.php 139
ERROR - 2018-03-07 06:18:01 --> Severity: Notice --> Undefined variable: contents C:\xampp\htdocs\Gmedia\app\views\backend\metronic\management-content\view_contents.php 68
ERROR - 2018-03-07 06:18:01 --> Severity: Warning --> Invalid argument supplied for foreach() C:\xampp\htdocs\Gmedia\app\views\backend\metronic\management-content\view_contents.php 68
ERROR - 2018-03-07 06:18:01 --> Severity: Notice --> Undefined variable: games C:\xampp\htdocs\Gmedia\app\views\backend\metronic\management-content\view_contents.php 131
ERROR - 2018-03-07 06:18:01 --> Severity: Warning --> Invalid argument supplied for foreach() C:\xampp\htdocs\Gmedia\app\views\backend\metronic\management-content\view_contents.php 131
ERROR - 2018-03-07 06:18:01 --> Severity: Notice --> Undefined variable: content_types C:\xampp\htdocs\Gmedia\app\views\backend\metronic\management-content\view_contents.php 145
ERROR - 2018-03-07 06:18:01 --> Severity: Warning --> Invalid argument supplied for foreach() C:\xampp\htdocs\Gmedia\app\views\backend\metronic\management-content\view_contents.php 145
ERROR - 2018-03-07 06:23:20 --> Severity: Warning --> Missing argument 1 for Model_contents::loadContentsSelect(), called in C:\xampp\htdocs\Gmedia\app\controllers\management-content\Content.php on line 27 and defined C:\xampp\htdocs\Gmedia\app\models\backend\management-content\Model_contents.php 128
ERROR - 2018-03-07 06:23:20 --> Severity: Notice --> Undefined property: Content::$tableContent C:\xampp\htdocs\Gmedia\sys_ci_3.0\core\Model.php 77
ERROR - 2018-03-07 06:23:20 --> Query error: You have an error in your SQL syntax; check the manual that corresponds to your MariaDB server version for the right syntax to use near 'WHERE `status` = '1'
ORDER BY `name` ASC' at line 2 - Invalid query: SELECT `id`, `name`
WHERE `status` = '1'
ORDER BY `name` ASC
ERROR - 2018-03-07 06:23:20 --> Severity: Error --> Call to a member function num_rows() on a non-object C:\xampp\htdocs\Gmedia\app\models\backend\management-content\Model_contents.php 139
ERROR - 2018-03-07 06:23:36 --> Severity: Warning --> Missing argument 1 for Model_contents::loadContentsSelect(), called in C:\xampp\htdocs\Gmedia\app\controllers\management-content\Content.php on line 26 and defined C:\xampp\htdocs\Gmedia\app\models\backend\management-content\Model_contents.php 128
ERROR - 2018-03-07 06:23:36 --> Severity: Notice --> Undefined property: Content::$tableContent C:\xampp\htdocs\Gmedia\sys_ci_3.0\core\Model.php 77
ERROR - 2018-03-07 06:23:36 --> Query error: You have an error in your SQL syntax; check the manual that corresponds to your MariaDB server version for the right syntax to use near 'WHERE `status` = '1'
ORDER BY `name` ASC' at line 2 - Invalid query: SELECT `id`, `name`
WHERE `status` = '1'
ORDER BY `name` ASC
ERROR - 2018-03-07 06:23:36 --> Severity: Error --> Call to a member function num_rows() on a non-object C:\xampp\htdocs\Gmedia\app\models\backend\management-content\Model_contents.php 139
ERROR - 2018-03-07 06:24:23 --> Severity: Warning --> Missing argument 1 for Model_contents::loadContentsSelect(), called in C:\xampp\htdocs\Gmedia\app\controllers\management-content\Content.php on line 26 and defined C:\xampp\htdocs\Gmedia\app\models\backend\management-content\Model_contents.php 128
ERROR - 2018-03-07 06:24:23 --> Severity: Notice --> Undefined property: Content::$tableContent C:\xampp\htdocs\Gmedia\sys_ci_3.0\core\Model.php 77
ERROR - 2018-03-07 06:24:23 --> Query error: You have an error in your SQL syntax; check the manual that corresponds to your MariaDB server version for the right syntax to use near 'WHERE `status` = '1'
ORDER BY `name` ASC' at line 2 - Invalid query: SELECT `id`, `name`
WHERE `status` = '1'
ORDER BY `name` ASC
ERROR - 2018-03-07 06:24:23 --> Severity: Error --> Call to a member function num_rows() on a non-object C:\xampp\htdocs\Gmedia\app\models\backend\management-content\Model_contents.php 139
ERROR - 2018-03-07 07:11:45 --> Severity: Warning --> Missing argument 1 for Model_contents::loadContentsSelect(), called in C:\xampp\htdocs\Gmedia\app\controllers\management-content\Content.php on line 26 and defined C:\xampp\htdocs\Gmedia\app\models\backend\management-content\Model_contents.php 128
ERROR - 2018-03-07 07:11:45 --> Severity: Notice --> Undefined property: Content::$tableContent C:\xampp\htdocs\Gmedia\sys_ci_3.0\core\Model.php 77
ERROR - 2018-03-07 07:11:46 --> Query error: You have an error in your SQL syntax; check the manual that corresponds to your MariaDB server version for the right syntax to use near 'WHERE `status` = '1'
ORDER BY `name` ASC' at line 2 - Invalid query: SELECT `id`, `name`
WHERE `status` = '1'
ORDER BY `name` ASC
ERROR - 2018-03-07 07:11:46 --> Severity: Error --> Call to a member function num_rows() on a non-object C:\xampp\htdocs\Gmedia\app\models\backend\management-content\Model_contents.php 139
ERROR - 2018-03-07 07:12:07 --> Severity: Warning --> Missing argument 1 for Model_contents::loadContentsSelect(), called in C:\xampp\htdocs\Gmedia\app\controllers\management-content\Content.php on line 26 and defined C:\xampp\htdocs\Gmedia\app\models\backend\management-content\Model_contents.php 128
ERROR - 2018-03-07 07:12:07 --> Severity: Notice --> Undefined property: Content::$tableContent C:\xampp\htdocs\Gmedia\sys_ci_3.0\core\Model.php 77
ERROR - 2018-03-07 07:12:07 --> Query error: You have an error in your SQL syntax; check the manual that corresponds to your MariaDB server version for the right syntax to use near 'WHERE `status` = '1'
ORDER BY `name` ASC' at line 2 - Invalid query: SELECT `id`, `name`
WHERE `status` = '1'
ORDER BY `name` ASC
ERROR - 2018-03-07 07:12:07 --> Severity: Error --> Call to a member function num_rows() on a non-object C:\xampp\htdocs\Gmedia\app\models\backend\management-content\Model_contents.php 139
ERROR - 2018-03-07 07:12:39 --> Severity: Notice --> Undefined variable: games C:\xampp\htdocs\Gmedia\app\views\backend\metronic\management-content\view_contents.php 120
ERROR - 2018-03-07 07:12:39 --> Severity: Warning --> Invalid argument supplied for foreach() C:\xampp\htdocs\Gmedia\app\views\backend\metronic\management-content\view_contents.php 120
ERROR - 2018-03-07 07:12:39 --> Severity: Notice --> Undefined variable: content_types C:\xampp\htdocs\Gmedia\app\views\backend\metronic\management-content\view_contents.php 134
ERROR - 2018-03-07 07:12:39 --> Severity: Warning --> Invalid argument supplied for foreach() C:\xampp\htdocs\Gmedia\app\views\backend\metronic\management-content\view_contents.php 134
ERROR - 2018-03-07 07:34:10 --> Severity: Notice --> Undefined variable: games C:\xampp\htdocs\Gmedia\app\views\backend\metronic\management-content\view_contents.php 120
ERROR - 2018-03-07 07:34:10 --> Severity: Warning --> Invalid argument supplied for foreach() C:\xampp\htdocs\Gmedia\app\views\backend\metronic\management-content\view_contents.php 120
ERROR - 2018-03-07 07:34:10 --> Severity: Notice --> Undefined variable: content_types C:\xampp\htdocs\Gmedia\app\views\backend\metronic\management-content\view_contents.php 134
ERROR - 2018-03-07 07:34:10 --> Severity: Warning --> Invalid argument supplied for foreach() C:\xampp\htdocs\Gmedia\app\views\backend\metronic\management-content\view_contents.php 134
ERROR - 2018-03-07 08:07:22 --> Severity: Notice --> Undefined variable: games C:\xampp\htdocs\Gmedia\app\views\backend\metronic\management-content\view_contents.php 120
ERROR - 2018-03-07 08:07:22 --> Severity: Warning --> Invalid argument supplied for foreach() C:\xampp\htdocs\Gmedia\app\views\backend\metronic\management-content\view_contents.php 120
ERROR - 2018-03-07 08:07:22 --> Severity: Notice --> Undefined variable: content_types C:\xampp\htdocs\Gmedia\app\views\backend\metronic\management-content\view_contents.php 134
ERROR - 2018-03-07 08:07:22 --> Severity: Warning --> Invalid argument supplied for foreach() C:\xampp\htdocs\Gmedia\app\views\backend\metronic\management-content\view_contents.php 134
ERROR - 2018-03-07 08:07:27 --> Severity: Notice --> Undefined index: name_parent C:\xampp\htdocs\Gmedia\app\controllers\management-content\Content.php 43
ERROR - 2018-03-07 08:07:28 --> Severity: Notice --> Undefined index: name_parent C:\xampp\htdocs\Gmedia\app\controllers\management-content\Content.php 43
ERROR - 2018-03-07 08:08:29 --> Severity: Notice --> Undefined variable: games C:\xampp\htdocs\Gmedia\app\views\backend\metronic\management-content\view_contents.php 120
ERROR - 2018-03-07 08:08:29 --> Severity: Warning --> Invalid argument supplied for foreach() C:\xampp\htdocs\Gmedia\app\views\backend\metronic\management-content\view_contents.php 120
ERROR - 2018-03-07 08:08:29 --> Severity: Notice --> Undefined variable: content_types C:\xampp\htdocs\Gmedia\app\views\backend\metronic\management-content\view_contents.php 134
ERROR - 2018-03-07 08:08:29 --> Severity: Warning --> Invalid argument supplied for foreach() C:\xampp\htdocs\Gmedia\app\views\backend\metronic\management-content\view_contents.php 134
ERROR - 2018-03-07 08:44:08 --> Severity: Notice --> Undefined variable: games C:\xampp\htdocs\Gmedia\app\views\backend\metronic\management-content\view_contents.php 120
ERROR - 2018-03-07 08:44:08 --> Severity: Warning --> Invalid argument supplied for foreach() C:\xampp\htdocs\Gmedia\app\views\backend\metronic\management-content\view_contents.php 120
ERROR - 2018-03-07 08:44:08 --> Severity: Notice --> Undefined variable: content_types C:\xampp\htdocs\Gmedia\app\views\backend\metronic\management-content\view_contents.php 134
ERROR - 2018-03-07 08:44:08 --> Severity: Warning --> Invalid argument supplied for foreach() C:\xampp\htdocs\Gmedia\app\views\backend\metronic\management-content\view_contents.php 134
ERROR - 2018-03-07 08:49:09 --> Severity: Notice --> Undefined variable: games C:\xampp\htdocs\Gmedia\app\views\backend\metronic\management-content\view_contents.php 120
ERROR - 2018-03-07 08:49:09 --> Severity: Warning --> Invalid argument supplied for foreach() C:\xampp\htdocs\Gmedia\app\views\backend\metronic\management-content\view_contents.php 120
ERROR - 2018-03-07 08:49:09 --> Severity: Notice --> Undefined variable: content_types C:\xampp\htdocs\Gmedia\app\views\backend\metronic\management-content\view_contents.php 134
ERROR - 2018-03-07 08:49:09 --> Severity: Warning --> Invalid argument supplied for foreach() C:\xampp\htdocs\Gmedia\app\views\backend\metronic\management-content\view_contents.php 134
ERROR - 2018-03-07 08:50:31 --> Severity: Notice --> Undefined variable: games C:\xampp\htdocs\Gmedia\app\views\backend\metronic\management-content\view_contents.php 120
ERROR - 2018-03-07 08:50:31 --> Severity: Warning --> Invalid argument supplied for foreach() C:\xampp\htdocs\Gmedia\app\views\backend\metronic\management-content\view_contents.php 120
ERROR - 2018-03-07 08:50:31 --> Severity: Notice --> Undefined variable: content_types C:\xampp\htdocs\Gmedia\app\views\backend\metronic\management-content\view_contents.php 134
ERROR - 2018-03-07 08:50:31 --> Severity: Warning --> Invalid argument supplied for foreach() C:\xampp\htdocs\Gmedia\app\views\backend\metronic\management-content\view_contents.php 134
ERROR - 2018-03-07 08:54:37 --> 404 Page Not Found: Content_management/contents
ERROR - 2018-03-07 08:57:07 --> Severity: Notice --> Undefined variable: games C:\xampp\htdocs\Gmedia\app\views\backend\metronic\management-content\view_contents.php 120
ERROR - 2018-03-07 08:57:07 --> Severity: Warning --> Invalid argument supplied for foreach() C:\xampp\htdocs\Gmedia\app\views\backend\metronic\management-content\view_contents.php 120
ERROR - 2018-03-07 08:57:07 --> Severity: Notice --> Undefined variable: content_types C:\xampp\htdocs\Gmedia\app\views\backend\metronic\management-content\view_contents.php 134
ERROR - 2018-03-07 08:57:07 --> Severity: Warning --> Invalid argument supplied for foreach() C:\xampp\htdocs\Gmedia\app\views\backend\metronic\management-content\view_contents.php 134
ERROR - 2018-03-07 08:57:19 --> 404 Page Not Found: Content_management/contents
ERROR - 2018-03-07 08:57:43 --> Severity: Notice --> Undefined variable: games C:\xampp\htdocs\Gmedia\app\views\backend\metronic\management-content\view_contents.php 120
ERROR - 2018-03-07 08:57:43 --> Severity: Warning --> Invalid argument supplied for foreach() C:\xampp\htdocs\Gmedia\app\views\backend\metronic\management-content\view_contents.php 120
ERROR - 2018-03-07 08:57:43 --> Severity: Notice --> Undefined variable: content_types C:\xampp\htdocs\Gmedia\app\views\backend\metronic\management-content\view_contents.php 134
ERROR - 2018-03-07 08:57:43 --> Severity: Warning --> Invalid argument supplied for foreach() C:\xampp\htdocs\Gmedia\app\views\backend\metronic\management-content\view_contents.php 134
ERROR - 2018-03-07 08:58:01 --> 404 Page Not Found: management-content/Contents/getContentsData
ERROR - 2018-03-07 09:00:32 --> Severity: Notice --> Undefined variable: games C:\xampp\htdocs\Gmedia\app\views\backend\metronic\management-content\view_contents.php 120
ERROR - 2018-03-07 09:00:32 --> Severity: Warning --> Invalid argument supplied for foreach() C:\xampp\htdocs\Gmedia\app\views\backend\metronic\management-content\view_contents.php 120
ERROR - 2018-03-07 09:00:32 --> Severity: Notice --> Undefined variable: content_types C:\xampp\htdocs\Gmedia\app\views\backend\metronic\management-content\view_contents.php 134
ERROR - 2018-03-07 09:00:32 --> Severity: Warning --> Invalid argument supplied for foreach() C:\xampp\htdocs\Gmedia\app\views\backend\metronic\management-content\view_contents.php 134
ERROR - 2018-03-07 09:04:20 --> Severity: Notice --> Undefined variable: games C:\xampp\htdocs\Gmedia\app\views\backend\metronic\management-content\view_contents.php 120
ERROR - 2018-03-07 09:04:20 --> Severity: Warning --> Invalid argument supplied for foreach() C:\xampp\htdocs\Gmedia\app\views\backend\metronic\management-content\view_contents.php 120
ERROR - 2018-03-07 09:04:20 --> Severity: Notice --> Undefined variable: content_types C:\xampp\htdocs\Gmedia\app\views\backend\metronic\management-content\view_contents.php 134
ERROR - 2018-03-07 09:04:20 --> Severity: Warning --> Invalid argument supplied for foreach() C:\xampp\htdocs\Gmedia\app\views\backend\metronic\management-content\view_contents.php 134
ERROR - 2018-03-07 09:07:00 --> Severity: Notice --> Undefined variable: content_types C:\xampp\htdocs\Gmedia\app\views\backend\metronic\management-content\view_contents.php 134
ERROR - 2018-03-07 09:07:00 --> Severity: Warning --> Invalid argument supplied for foreach() C:\xampp\htdocs\Gmedia\app\views\backend\metronic\management-content\view_contents.php 134
ERROR - 2018-03-07 09:08:53 --> Severity: Notice --> Undefined variable: result C:\xampp\htdocs\Gmedia\app\views\backend\metronic\management-content\view_contents.php 134
ERROR - 2018-03-07 09:08:53 --> Severity: Warning --> Invalid argument supplied for foreach() C:\xampp\htdocs\Gmedia\app\views\backend\metronic\management-content\view_contents.php 134
ERROR - 2018-03-07 09:09:53 --> Severity: Notice --> Undefined variable: contens C:\xampp\htdocs\Gmedia\app\views\backend\metronic\management-content\view_contents.php 134
ERROR - 2018-03-07 09:09:54 --> Severity: Warning --> Invalid argument supplied for foreach() C:\xampp\htdocs\Gmedia\app\views\backend\metronic\management-content\view_contents.php 134
ERROR - 2018-03-07 09:10:18 --> Severity: Notice --> Undefined variable: contents C:\xampp\htdocs\Gmedia\app\views\backend\metronic\management-content\view_contents.php 134
ERROR - 2018-03-07 09:10:18 --> Severity: Warning --> Invalid argument supplied for foreach() C:\xampp\htdocs\Gmedia\app\views\backend\metronic\management-content\view_contents.php 134
ERROR - 2018-03-07 09:13:02 --> Severity: Notice --> Undefined variable: contents C:\xampp\htdocs\Gmedia\app\views\backend\metronic\management-content\view_contents.php 134
ERROR - 2018-03-07 09:13:02 --> Severity: Warning --> Invalid argument supplied for foreach() C:\xampp\htdocs\Gmedia\app\views\backend\metronic\management-content\view_contents.php 134
ERROR - 2018-03-07 11:23:49 --> 404 Page Not Found: Assets/css
ERROR - 2018-03-07 11:23:49 --> 404 Page Not Found: Assets/css
ERROR - 2018-03-07 11:23:49 --> 404 Page Not Found: Assets/css
ERROR - 2018-03-07 11:23:49 --> 404 Page Not Found: Assets/css
ERROR - 2018-03-07 11:23:49 --> 404 Page Not Found: Assets/css
ERROR - 2018-03-07 11:23:49 --> 404 Page Not Found: Assets/css
ERROR - 2018-03-07 11:23:50 --> 404 Page Not Found: Assets/css
ERROR - 2018-03-07 11:23:50 --> 404 Page Not Found: Assets/css
ERROR - 2018-03-07 11:23:50 --> 404 Page Not Found: Assets/css
ERROR - 2018-03-07 11:23:50 --> 404 Page Not Found: Assets/css
ERROR - 2018-03-07 11:23:50 --> 404 Page Not Found: Assets/css
ERROR - 2018-03-07 11:23:50 --> 404 Page Not Found: Assets/js
ERROR - 2018-03-07 11:23:50 --> 404 Page Not Found: Assets/js
ERROR - 2018-03-07 11:23:50 --> 404 Page Not Found: Assets/js
ERROR - 2018-03-07 11:23:50 --> 404 Page Not Found: Assets/js
ERROR - 2018-03-07 11:23:50 --> 404 Page Not Found: Assets/js
ERROR - 2018-03-07 11:23:50 --> 404 Page Not Found: Assets/js
ERROR - 2018-03-07 11:23:50 --> 404 Page Not Found: Assets/js
ERROR - 2018-03-07 11:23:50 --> 404 Page Not Found: Assets/js
ERROR - 2018-03-07 11:23:51 --> 404 Page Not Found: Assets/games
ERROR - 2018-03-07 11:23:51 --> 404 Page Not Found: Assets/js
ERROR - 2018-03-07 11:23:51 --> 404 Page Not Found: Assets/games
ERROR - 2018-03-07 11:23:51 --> 404 Page Not Found: Assets/js
ERROR - 2018-03-07 11:23:51 --> 404 Page Not Found: Assets/games
ERROR - 2018-03-07 11:23:51 --> 404 Page Not Found: Assets/games
ERROR - 2018-03-07 11:23:51 --> 404 Page Not Found: Assets/js
ERROR - 2018-03-07 11:23:51 --> 404 Page Not Found: Assets/games
ERROR - 2018-03-07 11:23:51 --> 404 Page Not Found: Assets/games
ERROR - 2018-03-07 11:23:51 --> 404 Page Not Found: Assets/js
ERROR - 2018-03-07 11:23:51 --> 404 Page Not Found: Images/posts
ERROR - 2018-03-07 11:23:51 --> 404 Page Not Found: Assets/games
ERROR - 2018-03-07 11:23:51 --> 404 Page Not Found: Images/posts
ERROR - 2018-03-07 11:23:51 --> 404 Page Not Found: Assets/js
ERROR - 2018-03-07 11:23:52 --> 404 Page Not Found: Images/posts
ERROR - 2018-03-07 11:23:52 --> 404 Page Not Found: Images/posts
ERROR - 2018-03-07 11:23:52 --> 404 Page Not Found: Images/posts
ERROR - 2018-03-07 11:23:52 --> 404 Page Not Found: Images/posts
ERROR - 2018-03-07 11:23:52 --> 404 Page Not Found: Images/posts
ERROR - 2018-03-07 11:23:52 --> 404 Page Not Found: Assets/js
ERROR - 2018-03-07 11:23:52 --> 404 Page Not Found: Images/posts
ERROR - 2018-03-07 11:23:52 --> 404 Page Not Found: Images/posts
ERROR - 2018-03-07 11:23:52 --> 404 Page Not Found: Images/posts
ERROR - 2018-03-07 11:23:52 --> 404 Page Not Found: Images/posts
ERROR - 2018-03-07 11:23:52 --> 404 Page Not Found: Images/posts
ERROR - 2018-03-07 11:23:52 --> 404 Page Not Found: Assets/js
ERROR - 2018-03-07 11:23:52 --> 404 Page Not Found: Images/posts
ERROR - 2018-03-07 11:23:52 --> 404 Page Not Found: Images/posts
ERROR - 2018-03-07 11:23:52 --> 404 Page Not Found: Images/posts
ERROR - 2018-03-07 11:23:52 --> 404 Page Not Found: Images/posts
ERROR - 2018-03-07 11:23:53 --> 404 Page Not Found: Images/posts
ERROR - 2018-03-07 11:23:53 --> 404 Page Not Found: Images/posts
ERROR - 2018-03-07 11:23:53 --> 404 Page Not Found: Assets/js
ERROR - 2018-03-07 11:23:53 --> 404 Page Not Found: Images/posts
ERROR - 2018-03-07 11:23:53 --> 404 Page Not Found: Images/posts
ERROR - 2018-03-07 11:23:53 --> 404 Page Not Found: Images/posts
ERROR - 2018-03-07 11:23:53 --> 404 Page Not Found: Images/posts
ERROR - 2018-03-07 11:23:53 --> 404 Page Not Found: Images/posts
ERROR - 2018-03-07 11:23:53 --> 404 Page Not Found: Images/posts
ERROR - 2018-03-07 11:23:53 --> 404 Page Not Found: Images/posts
ERROR - 2018-03-07 11:23:53 --> 404 Page Not Found: Assets/js
ERROR - 2018-03-07 11:23:53 --> 404 Page Not Found: Images/posts
ERROR - 2018-03-07 11:23:53 --> 404 Page Not Found: Images/posts
ERROR - 2018-03-07 11:23:53 --> 404 Page Not Found: Images/posts
ERROR - 2018-03-07 11:23:53 --> 404 Page Not Found: Images/posts
ERROR - 2018-03-07 11:23:53 --> 404 Page Not Found: Images/posts
ERROR - 2018-03-07 11:23:53 --> 404 Page Not Found: Assets/js
ERROR - 2018-03-07 11:23:54 --> 404 Page Not Found: Assets/js
ERROR - 2018-03-07 11:23:54 --> 404 Page Not Found: Assets/js
ERROR - 2018-03-07 11:23:54 --> 404 Page Not Found: Assets/js
ERROR - 2018-03-07 11:23:54 --> 404 Page Not Found: Images/favicon.ico
ERROR - 2018-03-07 11:29:45 --> 404 Page Not Found: Assets/css
ERROR - 2018-03-07 11:29:45 --> 404 Page Not Found: Assets/css
ERROR - 2018-03-07 11:29:45 --> 404 Page Not Found: Assets/css
ERROR - 2018-03-07 11:29:45 --> 404 Page Not Found: Assets/css
ERROR - 2018-03-07 11:29:45 --> 404 Page Not Found: Assets/css
ERROR - 2018-03-07 11:29:45 --> 404 Page Not Found: Assets/css
ERROR - 2018-03-07 11:29:45 --> 404 Page Not Found: Assets/css
ERROR - 2018-03-07 11:29:45 --> 404 Page Not Found: Assets/css
ERROR - 2018-03-07 11:29:45 --> 404 Page Not Found: Assets/css
ERROR - 2018-03-07 11:29:45 --> 404 Page Not Found: Assets/css
ERROR - 2018-03-07 11:29:45 --> 404 Page Not Found: Assets/css
ERROR - 2018-03-07 11:29:46 --> 404 Page Not Found: Assets/js
ERROR - 2018-03-07 11:29:46 --> 404 Page Not Found: Assets/js
ERROR - 2018-03-07 11:29:46 --> 404 Page Not Found: Assets/js
ERROR - 2018-03-07 11:29:46 --> 404 Page Not Found: Assets/js
ERROR - 2018-03-07 11:29:46 --> 404 Page Not Found: Assets/js
ERROR - 2018-03-07 11:29:46 --> 404 Page Not Found: Assets/js
ERROR - 2018-03-07 11:29:46 --> 404 Page Not Found: Assets/js
ERROR - 2018-03-07 11:29:46 --> 404 Page Not Found: Assets/js
ERROR - 2018-03-07 11:29:46 --> 404 Page Not Found: Assets/js
ERROR - 2018-03-07 11:29:46 --> 404 Page Not Found: Assets/js
ERROR - 2018-03-07 11:29:46 --> 404 Page Not Found: Assets/js
ERROR - 2018-03-07 11:29:46 --> 404 Page Not Found: Assets/games
ERROR - 2018-03-07 11:29:46 --> 404 Page Not Found: Assets/games
ERROR - 2018-03-07 11:29:47 --> 404 Page Not Found: Assets/games
ERROR - 2018-03-07 11:29:47 --> 404 Page Not Found: Assets/games
ERROR - 2018-03-07 11:29:47 --> 404 Page Not Found: Assets/games
ERROR - 2018-03-07 11:29:47 --> 404 Page Not Found: Assets/games
ERROR - 2018-03-07 11:29:47 --> 404 Page Not Found: Assets/games
ERROR - 2018-03-07 11:29:47 --> 404 Page Not Found: Assets/js
ERROR - 2018-03-07 11:29:47 --> 404 Page Not Found: Images/posts
ERROR - 2018-03-07 11:29:47 --> 404 Page Not Found: Images/posts
ERROR - 2018-03-07 11:29:47 --> 404 Page Not Found: Images/posts
ERROR - 2018-03-07 11:29:47 --> 404 Page Not Found: Images/posts
ERROR - 2018-03-07 11:29:47 --> 404 Page Not Found: Images/posts
ERROR - 2018-03-07 11:29:47 --> 404 Page Not Found: Assets/js
ERROR - 2018-03-07 11:29:48 --> 404 Page Not Found: Images/posts
ERROR - 2018-03-07 11:29:48 --> 404 Page Not Found: Images/posts
ERROR - 2018-03-07 11:29:48 --> 404 Page Not Found: Images/posts
ERROR - 2018-03-07 11:29:48 --> 404 Page Not Found: Images/posts
ERROR - 2018-03-07 11:29:48 --> 404 Page Not Found: Images/posts
ERROR - 2018-03-07 11:29:48 --> 404 Page Not Found: Images/posts
ERROR - 2018-03-07 11:29:48 --> 404 Page Not Found: Assets/js
ERROR - 2018-03-07 11:29:48 --> 404 Page Not Found: Images/posts
ERROR - 2018-03-07 11:29:48 --> 404 Page Not Found: Images/posts
ERROR - 2018-03-07 11:29:48 --> 404 Page Not Found: Images/posts
ERROR - 2018-03-07 11:29:48 --> 404 Page Not Found: Images/posts
ERROR - 2018-03-07 11:29:48 --> 404 Page Not Found: Images/posts
ERROR - 2018-03-07 11:29:49 --> 404 Page Not Found: Assets/js
ERROR - 2018-03-07 11:29:49 --> 404 Page Not Found: Images/posts
ERROR - 2018-03-07 11:29:49 --> 404 Page Not Found: Images/posts
ERROR - 2018-03-07 11:29:49 --> 404 Page Not Found: Images/posts
ERROR - 2018-03-07 11:29:49 --> 404 Page Not Found: Images/posts
ERROR - 2018-03-07 11:29:49 --> 404 Page Not Found: Images/posts
ERROR - 2018-03-07 11:29:49 --> 404 Page Not Found: Assets/js
ERROR - 2018-03-07 11:29:49 --> 404 Page Not Found: Images/posts
ERROR - 2018-03-07 11:29:49 --> 404 Page Not Found: Images/posts
ERROR - 2018-03-07 11:29:49 --> 404 Page Not Found: Images/posts
ERROR - 2018-03-07 11:29:49 --> 404 Page Not Found: Images/posts
ERROR - 2018-03-07 11:29:49 --> 404 Page Not Found: Images/posts
ERROR - 2018-03-07 11:29:49 --> 404 Page Not Found: Images/posts
ERROR - 2018-03-07 11:29:49 --> 404 Page Not Found: Images/posts
ERROR - 2018-03-07 11:29:50 --> 404 Page Not Found: Images/posts
ERROR - 2018-03-07 11:29:50 --> 404 Page Not Found: Assets/js
ERROR - 2018-03-07 11:29:50 --> 404 Page Not Found: Images/posts
ERROR - 2018-03-07 11:29:50 --> 404 Page Not Found: Assets/js
ERROR - 2018-03-07 11:29:50 --> 404 Page Not Found: Assets/js
ERROR - 2018-03-07 11:29:50 --> 404 Page Not Found: Assets/js
ERROR - 2018-03-07 11:29:50 --> 404 Page Not Found: Assets/js
ERROR - 2018-03-07 11:34:19 --> 404 Page Not Found: Assets/css
ERROR - 2018-03-07 11:34:20 --> 404 Page Not Found: Assets/css
ERROR - 2018-03-07 11:34:20 --> 404 Page Not Found: Assets/css
ERROR - 2018-03-07 11:34:20 --> 404 Page Not Found: Assets/css
ERROR - 2018-03-07 11:34:20 --> 404 Page Not Found: Assets/css
ERROR - 2018-03-07 11:34:20 --> 404 Page Not Found: Assets/css
ERROR - 2018-03-07 11:34:20 --> 404 Page Not Found: Assets/css
ERROR - 2018-03-07 11:34:20 --> 404 Page Not Found: Assets/css
ERROR - 2018-03-07 11:34:20 --> 404 Page Not Found: Assets/css
ERROR - 2018-03-07 11:34:20 --> 404 Page Not Found: Assets/css
ERROR - 2018-03-07 11:34:20 --> 404 Page Not Found: Assets/css
ERROR - 2018-03-07 11:34:20 --> 404 Page Not Found: Assets/js
ERROR - 2018-03-07 11:34:20 --> 404 Page Not Found: Assets/js
ERROR - 2018-03-07 11:34:20 --> 404 Page Not Found: Assets/js
ERROR - 2018-03-07 11:34:20 --> 404 Page Not Found: Assets/js
ERROR - 2018-03-07 11:34:20 --> 404 Page Not Found: Assets/js
ERROR - 2018-03-07 11:34:21 --> 404 Page Not Found: Assets/js
ERROR - 2018-03-07 11:34:21 --> 404 Page Not Found: Assets/js
ERROR - 2018-03-07 11:34:21 --> 404 Page Not Found: Assets/js
ERROR - 2018-03-07 11:34:21 --> 404 Page Not Found: Assets/js
ERROR - 2018-03-07 11:34:21 --> 404 Page Not Found: Assets/js
ERROR - 2018-03-07 11:34:21 --> 404 Page Not Found: Assets/games
ERROR - 2018-03-07 11:34:21 --> 404 Page Not Found: Assets/js
ERROR - 2018-03-07 11:34:21 --> 404 Page Not Found: Assets/games
ERROR - 2018-03-07 11:34:21 --> 404 Page Not Found: Assets/games
ERROR - 2018-03-07 11:34:21 --> 404 Page Not Found: Assets/games
ERROR - 2018-03-07 11:34:21 --> 404 Page Not Found: Assets/games
ERROR - 2018-03-07 11:34:21 --> 404 Page Not Found: Assets/games
ERROR - 2018-03-07 11:34:22 --> 404 Page Not Found: Assets/games
ERROR - 2018-03-07 11:34:22 --> 404 Page Not Found: Assets/js
ERROR - 2018-03-07 11:34:22 --> 404 Page Not Found: Images/posts
ERROR - 2018-03-07 11:34:22 --> 404 Page Not Found: Images/posts
ERROR - 2018-03-07 11:34:22 --> 404 Page Not Found: Images/posts
ERROR - 2018-03-07 11:34:22 --> 404 Page Not Found: Images/posts
ERROR - 2018-03-07 11:34:22 --> 404 Page Not Found: Images/posts
ERROR - 2018-03-07 11:34:22 --> 404 Page Not Found: Assets/js
ERROR - 2018-03-07 11:34:22 --> 404 Page Not Found: Images/posts
ERROR - 2018-03-07 11:34:22 --> 404 Page Not Found: Images/posts
ERROR - 2018-03-07 11:34:22 --> 404 Page Not Found: Images/posts
ERROR - 2018-03-07 11:34:22 --> 404 Page Not Found: Images/posts
ERROR - 2018-03-07 11:34:22 --> 404 Page Not Found: Images/posts
ERROR - 2018-03-07 11:34:22 --> 404 Page Not Found: Assets/js
ERROR - 2018-03-07 11:34:22 --> 404 Page Not Found: Images/posts
ERROR - 2018-03-07 11:34:22 --> 404 Page Not Found: Images/posts
ERROR - 2018-03-07 11:34:23 --> 404 Page Not Found: Images/posts
ERROR - 2018-03-07 11:34:23 --> 404 Page Not Found: Images/posts
ERROR - 2018-03-07 11:34:23 --> 404 Page Not Found: Images/posts
ERROR - 2018-03-07 11:34:23 --> 404 Page Not Found: Assets/js
ERROR - 2018-03-07 11:34:23 --> 404 Page Not Found: Images/posts
ERROR - 2018-03-07 11:34:23 --> 404 Page Not Found: Images/posts
ERROR - 2018-03-07 11:34:23 --> 404 Page Not Found: Images/posts
ERROR - 2018-03-07 11:34:23 --> 404 Page Not Found: Images/posts
ERROR - 2018-03-07 11:34:23 --> 404 Page Not Found: Images/posts
ERROR - 2018-03-07 11:34:23 --> 404 Page Not Found: Images/posts
ERROR - 2018-03-07 11:34:23 --> 404 Page Not Found: Images/posts
ERROR - 2018-03-07 11:34:23 --> 404 Page Not Found: Assets/js
ERROR - 2018-03-07 11:34:23 --> 404 Page Not Found: Images/posts
ERROR - 2018-03-07 11:34:23 --> 404 Page Not Found: Images/posts
ERROR - 2018-03-07 11:34:23 --> 404 Page Not Found: Images/posts
ERROR - 2018-03-07 11:34:23 --> 404 Page Not Found: Images/posts
ERROR - 2018-03-07 11:34:23 --> 404 Page Not Found: Images/posts
ERROR - 2018-03-07 11:34:24 --> 404 Page Not Found: Images/posts
ERROR - 2018-03-07 11:34:23 --> 404 Page Not Found: Assets/js
ERROR - 2018-03-07 11:34:24 --> 404 Page Not Found: Images/posts
ERROR - 2018-03-07 11:34:24 --> 404 Page Not Found: Images/posts
ERROR - 2018-03-07 11:34:24 --> 404 Page Not Found: Assets/js
ERROR - 2018-03-07 11:34:24 --> 404 Page Not Found: Assets/js
ERROR - 2018-03-07 11:38:09 --> 404 Page Not Found: Assets/css
ERROR - 2018-03-07 11:38:09 --> 404 Page Not Found: Assets/css
ERROR - 2018-03-07 11:38:09 --> 404 Page Not Found: Assets/css
ERROR - 2018-03-07 11:38:09 --> 404 Page Not Found: Assets/css
ERROR - 2018-03-07 11:38:09 --> 404 Page Not Found: Assets/css
ERROR - 2018-03-07 11:38:09 --> 404 Page Not Found: Assets/css
ERROR - 2018-03-07 11:38:09 --> 404 Page Not Found: Assets/css
ERROR - 2018-03-07 11:38:09 --> 404 Page Not Found: Assets/css
ERROR - 2018-03-07 11:38:09 --> 404 Page Not Found: Assets/css
ERROR - 2018-03-07 11:38:09 --> 404 Page Not Found: Assets/css
ERROR - 2018-03-07 11:38:09 --> 404 Page Not Found: Assets/css
ERROR - 2018-03-07 11:38:10 --> 404 Page Not Found: Assets/js
ERROR - 2018-03-07 11:38:10 --> 404 Page Not Found: Assets/js
ERROR - 2018-03-07 11:38:10 --> 404 Page Not Found: Assets/js
ERROR - 2018-03-07 11:38:10 --> 404 Page Not Found: Assets/js
ERROR - 2018-03-07 11:38:10 --> 404 Page Not Found: Assets/js
ERROR - 2018-03-07 11:38:10 --> 404 Page Not Found: Assets/js
ERROR - 2018-03-07 11:38:10 --> 404 Page Not Found: Assets/js
ERROR - 2018-03-07 11:38:10 --> 404 Page Not Found: Assets/js
ERROR - 2018-03-07 11:38:10 --> 404 Page Not Found: Assets/js
ERROR - 2018-03-07 11:38:10 --> 404 Page Not Found: Assets/js
ERROR - 2018-03-07 11:38:10 --> 404 Page Not Found: Assets/games
ERROR - 2018-03-07 11:38:10 --> 404 Page Not Found: Assets/games
ERROR - 2018-03-07 11:38:11 --> 404 Page Not Found: Assets/games
ERROR - 2018-03-07 11:38:11 --> 404 Page Not Found: Assets/games
ERROR - 2018-03-07 11:38:11 --> 404 Page Not Found: Assets/games
ERROR - 2018-03-07 11:38:11 --> 404 Page Not Found: Assets/js
ERROR - 2018-03-07 11:38:11 --> 404 Page Not Found: Assets/js
ERROR - 2018-03-07 11:38:11 --> 404 Page Not Found: Assets/games
ERROR - 2018-03-07 11:38:11 --> 404 Page Not Found: Assets/games
ERROR - 2018-03-07 11:38:11 --> 404 Page Not Found: Images/posts
ERROR - 2018-03-07 11:38:11 --> 404 Page Not Found: Images/posts
ERROR - 2018-03-07 11:38:11 --> 404 Page Not Found: Assets/js
ERROR - 2018-03-07 11:38:11 --> 404 Page Not Found: Images/posts
ERROR - 2018-03-07 11:38:11 --> 404 Page Not Found: Images/posts
ERROR - 2018-03-07 11:38:11 --> 404 Page Not Found: Images/posts
ERROR - 2018-03-07 11:38:11 --> 404 Page Not Found: Images/posts
ERROR - 2018-03-07 11:38:11 --> 404 Page Not Found: Images/posts
ERROR - 2018-03-07 11:38:11 --> 404 Page Not Found: Images/posts
ERROR - 2018-03-07 11:38:11 --> 404 Page Not Found: Assets/js
ERROR - 2018-03-07 11:38:11 --> 404 Page Not Found: Images/posts
ERROR - 2018-03-07 11:38:12 --> 404 Page Not Found: Images/posts
ERROR - 2018-03-07 11:38:12 --> 404 Page Not Found: Images/posts
ERROR - 2018-03-07 11:38:12 --> 404 Page Not Found: Images/posts
ERROR - 2018-03-07 11:38:12 --> 404 Page Not Found: Images/posts
ERROR - 2018-03-07 11:38:12 --> 404 Page Not Found: Images/posts
ERROR - 2018-03-07 11:38:12 --> 404 Page Not Found: Assets/js
ERROR - 2018-03-07 11:38:12 --> 404 Page Not Found: Images/posts
ERROR - 2018-03-07 11:38:12 --> 404 Page Not Found: Images/posts
ERROR - 2018-03-07 11:38:12 --> 404 Page Not Found: Images/posts
ERROR - 2018-03-07 11:38:12 --> 404 Page Not Found: Images/posts
ERROR - 2018-03-07 11:38:12 --> 404 Page Not Found: Assets/js
ERROR - 2018-03-07 11:38:12 --> 404 Page Not Found: Images/posts
ERROR - 2018-03-07 11:38:12 --> 404 Page Not Found: Images/posts
ERROR - 2018-03-07 11:38:12 --> 404 Page Not Found: Images/posts
ERROR - 2018-03-07 11:38:13 --> 404 Page Not Found: Images/posts
ERROR - 2018-03-07 11:38:13 --> 404 Page Not Found: Images/posts
ERROR - 2018-03-07 11:38:13 --> 404 Page Not Found: Images/posts
ERROR - 2018-03-07 11:38:13 --> 404 Page Not Found: Images/posts
ERROR - 2018-03-07 11:38:13 --> 404 Page Not Found: Assets/js
ERROR - 2018-03-07 11:38:13 --> 404 Page Not Found: Images/posts
ERROR - 2018-03-07 11:38:13 --> 404 Page Not Found: Images/posts
ERROR - 2018-03-07 11:38:13 --> 404 Page Not Found: Images/posts
ERROR - 2018-03-07 11:38:13 --> 404 Page Not Found: Images/posts
ERROR - 2018-03-07 11:38:13 --> 404 Page Not Found: Images/posts
ERROR - 2018-03-07 11:38:13 --> 404 Page Not Found: Assets/js
ERROR - 2018-03-07 11:38:13 --> 404 Page Not Found: Assets/js
ERROR - 2018-03-07 11:38:13 --> 404 Page Not Found: Assets/js
ERROR - 2018-03-07 11:38:14 --> 404 Page Not Found: Assets/js
ERROR - 2018-03-07 11:40:14 --> 404 Page Not Found: Assets/css
ERROR - 2018-03-07 11:40:14 --> 404 Page Not Found: Assets/css
ERROR - 2018-03-07 11:40:14 --> 404 Page Not Found: Assets/css
ERROR - 2018-03-07 11:40:14 --> 404 Page Not Found: Assets/css
ERROR - 2018-03-07 11:40:14 --> 404 Page Not Found: Assets/css
ERROR - 2018-03-07 11:40:14 --> 404 Page Not Found: Assets/css
ERROR - 2018-03-07 11:40:15 --> 404 Page Not Found: Assets/css
ERROR - 2018-03-07 11:40:15 --> 404 Page Not Found: Assets/css
ERROR - 2018-03-07 11:40:15 --> 404 Page Not Found: Assets/css
ERROR - 2018-03-07 11:40:15 --> 404 Page Not Found: Assets/css
ERROR - 2018-03-07 11:40:15 --> 404 Page Not Found: Assets/css
ERROR - 2018-03-07 11:40:15 --> 404 Page Not Found: Assets/js
ERROR - 2018-03-07 11:40:15 --> 404 Page Not Found: Assets/js
ERROR - 2018-03-07 11:40:15 --> 404 Page Not Found: Assets/js
ERROR - 2018-03-07 11:40:15 --> 404 Page Not Found: Assets/js
ERROR - 2018-03-07 11:40:15 --> 404 Page Not Found: Assets/js
ERROR - 2018-03-07 11:40:15 --> 404 Page Not Found: Assets/js
ERROR - 2018-03-07 11:40:15 --> 404 Page Not Found: Assets/js
ERROR - 2018-03-07 11:40:15 --> 404 Page Not Found: Assets/js
ERROR - 2018-03-07 11:40:15 --> 404 Page Not Found: Assets/js
ERROR - 2018-03-07 11:40:15 --> 404 Page Not Found: Assets/js
ERROR - 2018-03-07 11:40:15 --> 404 Page Not Found: Assets/js
ERROR - 2018-03-07 11:40:15 --> 404 Page Not Found: Assets/games
ERROR - 2018-03-07 11:40:16 --> 404 Page Not Found: Assets/games
ERROR - 2018-03-07 11:40:16 --> 404 Page Not Found: Assets/games
ERROR - 2018-03-07 11:40:16 --> 404 Page Not Found: Assets/games
ERROR - 2018-03-07 11:40:16 --> 404 Page Not Found: Assets/games
ERROR - 2018-03-07 11:40:16 --> 404 Page Not Found: Assets/games
ERROR - 2018-03-07 11:40:16 --> 404 Page Not Found: Assets/games
ERROR - 2018-03-07 11:40:16 --> 404 Page Not Found: Assets/js
ERROR - 2018-03-07 11:40:16 --> 404 Page Not Found: Images/posts
ERROR - 2018-03-07 11:40:16 --> 404 Page Not Found: Images/posts
ERROR - 2018-03-07 11:40:16 --> 404 Page Not Found: Images/posts
ERROR - 2018-03-07 11:40:16 --> 404 Page Not Found: Images/posts
ERROR - 2018-03-07 11:40:16 --> 404 Page Not Found: Assets/js
ERROR - 2018-03-07 11:40:16 --> 404 Page Not Found: Images/posts
ERROR - 2018-03-07 11:40:16 --> 404 Page Not Found: Images/posts
ERROR - 2018-03-07 11:40:17 --> 404 Page Not Found: Images/posts
ERROR - 2018-03-07 11:40:17 --> 404 Page Not Found: Assets/js
ERROR - 2018-03-07 11:40:17 --> 404 Page Not Found: Images/posts
ERROR - 2018-03-07 11:40:17 --> 404 Page Not Found: Images/posts
ERROR - 2018-03-07 11:40:17 --> 404 Page Not Found: Images/posts
ERROR - 2018-03-07 11:40:17 --> 404 Page Not Found: Images/posts
ERROR - 2018-03-07 11:40:17 --> 404 Page Not Found: Images/posts
ERROR - 2018-03-07 11:40:17 --> 404 Page Not Found: Assets/js
ERROR - 2018-03-07 11:40:17 --> 404 Page Not Found: Images/posts
ERROR - 2018-03-07 11:40:17 --> 404 Page Not Found: Images/posts
ERROR - 2018-03-07 11:40:17 --> 404 Page Not Found: Images/posts
ERROR - 2018-03-07 11:40:18 --> 404 Page Not Found: Images/posts
ERROR - 2018-03-07 11:40:18 --> 404 Page Not Found: Images/posts
ERROR - 2018-03-07 11:40:18 --> 404 Page Not Found: Images/posts
ERROR - 2018-03-07 11:40:18 --> 404 Page Not Found: Images/posts
ERROR - 2018-03-07 11:40:18 --> 404 Page Not Found: Assets/js
ERROR - 2018-03-07 11:40:18 --> 404 Page Not Found: Images/posts
ERROR - 2018-03-07 11:40:18 --> 404 Page Not Found: Images/posts
ERROR - 2018-03-07 11:40:18 --> 404 Page Not Found: Images/posts
ERROR - 2018-03-07 11:40:18 --> 404 Page Not Found: Images/posts
ERROR - 2018-03-07 11:40:18 --> 404 Page Not Found: Images/posts
ERROR - 2018-03-07 11:40:18 --> 404 Page Not Found: Images/posts
ERROR - 2018-03-07 11:40:18 --> 404 Page Not Found: Images/posts
ERROR - 2018-03-07 11:40:18 --> 404 Page Not Found: Images/posts
ERROR - 2018-03-07 11:40:18 --> 404 Page Not Found: Images/posts
ERROR - 2018-03-07 11:40:18 --> 404 Page Not Found: Assets/js
ERROR - 2018-03-07 11:40:18 --> 404 Page Not Found: Images/posts
ERROR - 2018-03-07 11:40:18 --> 404 Page Not Found: Images/posts
ERROR - 2018-03-07 11:40:18 --> 404 Page Not Found: Assets/js
ERROR - 2018-03-07 11:40:19 --> 404 Page Not Found: Assets/js
ERROR - 2018-03-07 11:40:19 --> 404 Page Not Found: Assets/js
ERROR - 2018-03-07 11:42:25 --> 404 Page Not Found: Assets/css
ERROR - 2018-03-07 11:42:25 --> 404 Page Not Found: Assets/css
ERROR - 2018-03-07 11:42:25 --> 404 Page Not Found: Assets/css
ERROR - 2018-03-07 11:42:25 --> 404 Page Not Found: Assets/css
ERROR - 2018-03-07 11:42:25 --> 404 Page Not Found: Assets/css
ERROR - 2018-03-07 11:42:25 --> 404 Page Not Found: Assets/css
ERROR - 2018-03-07 11:42:25 --> 404 Page Not Found: Assets/css
ERROR - 2018-03-07 11:42:25 --> 404 Page Not Found: Assets/css
ERROR - 2018-03-07 11:42:25 --> 404 Page Not Found: Assets/css
ERROR - 2018-03-07 11:42:25 --> 404 Page Not Found: Assets/css
ERROR - 2018-03-07 11:42:25 --> 404 Page Not Found: Assets/css
ERROR - 2018-03-07 11:42:26 --> 404 Page Not Found: Assets/js
ERROR - 2018-03-07 11:42:26 --> 404 Page Not Found: Assets/js
ERROR - 2018-03-07 11:42:26 --> 404 Page Not Found: Assets/js
ERROR - 2018-03-07 11:42:26 --> 404 Page Not Found: Assets/js
ERROR - 2018-03-07 11:42:26 --> 404 Page Not Found: Assets/js
ERROR - 2018-03-07 11:42:26 --> 404 Page Not Found: Assets/js
ERROR - 2018-03-07 11:42:26 --> 404 Page Not Found: Assets/js
ERROR - 2018-03-07 11:42:26 --> 404 Page Not Found: Assets/js
ERROR - 2018-03-07 11:42:26 --> 404 Page Not Found: Assets/js
ERROR - 2018-03-07 11:42:26 --> 404 Page Not Found: Assets/js
ERROR - 2018-03-07 11:42:27 --> 404 Page Not Found: Assets/games
ERROR - 2018-03-07 11:42:27 --> 404 Page Not Found: Assets/games
ERROR - 2018-03-07 11:42:27 --> 404 Page Not Found: Assets/js
ERROR - 2018-03-07 11:42:27 --> 404 Page Not Found: Assets/games
ERROR - 2018-03-07 11:42:27 --> 404 Page Not Found: Assets/games
ERROR - 2018-03-07 11:42:27 --> 404 Page Not Found: Assets/js
ERROR - 2018-03-07 11:42:27 --> 404 Page Not Found: Assets/games
ERROR - 2018-03-07 11:42:27 --> 404 Page Not Found: Assets/games
ERROR - 2018-03-07 11:42:27 --> 404 Page Not Found: Assets/games
ERROR - 2018-03-07 11:42:27 --> 404 Page Not Found: Images/posts
ERROR - 2018-03-07 11:42:27 --> 404 Page Not Found: Images/posts
ERROR - 2018-03-07 11:42:27 --> 404 Page Not Found: Images/posts
ERROR - 2018-03-07 11:42:27 --> 404 Page Not Found: Assets/js
ERROR - 2018-03-07 11:42:27 --> 404 Page Not Found: Images/posts
ERROR - 2018-03-07 11:42:27 --> 404 Page Not Found: Images/posts
ERROR - 2018-03-07 11:42:27 --> 404 Page Not Found: Images/posts
ERROR - 2018-03-07 11:42:28 --> 404 Page Not Found: Images/posts
ERROR - 2018-03-07 11:42:28 --> 404 Page Not Found: Images/posts
ERROR - 2018-03-07 11:42:28 --> 404 Page Not Found: Images/posts
ERROR - 2018-03-07 11:42:28 --> 404 Page Not Found: Assets/js
ERROR - 2018-03-07 11:42:28 --> 404 Page Not Found: Images/posts
ERROR - 2018-03-07 11:42:28 --> 404 Page Not Found: Images/posts
ERROR - 2018-03-07 11:42:28 --> 404 Page Not Found: Images/posts
ERROR - 2018-03-07 11:42:28 --> 404 Page Not Found: Images/posts
ERROR - 2018-03-07 11:42:28 --> 404 Page Not Found: Images/posts
ERROR - 2018-03-07 11:42:28 --> 404 Page Not Found: Images/posts
ERROR - 2018-03-07 11:42:28 --> 404 Page Not Found: Images/posts
ERROR - 2018-03-07 11:42:28 --> 404 Page Not Found: Assets/js
ERROR - 2018-03-07 11:42:28 --> 404 Page Not Found: Images/posts
ERROR - 2018-03-07 11:42:28 --> 404 Page Not Found: Images/posts
ERROR - 2018-03-07 11:42:28 --> 404 Page Not Found: Images/posts
ERROR - 2018-03-07 11:42:29 --> 404 Page Not Found: Assets/js
ERROR - 2018-03-07 11:42:29 --> 404 Page Not Found: Images/posts
ERROR - 2018-03-07 11:42:29 --> 404 Page Not Found: Images/posts
ERROR - 2018-03-07 11:42:29 --> 404 Page Not Found: Images/posts
ERROR - 2018-03-07 11:42:29 --> 404 Page Not Found: Images/posts
ERROR - 2018-03-07 11:42:29 --> 404 Page Not Found: Images/posts
ERROR - 2018-03-07 11:42:29 --> 404 Page Not Found: Images/posts
ERROR - 2018-03-07 11:42:29 --> 404 Page Not Found: Assets/js
ERROR - 2018-03-07 11:42:29 --> 404 Page Not Found: Images/posts
ERROR - 2018-03-07 11:42:29 --> 404 Page Not Found: Images/posts
ERROR - 2018-03-07 11:42:29 --> 404 Page Not Found: Images/posts
ERROR - 2018-03-07 11:42:29 --> 404 Page Not Found: Images/posts
ERROR - 2018-03-07 11:42:29 --> 404 Page Not Found: Images/posts
ERROR - 2018-03-07 11:42:29 --> 404 Page Not Found: Assets/js
ERROR - 2018-03-07 11:42:29 --> 404 Page Not Found: Assets/js
ERROR - 2018-03-07 11:42:30 --> 404 Page Not Found: Assets/js
ERROR - 2018-03-07 11:42:30 --> 404 Page Not Found: Assets/js
ERROR - 2018-03-07 11:42:32 --> 404 Page Not Found: Assets/css
ERROR - 2018-03-07 11:42:32 --> 404 Page Not Found: Assets/css
ERROR - 2018-03-07 11:42:32 --> 404 Page Not Found: Assets/css
ERROR - 2018-03-07 11:42:32 --> 404 Page Not Found: Assets/css
ERROR - 2018-03-07 11:42:32 --> 404 Page Not Found: Assets/css
ERROR - 2018-03-07 11:42:32 --> 404 Page Not Found: Assets/css
ERROR - 2018-03-07 11:42:32 --> 404 Page Not Found: Assets/css
ERROR - 2018-03-07 11:42:32 --> 404 Page Not Found: Assets/css
ERROR - 2018-03-07 11:42:32 --> 404 Page Not Found: Assets/css
ERROR - 2018-03-07 11:42:32 --> 404 Page Not Found: Assets/css
ERROR - 2018-03-07 11:42:32 --> 404 Page Not Found: Assets/css
ERROR - 2018-03-07 11:42:37 --> 404 Page Not Found: Assets/css
ERROR - 2018-03-07 11:42:37 --> 404 Page Not Found: Assets/css
ERROR - 2018-03-07 11:42:37 --> 404 Page Not Found: Assets/css
ERROR - 2018-03-07 11:42:37 --> 404 Page Not Found: Assets/css
ERROR - 2018-03-07 11:42:38 --> 404 Page Not Found: Assets/css
ERROR - 2018-03-07 11:42:38 --> 404 Page Not Found: Assets/css
ERROR - 2018-03-07 11:42:38 --> 404 Page Not Found: Assets/css
ERROR - 2018-03-07 11:42:38 --> 404 Page Not Found: Assets/css
ERROR - 2018-03-07 11:42:38 --> 404 Page Not Found: Assets/css
ERROR - 2018-03-07 11:42:38 --> 404 Page Not Found: Assets/css
ERROR - 2018-03-07 11:42:38 --> 404 Page Not Found: Assets/css
ERROR - 2018-03-07 11:42:38 --> 404 Page Not Found: Assets/js
ERROR - 2018-03-07 11:42:38 --> 404 Page Not Found: Assets/js
ERROR - 2018-03-07 11:42:38 --> 404 Page Not Found: Assets/js
ERROR - 2018-03-07 11:42:38 --> 404 Page Not Found: Assets/js
ERROR - 2018-03-07 11:42:38 --> 404 Page Not Found: Assets/js
ERROR - 2018-03-07 11:42:39 --> 404 Page Not Found: Assets/js
ERROR - 2018-03-07 11:42:39 --> 404 Page Not Found: Assets/js
ERROR - 2018-03-07 11:42:39 --> 404 Page Not Found: Assets/js
ERROR - 2018-03-07 11:42:39 --> 404 Page Not Found: Assets/js
ERROR - 2018-03-07 11:42:39 --> 404 Page Not Found: Assets/js
ERROR - 2018-03-07 11:42:39 --> 404 Page Not Found: Assets/js
ERROR - 2018-03-07 11:42:39 --> 404 Page Not Found: Assets/games
ERROR - 2018-03-07 11:42:39 --> 404 Page Not Found: Assets/games
ERROR - 2018-03-07 11:42:39 --> 404 Page Not Found: Assets/games
ERROR - 2018-03-07 11:42:39 --> 404 Page Not Found: Assets/js
ERROR - 2018-03-07 11:42:40 --> 404 Page Not Found: Assets/games
ERROR - 2018-03-07 11:42:40 --> 404 Page Not Found: Assets/games
ERROR - 2018-03-07 11:42:40 --> 404 Page Not Found: Images/posts
ERROR - 2018-03-07 11:42:40 --> 404 Page Not Found: Assets/games
ERROR - 2018-03-07 11:42:40 --> 404 Page Not Found: Images/posts
ERROR - 2018-03-07 11:42:40 --> 404 Page Not Found: Assets/games
ERROR - 2018-03-07 11:42:40 --> 404 Page Not Found: Assets/js
ERROR - 2018-03-07 11:42:40 --> 404 Page Not Found: Images/posts
ERROR - 2018-03-07 11:42:40 --> 404 Page Not Found: Images/posts
ERROR - 2018-03-07 11:42:40 --> 404 Page Not Found: Images/posts
ERROR - 2018-03-07 11:42:40 --> 404 Page Not Found: Images/posts
ERROR - 2018-03-07 11:42:41 --> 404 Page Not Found: Images/posts
ERROR - 2018-03-07 11:42:41 --> 404 Page Not Found: Images/posts
ERROR - 2018-03-07 11:42:41 --> 404 Page Not Found: Assets/js
ERROR - 2018-03-07 11:42:41 --> 404 Page Not Found: Images/posts
ERROR - 2018-03-07 11:42:41 --> 404 Page Not Found: Images/posts
ERROR - 2018-03-07 11:42:41 --> 404 Page Not Found: Images/posts
ERROR - 2018-03-07 11:42:41 --> 404 Page Not Found: Images/posts
ERROR - 2018-03-07 11:42:41 --> 404 Page Not Found: Images/posts
ERROR - 2018-03-07 11:42:41 --> 404 Page Not Found: Images/posts
ERROR - 2018-03-07 11:42:41 --> 404 Page Not Found: Assets/js
ERROR - 2018-03-07 11:42:41 --> 404 Page Not Found: Images/posts
ERROR - 2018-03-07 11:42:41 --> 404 Page Not Found: Images/posts
ERROR - 2018-03-07 11:42:41 --> 404 Page Not Found: Images/posts
ERROR - 2018-03-07 11:42:41 --> 404 Page Not Found: Images/posts
ERROR - 2018-03-07 11:42:42 --> 404 Page Not Found: Assets/js
ERROR - 2018-03-07 11:42:42 --> 404 Page Not Found: Images/posts
ERROR - 2018-03-07 11:42:42 --> 404 Page Not Found: Images/posts
ERROR - 2018-03-07 11:42:42 --> 404 Page Not Found: Images/posts
ERROR - 2018-03-07 11:42:42 --> 404 Page Not Found: Images/posts
ERROR - 2018-03-07 11:42:42 --> 404 Page Not Found: Assets/js
ERROR - 2018-03-07 11:42:42 --> 404 Page Not Found: Images/posts
ERROR - 2018-03-07 11:42:42 --> 404 Page Not Found: Images/posts
ERROR - 2018-03-07 11:42:42 --> 404 Page Not Found: Images/posts
ERROR - 2018-03-07 11:42:42 --> 404 Page Not Found: Images/posts
ERROR - 2018-03-07 11:42:42 --> 404 Page Not Found: Images/posts
ERROR - 2018-03-07 11:42:42 --> 404 Page Not Found: Images/posts
ERROR - 2018-03-07 11:42:42 --> 404 Page Not Found: Assets/js
ERROR - 2018-03-07 11:42:42 --> 404 Page Not Found: Images/posts
ERROR - 2018-03-07 11:42:43 --> 404 Page Not Found: Images/posts
ERROR - 2018-03-07 11:42:43 --> 404 Page Not Found: Assets/js
ERROR - 2018-03-07 11:43:59 --> 404 Page Not Found: Assets/css
ERROR - 2018-03-07 11:43:59 --> 404 Page Not Found: Assets/css
ERROR - 2018-03-07 11:43:59 --> 404 Page Not Found: Assets/css
ERROR - 2018-03-07 11:43:59 --> 404 Page Not Found: Assets/css
ERROR - 2018-03-07 11:43:59 --> 404 Page Not Found: Assets/css
ERROR - 2018-03-07 11:43:59 --> 404 Page Not Found: Assets/css
ERROR - 2018-03-07 11:43:59 --> 404 Page Not Found: Assets/css
ERROR - 2018-03-07 11:44:00 --> 404 Page Not Found: Assets/css
ERROR - 2018-03-07 11:44:00 --> 404 Page Not Found: Assets/css
ERROR - 2018-03-07 11:44:00 --> 404 Page Not Found: Assets/css
ERROR - 2018-03-07 11:44:00 --> 404 Page Not Found: Assets/css
ERROR - 2018-03-07 11:44:00 --> 404 Page Not Found: Assets/css
ERROR - 2018-03-07 11:44:00 --> 404 Page Not Found: Assets/css
ERROR - 2018-03-07 11:44:00 --> 404 Page Not Found: Assets/css
ERROR - 2018-03-07 11:44:00 --> 404 Page Not Found: Assets/css
ERROR - 2018-03-07 11:44:00 --> 404 Page Not Found: Assets/js
ERROR - 2018-03-07 11:44:00 --> 404 Page Not Found: Assets/js
ERROR - 2018-03-07 11:44:00 --> 404 Page Not Found: Assets/js
ERROR - 2018-03-07 11:44:00 --> 404 Page Not Found: Assets/js
ERROR - 2018-03-07 11:44:00 --> 404 Page Not Found: Assets/js
ERROR - 2018-03-07 11:44:01 --> 404 Page Not Found: Assets/js
ERROR - 2018-03-07 11:44:01 --> 404 Page Not Found: Assets/js
ERROR - 2018-03-07 11:44:01 --> 404 Page Not Found: Assets/js
ERROR - 2018-03-07 11:44:01 --> 404 Page Not Found: Assets/js
ERROR - 2018-03-07 11:44:01 --> 404 Page Not Found: Assets/games
ERROR - 2018-03-07 11:44:01 --> 404 Page Not Found: Assets/games
ERROR - 2018-03-07 11:44:01 --> 404 Page Not Found: Assets/js
ERROR - 2018-03-07 11:44:01 --> 404 Page Not Found: Assets/games
ERROR - 2018-03-07 11:44:01 --> 404 Page Not Found: Assets/js
ERROR - 2018-03-07 11:44:01 --> 404 Page Not Found: Assets/games
ERROR - 2018-03-07 11:44:02 --> 404 Page Not Found: Assets/games
ERROR - 2018-03-07 11:44:02 --> 404 Page Not Found: Assets/js
ERROR - 2018-03-07 11:44:02 --> 404 Page Not Found: Assets/games
ERROR - 2018-03-07 11:44:02 --> 404 Page Not Found: Assets/js
ERROR - 2018-03-07 11:44:02 --> 404 Page Not Found: Assets/games
ERROR - 2018-03-07 11:44:02 --> 404 Page Not Found: Images/posts
ERROR - 2018-03-07 11:44:02 --> 404 Page Not Found: Images/posts
ERROR - 2018-03-07 11:44:02 --> 404 Page Not Found: Images/posts
ERROR - 2018-03-07 11:44:02 --> 404 Page Not Found: Images/posts
ERROR - 2018-03-07 11:44:02 --> 404 Page Not Found: Images/posts
ERROR - 2018-03-07 11:44:02 --> 404 Page Not Found: Assets/js
ERROR - 2018-03-07 11:44:02 --> 404 Page Not Found: Images/posts
ERROR - 2018-03-07 11:44:02 --> 404 Page Not Found: Images/posts
ERROR - 2018-03-07 11:44:03 --> 404 Page Not Found: Images/posts
ERROR - 2018-03-07 11:44:03 --> 404 Page Not Found: Images/posts
ERROR - 2018-03-07 11:44:03 --> 404 Page Not Found: Images/posts
ERROR - 2018-03-07 11:44:03 --> 404 Page Not Found: Images/posts
ERROR - 2018-03-07 11:44:03 --> 404 Page Not Found: Images/posts
ERROR - 2018-03-07 11:44:03 --> 404 Page Not Found: Assets/js
ERROR - 2018-03-07 11:44:03 --> 404 Page Not Found: Images/posts
ERROR - 2018-03-07 11:44:03 --> 404 Page Not Found: Images/posts
ERROR - 2018-03-07 11:44:03 --> 404 Page Not Found: Images/posts
ERROR - 2018-03-07 11:44:03 --> 404 Page Not Found: Images/posts
ERROR - 2018-03-07 11:44:03 --> 404 Page Not Found: Images/posts
ERROR - 2018-03-07 11:44:03 --> 404 Page Not Found: Images/posts
ERROR - 2018-03-07 11:44:03 --> 404 Page Not Found: Images/posts
ERROR - 2018-03-07 11:44:04 --> 404 Page Not Found: Images/posts
ERROR - 2018-03-07 11:44:04 --> 404 Page Not Found: Assets/js
ERROR - 2018-03-07 11:44:04 --> 404 Page Not Found: Images/posts
ERROR - 2018-03-07 11:44:04 --> 404 Page Not Found: Images/posts
ERROR - 2018-03-07 11:44:04 --> 404 Page Not Found: Images/posts
ERROR - 2018-03-07 11:44:04 --> 404 Page Not Found: Images/posts
ERROR - 2018-03-07 11:44:04 --> 404 Page Not Found: Images/posts
ERROR - 2018-03-07 11:44:04 --> 404 Page Not Found: Assets/js
ERROR - 2018-03-07 11:44:04 --> 404 Page Not Found: Images/posts
ERROR - 2018-03-07 11:44:04 --> 404 Page Not Found: Images/posts
ERROR - 2018-03-07 11:44:04 --> 404 Page Not Found: Images/posts
ERROR - 2018-03-07 11:44:04 --> 404 Page Not Found: Images/posts
ERROR - 2018-03-07 11:44:04 --> 404 Page Not Found: Images/posts
ERROR - 2018-03-07 11:44:05 --> 404 Page Not Found: Assets/js
ERROR - 2018-03-07 11:44:05 --> 404 Page Not Found: Assets/js
ERROR - 2018-03-07 11:44:05 --> 404 Page Not Found: Assets/js
ERROR - 2018-03-07 11:44:05 --> 404 Page Not Found: Assets/js
