ERROR - 2018-02-28 02:56:05 --> 404 Page Not Found: Faviconico/index
ERROR - 2018-02-28 02:57:38 --> Severity: Notice --> Undefined variable: emails C:\xampp\htdocs\Gmedia\app\views\backend\metronic\parameters\view_email_template.php 53
ERROR - 2018-02-28 02:57:39 --> Severity: Notice --> Undefined variable: emails C:\xampp\htdocs\Gmedia\app\views\backend\metronic\parameters\view_email_template.php 112
ERROR - 2018-02-28 03:10:08 --> Severity: Notice --> Undefined variable: emails C:\xampp\htdocs\Gmedia\app\views\backend\metronic\parameters\view_email_template.php 53
ERROR - 2018-02-28 03:10:08 --> Severity: Notice --> Undefined variable: emails C:\xampp\htdocs\Gmedia\app\views\backend\metronic\parameters\view_email_template.php 112
ERROR - 2018-02-28 03:10:38 --> Severity: Notice --> Undefined variable: emails C:\xampp\htdocs\Gmedia\app\views\backend\metronic\parameters\view_email_template.php 53
ERROR - 2018-02-28 03:10:38 --> Severity: Notice --> Undefined variable: emails C:\xampp\htdocs\Gmedia\app\views\backend\metronic\parameters\view_email_template.php 112
ERROR - 2018-02-28 03:11:06 --> Severity: Notice --> Undefined variable: emails C:\xampp\htdocs\Gmedia\app\views\backend\metronic\parameters\view_email_template.php 53
ERROR - 2018-02-28 03:11:06 --> Severity: Notice --> Undefined variable: emails C:\xampp\htdocs\Gmedia\app\views\backend\metronic\parameters\view_email_template.php 112
ERROR - 2018-02-28 03:14:36 --> Severity: Notice --> Undefined variable: emails C:\xampp\htdocs\Gmedia\app\views\backend\metronic\parameters\view_email_template.php 53
ERROR - 2018-02-28 03:14:36 --> Severity: Notice --> Undefined variable: emails C:\xampp\htdocs\Gmedia\app\views\backend\metronic\parameters\view_email_template.php 112
ERROR - 2018-02-28 03:18:00 --> Severity: Notice --> Undefined variable: emails C:\xampp\htdocs\Gmedia\app\views\backend\metronic\parameters\view_email_template.php 53
ERROR - 2018-02-28 03:18:00 --> Severity: Notice --> Undefined variable: emails C:\xampp\htdocs\Gmedia\app\views\backend\metronic\parameters\view_email_template.php 112
ERROR - 2018-02-28 03:19:55 --> Severity: Notice --> Undefined variable: emails C:\xampp\htdocs\Gmedia\app\views\backend\metronic\parameters\view_email_template.php 53
ERROR - 2018-02-28 03:19:55 --> Severity: Notice --> Undefined variable: emails C:\xampp\htdocs\Gmedia\app\views\backend\metronic\parameters\view_email_template.php 112
ERROR - 2018-02-28 03:21:08 --> Severity: Notice --> Undefined variable: emails C:\xampp\htdocs\Gmedia\app\views\backend\metronic\parameters\view_email_template.php 53
ERROR - 2018-02-28 03:21:08 --> Severity: Notice --> Undefined variable: emails C:\xampp\htdocs\Gmedia\app\views\backend\metronic\parameters\view_email_template.php 112
ERROR - 2018-02-28 03:34:03 --> Query error: Unknown column 'ip' in 'field list' - Invalid query: INSERT INTO `cms_action_history` (`id`, `id_user`, `url`, `actions`, `data`, `result`, `ip`, `entry_by`, `entry_time`) VALUES ('201802280334037158', '1', 'user-management/privilege_menu', 'Save', '{\\\"id\\\":\\\"\\\",\\\"name\\\":\\\"Master\\\",\\\"description\\\":\\\"\\\",\\\"url\\\":\\\"#\\\",\\\"icon\\\":\\\"icon-book-open\\\",\\\"parent\\\":\\\"0\\\",\\\"status\\\":\\\"1\\\"}', '{\\\"success\\\":true,\\\"title\\\":\\\"Saving Data\\\",\\\"message\\\":\\\"Data has been saved.\\\"}', '::1', '1', '2018-02-28 03:34:03')
ERROR - 2018-02-28 03:34:17 --> Query error: Unknown column 'ip' in 'field list' - Invalid query: INSERT INTO `cms_action_history` (`id`, `id_user`, `url`, `actions`, `data`, `result`, `ip`, `entry_by`, `entry_time`) VALUES ('201802280334176865', '1', 'user-management/privilege_menu', 'Save', '{\\\"menu\\\":\\\"37\\\",\\\"privilege\\\":\\\"1\\\",\\\"access\\\":\\\"1\\\"}', '{\\\"success\\\":true,\\\"title\\\":\\\"Updating Data\\\",\\\"message\\\":\\\"Data has been updated.\\\"}', '::1', '1', '2018-02-28 03:34:17')
ERROR - 2018-02-28 03:34:41 --> Query error: Unknown column 'ip' in 'field list' - Invalid query: INSERT INTO `cms_action_history` (`id`, `id_user`, `url`, `actions`, `data`, `result`, `ip`, `entry_by`, `entry_time`) VALUES ('20180228033441694', '1', 'user-management/privilege_menu', 'Update', '{\\\"id\\\":\\\"37\\\",\\\"name\\\":\\\"Master\\\",\\\"description\\\":\\\"\\\",\\\"url\\\":\\\"#\\\",\\\"icon\\\":\\\"icon-badge\\\",\\\"parent\\\":\\\"0\\\",\\\"status\\\":\\\"1\\\"}', '{\\\"success\\\":true,\\\"title\\\":\\\"Updating Data\\\",\\\"message\\\":\\\"Data has been updated.\\\"}', '::1', '1', '2018-02-28 03:34:41')
ERROR - 2018-02-28 03:35:26 --> Query error: Unknown column 'ip' in 'field list' - Invalid query: INSERT INTO `cms_action_history` (`id`, `id_user`, `url`, `actions`, `data`, `result`, `ip`, `entry_by`, `entry_time`) VALUES ('201802280335268761', '1', 'user-management/privilege_menu', 'Update', '{\\\"id\\\":\\\"37\\\",\\\"name\\\":\\\"Master Managing\\\",\\\"description\\\":\\\"\\\",\\\"url\\\":\\\"#\\\",\\\"icon\\\":\\\"icon-badge\\\",\\\"parent\\\":\\\"0\\\",\\\"status\\\":\\\"1\\\"}', '{\\\"success\\\":true,\\\"title\\\":\\\"Updating Data\\\",\\\"message\\\":\\\"Data has been updated.\\\"}', '::1', '1', '2018-02-28 03:35:26')
ERROR - 2018-02-28 03:37:54 --> Query error: Unknown column 'ip' in 'field list' - Invalid query: INSERT INTO `cms_action_history` (`id`, `id_user`, `url`, `actions`, `data`, `result`, `ip`, `entry_by`, `entry_time`) VALUES ('201802280337548485', '1', 'user-management/privilege_menu', 'Save', '{\\\"id\\\":\\\"\\\",\\\"name\\\":\\\"Countries\\\",\\\"description\\\":\\\"Management Countries\\\",\\\"url\\\":\\\"master_managing\\\\/countries\\\",\\\"icon\\\":\\\"icon-flag\\\",\\\"parent\\\":\\\"37\\\",\\\"status\\\":\\\"1\\\"}', '{\\\"success\\\":true,\\\"title\\\":\\\"Saving Data\\\",\\\"message\\\":\\\"Data has been saved.\\\"}', '::1', '1', '2018-02-28 03:37:54')
ERROR - 2018-02-28 03:38:13 --> Query error: Unknown column 'ip' in 'field list' - Invalid query: INSERT INTO `cms_action_history` (`id`, `id_user`, `url`, `actions`, `data`, `result`, `ip`, `entry_by`, `entry_time`) VALUES ('201802280338135853', '1', 'user-management/privilege_menu', 'Update', '{\\\"id\\\":\\\"38\\\",\\\"name\\\":\\\"Countries\\\",\\\"description\\\":\\\"Management Countries\\\",\\\"url\\\":\\\"master-managing\\\\/countries\\\",\\\"icon\\\":\\\"icon-flag\\\",\\\"parent\\\":\\\"37\\\",\\\"status\\\":\\\"1\\\"}', '{\\\"success\\\":true,\\\"title\\\":\\\"Updating Data\\\",\\\"message\\\":\\\"Data has been updated.\\\"}', '::1', '1', '2018-02-28 03:38:13')
ERROR - 2018-02-28 03:38:17 --> Query error: Unknown column 'ip' in 'field list' - Invalid query: INSERT INTO `cms_action_history` (`id`, `id_user`, `url`, `actions`, `data`, `result`, `ip`, `entry_by`, `entry_time`) VALUES ('20180228033817499', '1', 'user-management/privilege_menu', 'Save', '{\\\"menu\\\":\\\"38\\\",\\\"privilege\\\":\\\"1\\\",\\\"access\\\":\\\"1\\\"}', '{\\\"success\\\":true,\\\"title\\\":\\\"Updating Data\\\",\\\"message\\\":\\\"Data has been updated.\\\"}', '::1', '1', '2018-02-28 03:38:17')
ERROR - 2018-02-28 03:38:26 --> Query error: Unknown column 'ip' in 'field list' - Invalid query: INSERT INTO `cms_action_history` (`id`, `id_user`, `url`, `actions`, `data`, `result`, `ip`, `entry_by`, `entry_time`) VALUES ('201802280338268414', '1', 'user-management/privilege_menu', 'Save', '{\\\"menu\\\":\\\"38\\\",\\\"privilege\\\":\\\"1\\\",\\\"access\\\":\\\"2\\\"}', '{\\\"success\\\":true,\\\"title\\\":\\\"Updating Data\\\",\\\"message\\\":\\\"Data has been updated.\\\"}', '::1', '1', '2018-02-28 03:38:26')
ERROR - 2018-02-28 03:38:31 --> Query error: Unknown column 'ip' in 'field list' - Invalid query: INSERT INTO `cms_action_history` (`id`, `id_user`, `url`, `actions`, `data`, `result`, `ip`, `entry_by`, `entry_time`) VALUES ('201802280338308826', '1', 'user-management/privilege_menu', 'Save', '{\\\"menu\\\":\\\"38\\\",\\\"privilege\\\":\\\"1\\\",\\\"access\\\":\\\"8\\\"}', '{\\\"success\\\":true,\\\"title\\\":\\\"Updating Data\\\",\\\"message\\\":\\\"Data has been updated.\\\"}', '::1', '1', '2018-02-28 03:38:30')
ERROR - 2018-02-28 03:39:57 --> Query error: Unknown column 'ip' in 'field list' - Invalid query: INSERT INTO `cms_action_history` (`id`, `id_user`, `url`, `actions`, `data`, `result`, `ip`, `entry_by`, `entry_time`) VALUES ('20180228033957144', '1', 'user-management/privilege_menu', 'Save', '{\\\"id\\\":\\\"\\\",\\\"name\\\":\\\"Dictionaries\\\",\\\"description\\\":\\\"\\\",\\\"url\\\":\\\"master-managing\\\\/dictionaries\\\",\\\"icon\\\":\\\"icon-vector\\\",\\\"parent\\\":\\\"37\\\",\\\"status\\\":\\\"1\\\"}', '{\\\"success\\\":true,\\\"title\\\":\\\"Saving Data\\\",\\\"message\\\":\\\"Data has been saved.\\\"}', '::1', '1', '2018-02-28 03:39:57')
ERROR - 2018-02-28 03:40:08 --> Query error: Unknown column 'ip' in 'field list' - Invalid query: INSERT INTO `cms_action_history` (`id`, `id_user`, `url`, `actions`, `data`, `result`, `ip`, `entry_by`, `entry_time`) VALUES ('201802280340081213', '1', 'user-management/privilege_menu', 'Save', '{\\\"menu\\\":\\\"39\\\",\\\"privilege\\\":\\\"1\\\",\\\"access\\\":\\\"1\\\"}', '{\\\"success\\\":true,\\\"title\\\":\\\"Updating Data\\\",\\\"message\\\":\\\"Data has been updated.\\\"}', '::1', '1', '2018-02-28 03:40:08')
ERROR - 2018-02-28 03:40:11 --> Query error: Unknown column 'ip' in 'field list' - Invalid query: INSERT INTO `cms_action_history` (`id`, `id_user`, `url`, `actions`, `data`, `result`, `ip`, `entry_by`, `entry_time`) VALUES ('201802280340110455', '1', 'user-management/privilege_menu', 'Save', '{\\\"menu\\\":\\\"39\\\",\\\"privilege\\\":\\\"1\\\",\\\"access\\\":\\\"2\\\"}', '{\\\"success\\\":true,\\\"title\\\":\\\"Updating Data\\\",\\\"message\\\":\\\"Data has been updated.\\\"}', '::1', '1', '2018-02-28 03:40:11')
ERROR - 2018-02-28 03:40:15 --> Query error: Unknown column 'ip' in 'field list' - Invalid query: INSERT INTO `cms_action_history` (`id`, `id_user`, `url`, `actions`, `data`, `result`, `ip`, `entry_by`, `entry_time`) VALUES ('201802280340157806', '1', 'user-management/privilege_menu', 'Save', '{\\\"menu\\\":\\\"39\\\",\\\"privilege\\\":\\\"1\\\",\\\"access\\\":\\\"8\\\"}', '{\\\"success\\\":true,\\\"title\\\":\\\"Updating Data\\\",\\\"message\\\":\\\"Data has been updated.\\\"}', '::1', '1', '2018-02-28 03:40:15')
ERROR - 2018-02-28 03:42:05 --> Query error: Unknown column 'ip' in 'field list' - Invalid query: INSERT INTO `cms_action_history` (`id`, `id_user`, `url`, `actions`, `data`, `result`, `ip`, `entry_by`, `entry_time`) VALUES ('20180228034205752', '1', 'user-management/privilege_menu', 'Save', '{\\\"id\\\":\\\"\\\",\\\"name\\\":\\\"Galleries\\\",\\\"description\\\":\\\"\\\",\\\"url\\\":\\\"master-managing\\\\/galleries\\\",\\\"icon\\\":\\\"icon-screen-desktop\\\",\\\"parent\\\":\\\"37\\\",\\\"status\\\":\\\"1\\\"}', '{\\\"success\\\":true,\\\"title\\\":\\\"Saving Data\\\",\\\"message\\\":\\\"Data has been saved.\\\"}', '::1', '1', '2018-02-28 03:42:05')
ERROR - 2018-02-28 03:42:15 --> Query error: Unknown column 'ip' in 'field list' - Invalid query: INSERT INTO `cms_action_history` (`id`, `id_user`, `url`, `actions`, `data`, `result`, `ip`, `entry_by`, `entry_time`) VALUES ('201802280342152981', '1', 'user-management/privilege_menu', 'Save', '{\\\"menu\\\":\\\"40\\\",\\\"privilege\\\":\\\"1\\\",\\\"access\\\":\\\"1\\\"}', '{\\\"success\\\":true,\\\"title\\\":\\\"Updating Data\\\",\\\"message\\\":\\\"Data has been updated.\\\"}', '::1', '1', '2018-02-28 03:42:15')
ERROR - 2018-02-28 03:42:17 --> Query error: Unknown column 'ip' in 'field list' - Invalid query: INSERT INTO `cms_action_history` (`id`, `id_user`, `url`, `actions`, `data`, `result`, `ip`, `entry_by`, `entry_time`) VALUES ('201802280342175693', '1', 'user-management/privilege_menu', 'Save', '{\\\"menu\\\":\\\"40\\\",\\\"privilege\\\":\\\"1\\\",\\\"access\\\":\\\"2\\\"}', '{\\\"success\\\":true,\\\"title\\\":\\\"Updating Data\\\",\\\"message\\\":\\\"Data has been updated.\\\"}', '::1', '1', '2018-02-28 03:42:17')
ERROR - 2018-02-28 03:42:22 --> Query error: Unknown column 'ip' in 'field list' - Invalid query: INSERT INTO `cms_action_history` (`id`, `id_user`, `url`, `actions`, `data`, `result`, `ip`, `entry_by`, `entry_time`) VALUES ('201802280342220943', '1', 'user-management/privilege_menu', 'Save', '{\\\"menu\\\":\\\"40\\\",\\\"privilege\\\":\\\"1\\\",\\\"access\\\":\\\"8\\\"}', '{\\\"success\\\":true,\\\"title\\\":\\\"Updating Data\\\",\\\"message\\\":\\\"Data has been updated.\\\"}', '::1', '1', '2018-02-28 03:42:22')
ERROR - 2018-02-28 03:43:29 --> Query error: Unknown column 'ip' in 'field list' - Invalid query: INSERT INTO `cms_action_history` (`id`, `id_user`, `url`, `actions`, `data`, `result`, `ip`, `entry_by`, `entry_time`) VALUES ('201802280343293311', '1', 'user-management/privilege_menu', 'Update', '{\\\"id\\\":\\\"37\\\",\\\"name\\\":\\\"Master Management\\\",\\\"description\\\":\\\"\\\",\\\"url\\\":\\\"#\\\",\\\"icon\\\":\\\"icon-badge\\\",\\\"parent\\\":\\\"0\\\",\\\"status\\\":\\\"1\\\"}', '{\\\"success\\\":true,\\\"title\\\":\\\"Updating Data\\\",\\\"message\\\":\\\"Data has been updated.\\\"}', '::1', '1', '2018-02-28 03:43:29')
ERROR - 2018-02-28 03:45:00 --> Query error: Unknown column 'ip' in 'field list' - Invalid query: INSERT INTO `cms_action_history` (`id`, `id_user`, `url`, `actions`, `data`, `result`, `ip`, `entry_by`, `entry_time`) VALUES ('201802280345009248', '1', 'user-management/privilege_menu', 'Update', '{\\\"id\\\":\\\"38\\\",\\\"name\\\":\\\"Countries\\\",\\\"description\\\":\\\"Management Countries\\\",\\\"url\\\":\\\"master-management\\\\/countries\\\",\\\"icon\\\":\\\"icon-flag\\\",\\\"parent\\\":\\\"37\\\",\\\"status\\\":\\\"1\\\"}', '{\\\"success\\\":true,\\\"title\\\":\\\"Updating Data\\\",\\\"message\\\":\\\"Data has been updated.\\\"}', '::1', '1', '2018-02-28 03:45:00')
ERROR - 2018-02-28 03:45:16 --> Query error: Unknown column 'ip' in 'field list' - Invalid query: INSERT INTO `cms_action_history` (`id`, `id_user`, `url`, `actions`, `data`, `result`, `ip`, `entry_by`, `entry_time`) VALUES ('201802280345158441', '1', 'user-management/privilege_menu', 'Update', '{\\\"id\\\":\\\"39\\\",\\\"name\\\":\\\"Dictionaries\\\",\\\"description\\\":\\\"\\\",\\\"url\\\":\\\"master-management\\\\/dictionaries\\\",\\\"icon\\\":\\\"icon-vector\\\",\\\"parent\\\":\\\"37\\\",\\\"status\\\":\\\"1\\\"}', '{\\\"success\\\":true,\\\"title\\\":\\\"Updating Data\\\",\\\"message\\\":\\\"Data has been updated.\\\"}', '::1', '1', '2018-02-28 03:45:15')
ERROR - 2018-02-28 03:45:34 --> Query error: Unknown column 'ip' in 'field list' - Invalid query: INSERT INTO `cms_action_history` (`id`, `id_user`, `url`, `actions`, `data`, `result`, `ip`, `entry_by`, `entry_time`) VALUES ('201802280345343763', '1', 'user-management/privilege_menu', 'Update', '{\\\"id\\\":\\\"40\\\",\\\"name\\\":\\\"Galleries\\\",\\\"description\\\":\\\"\\\",\\\"url\\\":\\\"master-management\\\\/galleries\\\",\\\"icon\\\":\\\"icon-screen-desktop\\\",\\\"parent\\\":\\\"37\\\",\\\"status\\\":\\\"1\\\"}', '{\\\"success\\\":true,\\\"title\\\":\\\"Updating Data\\\",\\\"message\\\":\\\"Data has been updated.\\\"}', '::1', '1', '2018-02-28 03:45:34')
ERROR - 2018-02-28 03:46:37 --> Query error: Unknown column 'ip' in 'field list' - Invalid query: INSERT INTO `cms_action_history` (`id`, `id_user`, `url`, `actions`, `data`, `result`, `ip`, `entry_by`, `entry_time`) VALUES ('201802280346373987', '1', 'user-management/privilege_menu', 'Save', '{\\\"id\\\":\\\"\\\",\\\"name\\\":\\\"Management Content\\\",\\\"description\\\":\\\"\\\",\\\"url\\\":\\\"#\\\",\\\"icon\\\":\\\"icon-docs\\\",\\\"parent\\\":\\\"0\\\",\\\"status\\\":\\\"1\\\"}', '{\\\"success\\\":true,\\\"title\\\":\\\"Saving Data\\\",\\\"message\\\":\\\"Data has been saved.\\\"}', '::1', '1', '2018-02-28 03:46:37')
ERROR - 2018-02-28 03:47:43 --> Query error: Unknown column 'ip' in 'field list' - Invalid query: INSERT INTO `cms_action_history` (`id`, `id_user`, `url`, `actions`, `data`, `result`, `ip`, `entry_by`, `entry_time`) VALUES ('201802280347432777', '1', 'user-management/privilege_menu', 'Save', '{\\\"menu\\\":\\\"41\\\",\\\"privilege\\\":\\\"1\\\",\\\"access\\\":\\\"1\\\"}', '{\\\"success\\\":true,\\\"title\\\":\\\"Updating Data\\\",\\\"message\\\":\\\"Data has been updated.\\\"}', '::1', '1', '2018-02-28 03:47:43')
ERROR - 2018-02-28 03:50:27 --> Severity: Error --> Call to undefined method Model_account::loadDbPlatform() C:\xampp\htdocs\Gmedia\app\models\backend\user-management\Model_account.php 13
ERROR - 2018-02-28 03:52:09 --> Query error: Unknown column 'ip' in 'field list' - Invalid query: INSERT INTO `cms_action_history` (`id`, `id_user`, `url`, `actions`, `data`, `result`, `ip`, `entry_by`, `entry_time`) VALUES ('201802280352098921', '1', 'user-management/privilege_menu', 'Save', '{\\\"id\\\":\\\"\\\",\\\"name\\\":\\\"Content\\\",\\\"description\\\":\\\"\\\",\\\"url\\\":\\\"management-content\\\\/content\\\",\\\"icon\\\":\\\"icon-folder\\\",\\\"parent\\\":\\\"41\\\",\\\"status\\\":\\\"1\\\"}', '{\\\"success\\\":true,\\\"title\\\":\\\"Saving Data\\\",\\\"message\\\":\\\"Data has been saved.\\\"}', '::1', '1', '2018-02-28 03:52:09')
ERROR - 2018-02-28 03:52:18 --> Query error: Unknown column 'ip' in 'field list' - Invalid query: INSERT INTO `cms_action_history` (`id`, `id_user`, `url`, `actions`, `data`, `result`, `ip`, `entry_by`, `entry_time`) VALUES ('20180228035218696', '1', 'user-management/privilege_menu', 'Save', '{\\\"menu\\\":\\\"42\\\",\\\"privilege\\\":\\\"1\\\",\\\"access\\\":\\\"1\\\"}', '{\\\"success\\\":true,\\\"title\\\":\\\"Updating Data\\\",\\\"message\\\":\\\"Data has been updated.\\\"}', '::1', '1', '2018-02-28 03:52:18')
ERROR - 2018-02-28 03:52:21 --> Query error: Unknown column 'ip' in 'field list' - Invalid query: INSERT INTO `cms_action_history` (`id`, `id_user`, `url`, `actions`, `data`, `result`, `ip`, `entry_by`, `entry_time`) VALUES ('201802280352213401', '1', 'user-management/privilege_menu', 'Save', '{\\\"menu\\\":\\\"42\\\",\\\"privilege\\\":\\\"1\\\",\\\"access\\\":\\\"2\\\"}', '{\\\"success\\\":true,\\\"title\\\":\\\"Updating Data\\\",\\\"message\\\":\\\"Data has been updated.\\\"}', '::1', '1', '2018-02-28 03:52:21')
ERROR - 2018-02-28 03:52:25 --> Query error: Unknown column 'ip' in 'field list' - Invalid query: INSERT INTO `cms_action_history` (`id`, `id_user`, `url`, `actions`, `data`, `result`, `ip`, `entry_by`, `entry_time`) VALUES ('201802280352255565', '1', 'user-management/privilege_menu', 'Save', '{\\\"menu\\\":\\\"42\\\",\\\"privilege\\\":\\\"1\\\",\\\"access\\\":\\\"8\\\"}', '{\\\"success\\\":true,\\\"title\\\":\\\"Updating Data\\\",\\\"message\\\":\\\"Data has been updated.\\\"}', '::1', '1', '2018-02-28 03:52:25')
ERROR - 2018-02-28 03:53:57 --> Query error: Unknown column 'ip' in 'field list' - Invalid query: INSERT INTO `cms_action_history` (`id`, `id_user`, `url`, `actions`, `data`, `result`, `ip`, `entry_by`, `entry_time`) VALUES ('201802280353570878', '1', 'user-management/privilege_menu', 'Save', '{\\\"id\\\":\\\"\\\",\\\"name\\\":\\\"Content Type\\\",\\\"description\\\":\\\"\\\",\\\"url\\\":\\\"management-content\\\\/content_type\\\",\\\"icon\\\":\\\"\\\",\\\"parent\\\":\\\"41\\\",\\\"status\\\":\\\"0\\\"}', '{\\\"success\\\":true,\\\"title\\\":\\\"Saving Data\\\",\\\"message\\\":\\\"Data has been saved.\\\"}', '::1', '1', '2018-02-28 03:53:57')
ERROR - 2018-02-28 03:54:48 --> Query error: Unknown column 'ip' in 'field list' - Invalid query: INSERT INTO `cms_action_history` (`id`, `id_user`, `url`, `actions`, `data`, `result`, `ip`, `entry_by`, `entry_time`) VALUES ('201802280354484509', '1', 'user-management/privilege_menu', 'Update', '{\\\"id\\\":\\\"43\\\",\\\"name\\\":\\\"Content Type\\\",\\\"description\\\":\\\"\\\",\\\"url\\\":\\\"management-content\\\\/content_type\\\",\\\"icon\\\":\\\"icon-magnifier\\\",\\\"parent\\\":\\\"41\\\",\\\"status\\\":\\\"1\\\"}', '{\\\"success\\\":true,\\\"title\\\":\\\"Updating Data\\\",\\\"message\\\":\\\"Data has been updated.\\\"}', '::1', '1', '2018-02-28 03:54:48')
ERROR - 2018-02-28 03:55:25 --> Query error: Unknown column 'ip' in 'field list' - Invalid query: INSERT INTO `cms_action_history` (`id`, `id_user`, `url`, `actions`, `data`, `result`, `ip`, `entry_by`, `entry_time`) VALUES ('201802280355256922', '1', 'user-management/privilege_menu', 'Update', '{\\\"id\\\":\\\"43\\\",\\\"name\\\":\\\"Content Type\\\",\\\"description\\\":\\\"\\\",\\\"url\\\":\\\"management-content\\\\/content_type\\\",\\\"icon\\\":\\\"icon-note\\\",\\\"parent\\\":\\\"41\\\",\\\"status\\\":\\\"1\\\"}', '{\\\"success\\\":true,\\\"title\\\":\\\"Updating Data\\\",\\\"message\\\":\\\"Data has been updated.\\\"}', '::1', '1', '2018-02-28 03:55:25')
ERROR - 2018-02-28 03:56:07 --> Query error: Unknown column 'ip' in 'field list' - Invalid query: INSERT INTO `cms_action_history` (`id`, `id_user`, `url`, `actions`, `data`, `result`, `ip`, `entry_by`, `entry_time`) VALUES ('201802280356071502', '1', 'user-management/privilege_menu', 'Save', '{\\\"menu\\\":\\\"43\\\",\\\"privilege\\\":\\\"1\\\",\\\"access\\\":\\\"1\\\"}', '{\\\"success\\\":true,\\\"title\\\":\\\"Updating Data\\\",\\\"message\\\":\\\"Data has been updated.\\\"}', '::1', '1', '2018-02-28 03:56:07')
ERROR - 2018-02-28 03:56:09 --> Query error: Unknown column 'ip' in 'field list' - Invalid query: INSERT INTO `cms_action_history` (`id`, `id_user`, `url`, `actions`, `data`, `result`, `ip`, `entry_by`, `entry_time`) VALUES ('201802280356096761', '1', 'user-management/privilege_menu', 'Save', '{\\\"menu\\\":\\\"43\\\",\\\"privilege\\\":\\\"1\\\",\\\"access\\\":\\\"2\\\"}', '{\\\"success\\\":true,\\\"title\\\":\\\"Updating Data\\\",\\\"message\\\":\\\"Data has been updated.\\\"}', '::1', '1', '2018-02-28 03:56:09')
ERROR - 2018-02-28 03:56:14 --> Query error: Unknown column 'ip' in 'field list' - Invalid query: INSERT INTO `cms_action_history` (`id`, `id_user`, `url`, `actions`, `data`, `result`, `ip`, `entry_by`, `entry_time`) VALUES ('201802280356146411', '1', 'user-management/privilege_menu', 'Save', '{\\\"menu\\\":\\\"43\\\",\\\"privilege\\\":\\\"1\\\",\\\"access\\\":\\\"8\\\"}', '{\\\"success\\\":true,\\\"title\\\":\\\"Updating Data\\\",\\\"message\\\":\\\"Data has been updated.\\\"}', '::1', '1', '2018-02-28 03:56:14')
ERROR - 2018-02-28 03:57:46 --> Query error: Unknown column 'ip' in 'field list' - Invalid query: INSERT INTO `cms_action_history` (`id`, `id_user`, `url`, `actions`, `data`, `result`, `ip`, `entry_by`, `entry_time`) VALUES ('201802280357467927', '1', 'user-management/privilege_menu', 'Save', '{\\\"id\\\":\\\"\\\",\\\"name\\\":\\\"Contents Languages\\\",\\\"description\\\":\\\"\\\",\\\"url\\\":\\\"management-content\\\\/contents_languages\\\",\\\"icon\\\":\\\"icon-link\\\",\\\"parent\\\":\\\"41\\\",\\\"status\\\":\\\"1\\\"}', '{\\\"success\\\":true,\\\"title\\\":\\\"Saving Data\\\",\\\"message\\\":\\\"Data has been saved.\\\"}', '::1', '1', '2018-02-28 03:57:46')
ERROR - 2018-02-28 03:58:01 --> Query error: Unknown column 'ip' in 'field list' - Invalid query: INSERT INTO `cms_action_history` (`id`, `id_user`, `url`, `actions`, `data`, `result`, `ip`, `entry_by`, `entry_time`) VALUES ('201802280358013419', '1', 'user-management/privilege_menu', 'Save', '{\\\"menu\\\":\\\"44\\\",\\\"privilege\\\":\\\"1\\\",\\\"access\\\":\\\"1\\\"}', '{\\\"success\\\":true,\\\"title\\\":\\\"Updating Data\\\",\\\"message\\\":\\\"Data has been updated.\\\"}', '::1', '1', '2018-02-28 03:58:01')
ERROR - 2018-02-28 03:58:06 --> Query error: Unknown column 'ip' in 'field list' - Invalid query: INSERT INTO `cms_action_history` (`id`, `id_user`, `url`, `actions`, `data`, `result`, `ip`, `entry_by`, `entry_time`) VALUES ('20180228035806359', '1', 'user-management/privilege_menu', 'Save', '{\\\"menu\\\":\\\"44\\\",\\\"privilege\\\":\\\"1\\\",\\\"access\\\":\\\"2\\\"}', '{\\\"success\\\":true,\\\"title\\\":\\\"Updating Data\\\",\\\"message\\\":\\\"Data has been updated.\\\"}', '::1', '1', '2018-02-28 03:58:06')
ERROR - 2018-02-28 03:58:15 --> Query error: Unknown column 'ip' in 'field list' - Invalid query: INSERT INTO `cms_action_history` (`id`, `id_user`, `url`, `actions`, `data`, `result`, `ip`, `entry_by`, `entry_time`) VALUES ('201802280358158176', '1', 'user-management/privilege_menu', 'Save', '{\\\"menu\\\":\\\"44\\\",\\\"privilege\\\":\\\"1\\\",\\\"access\\\":\\\"8\\\"}', '{\\\"success\\\":true,\\\"title\\\":\\\"Updating Data\\\",\\\"message\\\":\\\"Data has been updated.\\\"}', '::1', '1', '2018-02-28 03:58:15')
ERROR - 2018-02-28 04:00:20 --> Query error: Unknown column 'ip' in 'field list' - Invalid query: INSERT INTO `cms_action_history` (`id`, `id_user`, `url`, `actions`, `data`, `result`, `ip`, `entry_by`, `entry_time`) VALUES ('20180228040020619', '1', 'user-management/privilege_menu', 'Save', '{\\\"id\\\":\\\"\\\",\\\"name\\\":\\\"Contents Comments\\\",\\\"description\\\":\\\"\\\",\\\"url\\\":\\\"management-content\\\\/contents_comments\\\",\\\"icon\\\":\\\"icon-speech\\\",\\\"parent\\\":\\\"41\\\",\\\"status\\\":\\\"1\\\"}', '{\\\"success\\\":true,\\\"title\\\":\\\"Saving Data\\\",\\\"message\\\":\\\"Data has been saved.\\\"}', '::1', '1', '2018-02-28 04:00:20')
ERROR - 2018-02-28 04:00:28 --> Query error: Unknown column 'ip' in 'field list' - Invalid query: INSERT INTO `cms_action_history` (`id`, `id_user`, `url`, `actions`, `data`, `result`, `ip`, `entry_by`, `entry_time`) VALUES ('201802280400287512', '1', 'user-management/privilege_menu', 'Save', '{\\\"menu\\\":\\\"45\\\",\\\"privilege\\\":\\\"1\\\",\\\"access\\\":\\\"1\\\"}', '{\\\"success\\\":true,\\\"title\\\":\\\"Updating Data\\\",\\\"message\\\":\\\"Data has been updated.\\\"}', '::1', '1', '2018-02-28 04:00:28')
ERROR - 2018-02-28 04:00:31 --> Query error: Unknown column 'ip' in 'field list' - Invalid query: INSERT INTO `cms_action_history` (`id`, `id_user`, `url`, `actions`, `data`, `result`, `ip`, `entry_by`, `entry_time`) VALUES ('201802280400316417', '1', 'user-management/privilege_menu', 'Save', '{\\\"menu\\\":\\\"45\\\",\\\"privilege\\\":\\\"1\\\",\\\"access\\\":\\\"2\\\"}', '{\\\"success\\\":true,\\\"title\\\":\\\"Updating Data\\\",\\\"message\\\":\\\"Data has been updated.\\\"}', '::1', '1', '2018-02-28 04:00:31')
ERROR - 2018-02-28 04:00:36 --> Query error: Unknown column 'ip' in 'field list' - Invalid query: INSERT INTO `cms_action_history` (`id`, `id_user`, `url`, `actions`, `data`, `result`, `ip`, `entry_by`, `entry_time`) VALUES ('201802280400367488', '1', 'user-management/privilege_menu', 'Save', '{\\\"menu\\\":\\\"45\\\",\\\"privilege\\\":\\\"1\\\",\\\"access\\\":\\\"8\\\"}', '{\\\"success\\\":true,\\\"title\\\":\\\"Updating Data\\\",\\\"message\\\":\\\"Data has been updated.\\\"}', '::1', '1', '2018-02-28 04:00:36')
ERROR - 2018-02-28 04:02:37 --> Query error: Unknown column 'ip' in 'field list' - Invalid query: INSERT INTO `cms_action_history` (`id`, `id_user`, `url`, `actions`, `data`, `result`, `ip`, `entry_by`, `entry_time`) VALUES ('201802280402360013', '1', 'user-management/privilege_menu', 'Update', '{\\\"id\\\":\\\"42\\\",\\\"name\\\":\\\"Content\\\",\\\"description\\\":\\\"\\\",\\\"url\\\":\\\"management-content\\\\/content\\\",\\\"icon\\\":\\\"icon-note\\\",\\\"parent\\\":\\\"41\\\",\\\"status\\\":\\\"1\\\"}', '{\\\"success\\\":true,\\\"title\\\":\\\"Updating Data\\\",\\\"message\\\":\\\"Data has been updated.\\\"}', '::1', '1', '2018-02-28 04:02:36')
ERROR - 2018-02-28 04:02:58 --> Query error: Unknown column 'ip' in 'field list' - Invalid query: INSERT INTO `cms_action_history` (`id`, `id_user`, `url`, `actions`, `data`, `result`, `ip`, `entry_by`, `entry_time`) VALUES ('201802280402588302', '1', 'user-management/privilege_menu', 'Update', '{\\\"id\\\":\\\"43\\\",\\\"name\\\":\\\"Content Type\\\",\\\"description\\\":\\\"\\\",\\\"url\\\":\\\"management-content\\\\/content_type\\\",\\\"icon\\\":\\\"icon-folder\\\",\\\"parent\\\":\\\"41\\\",\\\"status\\\":\\\"1\\\"}', '{\\\"success\\\":true,\\\"title\\\":\\\"Updating Data\\\",\\\"message\\\":\\\"Data has been updated.\\\"}', '::1', '1', '2018-02-28 04:02:58')
ERROR - 2018-02-28 04:07:26 --> Severity: Notice --> Undefined variable: emails C:\xampp\htdocs\Gmedia\app\views\backend\metronic\parameters\view_email_template.php 53
ERROR - 2018-02-28 04:07:26 --> Severity: Notice --> Undefined variable: emails C:\xampp\htdocs\Gmedia\app\views\backend\metronic\parameters\view_email_template.php 112
ERROR - 2018-02-28 04:12:12 --> Severity: Notice --> Undefined variable: emails C:\xampp\htdocs\Gmedia\app\views\backend\metronic\parameters\view_email_template.php 53
ERROR - 2018-02-28 04:12:12 --> Severity: Notice --> Undefined variable: emails C:\xampp\htdocs\Gmedia\app\views\backend\metronic\parameters\view_email_template.php 112
ERROR - 2018-02-28 04:17:02 --> Severity: Notice --> Undefined variable: emails C:\xampp\htdocs\Gmedia\app\views\backend\metronic\parameters\view_email_template.php 53
ERROR - 2018-02-28 04:17:02 --> Severity: Notice --> Undefined variable: emails C:\xampp\htdocs\Gmedia\app\views\backend\metronic\parameters\view_email_template.php 112
ERROR - 2018-02-28 04:20:07 --> 404 Page Not Found: master-management/Galleries/index
ERROR - 2018-02-28 04:20:11 --> Severity: Notice --> Undefined variable: emails C:\xampp\htdocs\Gmedia\app\views\backend\metronic\parameters\view_email_template.php 53
ERROR - 2018-02-28 04:20:11 --> Severity: Notice --> Undefined variable: emails C:\xampp\htdocs\Gmedia\app\views\backend\metronic\parameters\view_email_template.php 112
ERROR - 2018-02-28 05:20:51 --> Severity: Parsing Error --> syntax error, unexpected ')', expecting ';' C:\xampp\htdocs\Gmedia\app\controllers\master-management\Galleries.php 32
ERROR - 2018-02-28 05:21:13 --> Severity: Parsing Error --> syntax error, unexpected ')', expecting ';' C:\xampp\htdocs\Gmedia\app\controllers\master-management\Galleries.php 32
ERROR - 2018-02-28 05:21:45 --> Severity: Parsing Error --> syntax error, unexpected ')', expecting ';' C:\xampp\htdocs\Gmedia\app\controllers\master-management\Galleries.php 32
ERROR - 2018-02-28 05:22:09 --> Severity: Parsing Error --> syntax error, unexpected '$this' (T_VARIABLE) C:\xampp\htdocs\Gmedia\app\models\backend\master-management\Model_galleries.php 31
ERROR - 2018-02-28 05:22:42 --> Severity: Parsing Error --> syntax error, unexpected ';' C:\xampp\htdocs\Gmedia\app\models\backend\master-management\Model_galleries.php 30
ERROR - 2018-02-28 05:22:53 --> Severity: Parsing Error --> syntax error, unexpected '$this' (T_VARIABLE) C:\xampp\htdocs\Gmedia\app\models\backend\master-management\Model_galleries.php 31
ERROR - 2018-02-28 05:24:01 --> Severity: Parsing Error --> syntax error, unexpected '$this' (T_VARIABLE) C:\xampp\htdocs\Gmedia\app\models\backend\master-management\Model_galleries.php 31
ERROR - 2018-02-28 05:24:08 --> Severity: Parsing Error --> syntax error, unexpected '$this' (T_VARIABLE) C:\xampp\htdocs\Gmedia\app\models\backend\master-management\Model_galleries.php 31
ERROR - 2018-02-28 05:32:49 --> Severity: Parsing Error --> syntax error, unexpected '}', expecting ',' or ';' C:\xampp\htdocs\Gmedia\app\controllers\master-management\Galleries.php 68
ERROR - 2018-02-28 05:33:05 --> Severity: Parsing Error --> syntax error, unexpected '}', expecting ';' or '{' C:\xampp\htdocs\Gmedia\app\models\backend\master-management\Model_galleries.php 103
ERROR - 2018-02-28 05:33:51 --> 404 Page Not Found: master-management/Countries/index
ERROR - 2018-02-28 05:38:02 --> 404 Page Not Found: Managing_masters/galleries
ERROR - 2018-02-28 05:46:57 --> Query error: Unknown column 'ip' in 'field list' - Invalid query: INSERT INTO `cms_action_history` (`id`, `id_user`, `url`, `actions`, `data`, `result`, `ip`, `entry_by`, `entry_time`) VALUES ('201802280546573721', '1', 'user-management/employees', 'Save', '{\\\"id\\\":\\\"\\\",\\\"id_user_type\\\":\\\"1\\\",\\\"id_privilege\\\":\\\"1\\\",\\\"name\\\":\\\"alleric dourble\\\",\\\"email\\\":\\\"alleric@zack.onion\\\",\\\"phone\\\":\\\"08089999999\\\",\\\"address\\\":\\\"Onion City\\\",\\\"username\\\":\\\"alleric\\\",\\\"password\\\":\\\"password\\\",\\\"status\\\":\\\"1\\\"}', '{\\\"id\\\":4,\\\"success\\\":true,\\\"title\\\":\\\"Saving Data\\\",\\\"message\\\":\\\"Data has been saved.\\\"}', '::1', '1', '2018-02-28 05:46:57')
ERROR - 2018-02-28 07:26:32 --> 404 Page Not Found: Managing_masters/galleries
ERROR - 2018-02-28 07:28:25 --> 404 Page Not Found: Managing_masters/galleries
ERROR - 2018-02-28 07:29:43 --> 404 Page Not Found: Managing_masters/galleries
ERROR - 2018-02-28 07:30:26 --> 404 Page Not Found: Managing_masters/galleries
ERROR - 2018-02-28 07:40:33 --> Query error: Unknown column 'g.type' in 'where clause' - Invalid query: SELECT COUNT(1) AS Count
FROM `galleries`
WHERE `g`.`type` IN('News', 'Banner', 'Team')
AND `g`.`status` != '-1'
ERROR - 2018-02-28 07:40:33 --> Severity: Error --> Call to a member function result_array() on a non-object C:\xampp\htdocs\Gmedia\app\models\backend\master-management\Model_galleries.php 41
ERROR - 2018-02-28 07:43:10 --> Query error: Unknown column 'g.type' in 'where clause' - Invalid query: SELECT COUNT(1) AS Count
FROM `galleries`
WHERE `g`.`type` IN('News', 'Banner', 'Team')
AND `g`.`status` != '-1'
ERROR - 2018-02-28 07:43:10 --> Severity: Error --> Call to a member function result_array() on a non-object C:\xampp\htdocs\Gmedia\app\models\backend\master-management\Model_galleries.php 41
ERROR - 2018-02-28 07:47:02 --> Query error: Unknown column 'g.type' in 'where clause' - Invalid query: SELECT COUNT(1) AS Count
FROM `galleries`
WHERE `g`.`type` IN('News', 'Banner', 'Team')
AND `g`.`status` != '-1'
ERROR - 2018-02-28 07:47:02 --> Severity: Error --> Call to a member function result_array() on a non-object C:\xampp\htdocs\Gmedia\app\models\backend\master-management\Model_galleries.php 41
ERROR - 2018-02-28 07:49:52 --> Severity: Notice --> Undefined index: count C:\xampp\htdocs\Gmedia\app\models\backend\master-management\Model_galleries.php 42
ERROR - 2018-02-28 08:35:42 --> 404 Page Not Found: Backend/out
ERROR - 2018-02-28 08:37:35 --> Severity: Error --> Call to undefined method Model_account::loadDbPlatform() C:\xampp\htdocs\Gmedia\app\models\backend\user-management\Model_account.php 13
ERROR - 2018-02-28 08:42:37 --> Severity: Error --> Call to undefined method Model_account::loadDbPlatform() C:\xampp\htdocs\Gmedia\app\models\backend\user-management\Model_account.php 13
ERROR - 2018-02-28 08:49:48 --> Query error: Unknown column 'ip' in 'field list' - Invalid query: INSERT INTO `cms_action_history` (`id`, `id_user`, `url`, `actions`, `data`, `result`, `ip`, `entry_by`, `entry_time`) VALUES ('201802280849483607', '3', 'user-management/privilege_menu', 'Update', '{\\\"id\\\":\\\"21\\\",\\\"name\\\":\\\"Privileges Menu\\\",\\\"description\\\":\\\"Manage Privileges Menu\\\",\\\"url\\\":\\\"user-management\\\\/privilege_menu\\\",\\\"icon\\\":\\\"icon-directions\\\",\\\"parent\\\":\\\"2\\\",\\\"status\\\":\\\"1\\\"}', '{\\\"success\\\":true,\\\"title\\\":\\\"Updating Data\\\",\\\"message\\\":\\\"Data has been updated.\\\"}', '::1', '3', '2018-02-28 08:49:48')
ERROR - 2018-02-28 08:50:16 --> Query error: Unknown column 'ip' in 'field list' - Invalid query: INSERT INTO `cms_action_history` (`id`, `id_user`, `url`, `actions`, `data`, `result`, `ip`, `entry_by`, `entry_time`) VALUES ('201802280850167106', '3', 'user-management/privilege_menu', 'Update', '{\\\"id\\\":\\\"42\\\",\\\"name\\\":\\\"Contents\\\",\\\"description\\\":\\\"\\\",\\\"url\\\":\\\"management-content\\\\/content\\\",\\\"icon\\\":\\\"icon-note\\\",\\\"parent\\\":\\\"41\\\",\\\"status\\\":\\\"1\\\"}', '{\\\"success\\\":true,\\\"title\\\":\\\"Updating Data\\\",\\\"message\\\":\\\"Data has been updated.\\\"}', '::1', '3', '2018-02-28 08:50:16')
ERROR - 2018-02-28 08:51:45 --> Query error: Unknown column 'ip' in 'field list' - Invalid query: INSERT INTO `cms_action_history` (`id`, `id_user`, `url`, `actions`, `data`, `result`, `ip`, `entry_by`, `entry_time`) VALUES ('201802280851449731', '3', 'user-management/privilege_menu', 'Update', '{\\\"id\\\":\\\"43\\\",\\\"name\\\":\\\"Content Types\\\",\\\"description\\\":\\\"\\\",\\\"url\\\":\\\"management-content\\\\/content_type\\\",\\\"icon\\\":\\\"icon-folder\\\",\\\"parent\\\":\\\"41\\\",\\\"status\\\":\\\"1\\\"}', '{\\\"success\\\":true,\\\"title\\\":\\\"Updating Data\\\",\\\"message\\\":\\\"Data has been updated.\\\"}', '::1', '3', '2018-02-28 08:51:44')
ERROR - 2018-02-28 10:09:18 --> 404 Page Not Found: management-content/Content_type/index
ERROR - 2018-02-28 10:09:25 --> 404 Page Not Found: management-content/Content_type/index
ERROR - 2018-02-28 10:16:44 --> 404 Page Not Found: management-content/Content_type/index
ERROR - 2018-02-28 10:18:42 --> Severity: Notice --> Undefined index: access C:\xampp\htdocs\Gmedia\app\core\MY_Controller_Admin.php 92
ERROR - 2018-02-28 10:18:42 --> Severity: Parsing Error --> syntax error, unexpected 'public' (T_PUBLIC), expecting ',' or ';' C:\xampp\htdocs\Gmedia\app\models\backend\management-content\Model_content_types.php 8
ERROR - 2018-02-28 10:19:21 --> Query error: Unknown column 'ip' in 'field list' - Invalid query: INSERT INTO `cms_action_history` (`id`, `id_user`, `url`, `actions`, `data`, `result`, `ip`, `entry_by`, `entry_time`) VALUES ('20180228101921368', '3', 'user-management/privilege_menu', 'Update', '{\\\"id\\\":\\\"43\\\",\\\"name\\\":\\\"Content Types\\\",\\\"description\\\":\\\"\\\",\\\"url\\\":\\\"management-content\\\\/content_types\\\",\\\"icon\\\":\\\"icon-folder\\\",\\\"parent\\\":\\\"41\\\",\\\"status\\\":\\\"1\\\"}', '{\\\"success\\\":true,\\\"title\\\":\\\"Updating Data\\\",\\\"message\\\":\\\"Data has been updated.\\\"}', '::1', '3', '2018-02-28 10:19:21')
ERROR - 2018-02-28 10:19:50 --> Severity: Parsing Error --> syntax error, unexpected 'public' (T_PUBLIC), expecting ',' or ';' C:\xampp\htdocs\Gmedia\app\models\backend\management-content\Model_content_types.php 8
ERROR - 2018-02-28 10:20:57 --> Severity: Notice --> Undefined property: Content_types::$model_content_type C:\xampp\htdocs\Gmedia\app\controllers\management-content\Content_types.php 27
ERROR - 2018-02-28 10:20:57 --> Severity: Error --> Call to a member function loadContent_Types() on a non-object C:\xampp\htdocs\Gmedia\app\controllers\management-content\Content_types.php 27
ERROR - 2018-02-28 10:21:36 --> Query error: Table 'indofungames_media.content_types' doesn't exist - Invalid query: SELECT COUNT(1) AS count
FROM `content_types`
WHERE `status` != '-1'
ERROR - 2018-02-28 10:21:36 --> Severity: Error --> Call to a member function result_array() on a non-object C:\xampp\htdocs\Gmedia\app\models\backend\management-content\Model_content_types.php 41
ERROR - 2018-02-28 10:24:38 --> Query error: Table 'indofungames_media.content_types' doesn't exist - Invalid query: SELECT COUNT(1) AS count
FROM `content_types`
WHERE `status` != '-1'
ERROR - 2018-02-28 10:24:38 --> Severity: Error --> Call to a member function result_array() on a non-object C:\xampp\htdocs\Gmedia\app\models\backend\management-content\Model_content_types.php 41
ERROR - 2018-02-28 10:33:34 --> Query error: Table 'indofungames_media.content_types' doesn't exist - Invalid query: SELECT COUNT(1) AS count
FROM `content_types`
WHERE `status` != '-1'
ERROR - 2018-02-28 10:33:35 --> Severity: Error --> Call to a member function result_array() on a non-object C:\xampp\htdocs\Gmedia\app\models\backend\management-content\Model_content_types.php 41
ERROR - 2018-02-28 10:34:14 --> Query error: Table 'indofungames_media.content_types' doesn't exist - Invalid query: SELECT COUNT(1) AS count
FROM `content_types`
WHERE `status` != '-1'
ERROR - 2018-02-28 10:34:15 --> Severity: Error --> Call to a member function result_array() on a non-object C:\xampp\htdocs\Gmedia\app\models\backend\management-content\Model_content_types.php 41
ERROR - 2018-02-28 10:40:07 --> Query error: Table 'indofungames_media.content_types' doesn't exist - Invalid query: SELECT COUNT(1) AS count
FROM `content_types`
WHERE `status` != '-1'
ERROR - 2018-02-28 10:40:07 --> Severity: Error --> Call to a member function result_array() on a non-object C:\xampp\htdocs\Gmedia\app\models\backend\management-content\Model_content_types.php 41
ERROR - 2018-02-28 11:19:15 --> 404 Page Not Found: management-content/Content_types/getContent_TypesData
ERROR - 2018-02-28 11:47:04 --> Query error: Unknown column 'ct.id' in 'field list' - Invalid query: SELECT `ct`.`id`, `ct`.`code`, `ct`.`name`, `ct`.`description`, `ct`.`status`, `ct`.`entry_by`, `ct`.`entry_time`, `ct`.`update_by`, `ct`.`update_time`
FROM `contents_types` `p`
WHERE `ct`.`id` = '1'
ERROR - 2018-02-28 11:47:04 --> Severity: Error --> Call to a member function num_rows() on a non-object C:\xampp\htdocs\Gmedia\app\models\backend\management-content\Model_content_types.php 103
