ERROR - 2018-02-15 02:46:50 --> 404 Page Not Found: Faviconico/index
ERROR - 2018-02-15 02:46:58 --> 404 Page Not Found: User_management/employees
ERROR - 2018-02-15 02:55:35 --> 404 Page Not Found: user-management/Employees/index
ERROR - 2018-02-15 04:11:53 --> Severity: Error --> Call to undefined method Employees::getAccess() C:\xampp\htdocs\Gmedia\app\core\MY_Controller_Admin.php 19
ERROR - 2018-02-15 05:46:53 --> Severity: Parsing Error --> syntax error, unexpected '{' C:\xampp\htdocs\Gmedia\app\controllers\user-management\Employees.php 63
ERROR - 2018-02-15 05:48:00 --> Severity: Parsing Error --> syntax error, unexpected ';' C:\xampp\htdocs\Gmedia\app\controllers\user-management\Employees.php 62
ERROR - 2018-02-15 05:48:12 --> Severity: Parsing Error --> syntax error, unexpected '{' C:\xampp\htdocs\Gmedia\app\controllers\user-management\Employees.php 63
ERROR - 2018-02-15 05:48:26 --> Severity: Parsing Error --> syntax error, unexpected '$buttonClone' (T_VARIABLE) C:\xampp\htdocs\Gmedia\app\controllers\user-management\Employees.php 63
ERROR - 2018-02-15 05:48:53 --> Severity: Parsing Error --> syntax error, unexpected '{' C:\xampp\htdocs\Gmedia\app\controllers\user-management\Employees.php 63
ERROR - 2018-02-15 05:52:14 --> Severity: Parsing Error --> syntax error, unexpected '{' C:\xampp\htdocs\Gmedia\app\controllers\user-management\Employees.php 63
ERROR - 2018-02-15 05:52:51 --> Severity: Parsing Error --> syntax error, unexpected '$buttonClone' (T_VARIABLE) C:\xampp\htdocs\Gmedia\app\controllers\user-management\Employees.php 61
ERROR - 2018-02-15 05:57:37 --> Severity: Parsing Error --> syntax error, unexpected '$buttonClone' (T_VARIABLE) C:\xampp\htdocs\Gmedia\app\controllers\user-management\Employees.php 61
ERROR - 2018-02-15 06:01:17 --> Severity: Parsing Error --> syntax error, unexpected '$buttonClone' (T_VARIABLE) C:\xampp\htdocs\Gmedia\app\controllers\user-management\Employees.php 61
ERROR - 2018-02-15 06:11:57 --> Severity: Parsing Error --> syntax error, unexpected '[' C:\xampp\htdocs\Gmedia\app\controllers\user-management\Employees.php 67
ERROR - 2018-02-15 06:13:05 --> Severity: Parsing Error --> syntax error, unexpected '[' C:\xampp\htdocs\Gmedia\app\controllers\user-management\Employees.php 66
ERROR - 2018-02-15 06:13:20 --> Severity: Parsing Error --> syntax error, unexpected '[' C:\xampp\htdocs\Gmedia\app\controllers\user-management\Employees.php 65
ERROR - 2018-02-15 09:26:57 --> Severity: Parsing Error --> syntax error, unexpected ''"></i></button>'' (T_CONSTANT_ENCAPSED_STRING) C:\xampp\htdocs\Gmedia\app\core\MY_Controller.php 40
ERROR - 2018-02-15 09:37:12 --> Severity: Parsing Error --> syntax error, unexpected ''"></i></button>'' (T_CONSTANT_ENCAPSED_STRING) C:\xampp\htdocs\Gmedia\app\core\MY_Controller.php 40
ERROR - 2018-02-15 09:38:41 --> Severity: Parsing Error --> syntax error, unexpected ''"></i></button>'' (T_CONSTANT_ENCAPSED_STRING) C:\xampp\htdocs\Gmedia\app\core\MY_Controller.php 40
ERROR - 2018-02-15 09:38:44 --> Severity: Parsing Error --> syntax error, unexpected ''"></i></button>'' (T_CONSTANT_ENCAPSED_STRING) C:\xampp\htdocs\Gmedia\app\core\MY_Controller.php 40
ERROR - 2018-02-15 09:38:46 --> Severity: Parsing Error --> syntax error, unexpected ''"></i></button>'' (T_CONSTANT_ENCAPSED_STRING) C:\xampp\htdocs\Gmedia\app\core\MY_Controller.php 40
ERROR - 2018-02-15 09:38:50 --> Severity: Parsing Error --> syntax error, unexpected ''"></i></button>'' (T_CONSTANT_ENCAPSED_STRING) C:\xampp\htdocs\Gmedia\app\core\MY_Controller.php 40
ERROR - 2018-02-15 09:59:18 --> Severity: Parsing Error --> syntax error, unexpected ''"></i></button>'' (T_CONSTANT_ENCAPSED_STRING) C:\xampp\htdocs\Gmedia\app\core\MY_Controller.php 40
ERROR - 2018-02-15 10:02:50 --> Severity: Parsing Error --> syntax error, unexpected ''" onclick="'' (T_CONSTANT_ENCAPSED_STRING) C:\xampp\htdocs\Gmedia\app\core\MY_Controller.php 46
ERROR - 2018-02-15 10:03:14 --> Severity: Parsing Error --> syntax error, unexpected ''" onclick="'' (T_CONSTANT_ENCAPSED_STRING) C:\xampp\htdocs\Gmedia\app\core\MY_Controller.php 46
ERROR - 2018-02-15 10:03:44 --> Severity: Parsing Error --> syntax error, unexpected '[' C:\xampp\htdocs\Gmedia\app\controllers\user-management\Employees.php 61
ERROR - 2018-02-15 10:04:11 --> Severity: Parsing Error --> syntax error, unexpected '[' C:\xampp\htdocs\Gmedia\app\controllers\user-management\Employees.php 61
ERROR - 2018-02-15 10:05:02 --> Severity: Error --> Call to undefined method Employees::getAccess() C:\xampp\htdocs\Gmedia\app\core\MY_Controller_Admin.php 19
ERROR - 2018-02-15 10:21:19 --> Severity: Error --> Call to undefined method Employees::getAccess() C:\xampp\htdocs\Gmedia\app\core\MY_Controller_Admin.php 19
