ERROR - 2018-02-12 07:40:32 --> Severity: Warning --> mysqli::real_connect(): (HY000/1045): Access denied for user 'usdk_ouside'@'117.102.109.10' (using password: YES) C:\xampp\htdocs\Gmedia\sys_ci_3.0\database\drivers\mysqli\mysqli_driver.php 135
ERROR - 2018-02-12 07:40:32 --> Unable to connect to the database
ERROR - 2018-02-12 07:40:33 --> 404 Page Not Found: assets
ERROR - 2018-02-12 07:40:33 --> 404 Page Not Found: assets
ERROR - 2018-02-12 07:40:34 --> 404 Page Not Found: assets
ERROR - 2018-02-12 07:40:34 --> 404 Page Not Found: assets
ERROR - 2018-02-12 07:40:34 --> 404 Page Not Found: assets
ERROR - 2018-02-12 07:40:35 --> 404 Page Not Found: assets
ERROR - 2018-02-12 07:40:35 --> 404 Page Not Found: assets
ERROR - 2018-02-12 07:40:36 --> 404 Page Not Found: assets
ERROR - 2018-02-12 07:40:36 --> 404 Page Not Found: assets
ERROR - 2018-02-12 07:40:36 --> 404 Page Not Found: assets
ERROR - 2018-02-12 07:40:36 --> 404 Page Not Found: assets
ERROR - 2018-02-12 07:40:39 --> 404 Page Not Found: assets
ERROR - 2018-02-12 07:43:07 --> Severity: Error --> Call to undefined method model_globals::loadDbPlatformSdk() C:\xampp\htdocs\Gmedia\app\models\backend\Model_globals.php 9
ERROR - 2018-02-12 07:43:19 --> Severity: Error --> Call to undefined method model_globals::loadDbPlatformSdk() C:\xampp\htdocs\Gmedia\app\models\backend\Model_globals.php 9
ERROR - 2018-02-12 07:43:30 --> Severity: Warning --> mysqli::real_connect(): (HY000/1045): Access denied for user 'usdk_ouside'@'117.102.109.10' (using password: YES) C:\xampp\htdocs\Gmedia\sys_ci_3.0\database\drivers\mysqli\mysqli_driver.php 135
ERROR - 2018-02-12 07:43:30 --> Unable to connect to the database
ERROR - 2018-02-12 07:43:31 --> Severity: Warning --> mysqli::real_connect(): (HY000/1045): Access denied for user 'usdk_ouside'@'117.102.109.10' (using password: YES) C:\xampp\htdocs\Gmedia\sys_ci_3.0\database\drivers\mysqli\mysqli_driver.php 135
ERROR - 2018-02-12 07:43:31 --> Unable to connect to the database
ERROR - 2018-02-12 07:43:31 --> 404 Page Not Found: assets
ERROR - 2018-02-12 07:43:31 --> 404 Page Not Found: assets
ERROR - 2018-02-12 07:43:31 --> 404 Page Not Found: assets
ERROR - 2018-02-12 07:43:31 --> 404 Page Not Found: assets
ERROR - 2018-02-12 07:43:31 --> 404 Page Not Found: assets
ERROR - 2018-02-12 07:43:31 --> 404 Page Not Found: assets
ERROR - 2018-02-12 07:43:31 --> 404 Page Not Found: assets
ERROR - 2018-02-12 07:43:32 --> 404 Page Not Found: assets
ERROR - 2018-02-12 07:43:32 --> 404 Page Not Found: assets
ERROR - 2018-02-12 07:43:32 --> 404 Page Not Found: assets
ERROR - 2018-02-12 07:43:32 --> 404 Page Not Found: assets
ERROR - 2018-02-12 07:43:32 --> 404 Page Not Found: assets
ERROR - 2018-02-12 07:43:32 --> 404 Page Not Found: assets
ERROR - 2018-02-12 07:43:32 --> 404 Page Not Found: assets
ERROR - 2018-02-12 07:43:32 --> 404 Page Not Found: assets
ERROR - 2018-02-12 07:43:32 --> 404 Page Not Found: assets
ERROR - 2018-02-12 07:43:32 --> 404 Page Not Found: assets
ERROR - 2018-02-12 07:43:32 --> 404 Page Not Found: assets
ERROR - 2018-02-12 07:43:33 --> 404 Page Not Found: assets
ERROR - 2018-02-12 07:43:33 --> 404 Page Not Found: assets
ERROR - 2018-02-12 07:43:33 --> 404 Page Not Found: assets
ERROR - 2018-02-12 07:43:33 --> 404 Page Not Found: assets
ERROR - 2018-02-12 07:43:33 --> 404 Page Not Found: assets
ERROR - 2018-02-12 07:43:33 --> 404 Page Not Found: assets
ERROR - 2018-02-12 07:43:33 --> 404 Page Not Found: assets
ERROR - 2018-02-12 07:43:33 --> 404 Page Not Found: assets
ERROR - 2018-02-12 07:43:33 --> 404 Page Not Found: assets
ERROR - 2018-02-12 07:47:03 --> Severity: Error --> Call to undefined method model_globals::loadDbPlatformSdk() C:\xampp\htdocs\Gmedia\app\models\backend\Model_globals.php 9
ERROR - 2018-02-12 07:47:47 --> 404 Page Not Found: assets
ERROR - 2018-02-12 07:47:47 --> 404 Page Not Found: assets
ERROR - 2018-02-12 07:47:47 --> 404 Page Not Found: assets
ERROR - 2018-02-12 07:47:47 --> 404 Page Not Found: assets
ERROR - 2018-02-12 07:47:47 --> 404 Page Not Found: assets
ERROR - 2018-02-12 07:47:47 --> 404 Page Not Found: assets
ERROR - 2018-02-12 07:47:47 --> 404 Page Not Found: assets
ERROR - 2018-02-12 07:47:47 --> 404 Page Not Found: assets
ERROR - 2018-02-12 07:47:47 --> 404 Page Not Found: assets
ERROR - 2018-02-12 07:47:47 --> 404 Page Not Found: assets
ERROR - 2018-02-12 07:47:47 --> 404 Page Not Found: assets
ERROR - 2018-02-12 07:47:47 --> 404 Page Not Found: assets
ERROR - 2018-02-12 07:47:48 --> 404 Page Not Found: assets
ERROR - 2018-02-12 07:47:48 --> 404 Page Not Found: assets
ERROR - 2018-02-12 07:47:48 --> 404 Page Not Found: assets
ERROR - 2018-02-12 07:47:48 --> 404 Page Not Found: assets
ERROR - 2018-02-12 07:47:48 --> 404 Page Not Found: assets
ERROR - 2018-02-12 07:47:48 --> 404 Page Not Found: assets
ERROR - 2018-02-12 07:47:48 --> 404 Page Not Found: assets
ERROR - 2018-02-12 07:47:48 --> 404 Page Not Found: assets
ERROR - 2018-02-12 07:47:48 --> 404 Page Not Found: assets
ERROR - 2018-02-12 07:47:48 --> 404 Page Not Found: assets
ERROR - 2018-02-12 07:47:48 --> 404 Page Not Found: assets
ERROR - 2018-02-12 07:47:48 --> 404 Page Not Found: assets
ERROR - 2018-02-12 07:47:48 --> 404 Page Not Found: assets
ERROR - 2018-02-12 07:47:48 --> 404 Page Not Found: assets
ERROR - 2018-02-12 07:47:49 --> 404 Page Not Found: favicon.ico
ERROR - 2018-02-12 07:47:53 --> 404 Page Not Found: assets
ERROR - 2018-02-12 07:47:53 --> 404 Page Not Found: assets
ERROR - 2018-02-12 07:47:53 --> 404 Page Not Found: assets
ERROR - 2018-02-12 07:47:53 --> 404 Page Not Found: assets
ERROR - 2018-02-12 07:47:53 --> 404 Page Not Found: assets
ERROR - 2018-02-12 07:47:53 --> 404 Page Not Found: assets
ERROR - 2018-02-12 07:47:53 --> 404 Page Not Found: assets
ERROR - 2018-02-12 07:47:54 --> 404 Page Not Found: assets
ERROR - 2018-02-12 07:47:54 --> 404 Page Not Found: assets
ERROR - 2018-02-12 07:47:54 --> 404 Page Not Found: assets
ERROR - 2018-02-12 07:47:54 --> 404 Page Not Found: assets
ERROR - 2018-02-12 07:47:54 --> 404 Page Not Found: assets
ERROR - 2018-02-12 07:47:54 --> 404 Page Not Found: assets
ERROR - 2018-02-12 07:47:54 --> 404 Page Not Found: assets
ERROR - 2018-02-12 07:47:54 --> 404 Page Not Found: assets
ERROR - 2018-02-12 07:47:54 --> 404 Page Not Found: assets
ERROR - 2018-02-12 07:47:54 --> 404 Page Not Found: assets
ERROR - 2018-02-12 07:47:54 --> 404 Page Not Found: assets
ERROR - 2018-02-12 07:47:54 --> 404 Page Not Found: assets
ERROR - 2018-02-12 07:47:54 --> 404 Page Not Found: assets
ERROR - 2018-02-12 07:47:54 --> 404 Page Not Found: assets
ERROR - 2018-02-12 07:47:54 --> 404 Page Not Found: assets
ERROR - 2018-02-12 07:47:55 --> 404 Page Not Found: assets
ERROR - 2018-02-12 07:47:55 --> 404 Page Not Found: assets
ERROR - 2018-02-12 07:47:55 --> 404 Page Not Found: assets
ERROR - 2018-02-12 07:47:55 --> 404 Page Not Found: assets
ERROR - 2018-02-12 07:47:55 --> 404 Page Not Found: assets
ERROR - 2018-02-12 07:47:55 --> 404 Page Not Found: assets
ERROR - 2018-02-12 07:47:55 --> 404 Page Not Found: assets
ERROR - 2018-02-12 07:47:55 --> 404 Page Not Found: assets
ERROR - 2018-02-12 07:48:15 --> 404 Page Not Found: assets
ERROR - 2018-02-12 07:48:15 --> 404 Page Not Found: assets
ERROR - 2018-02-12 07:48:15 --> 404 Page Not Found: assets
ERROR - 2018-02-12 07:48:15 --> 404 Page Not Found: assets
ERROR - 2018-02-12 07:48:15 --> 404 Page Not Found: assets
ERROR - 2018-02-12 07:48:15 --> 404 Page Not Found: assets
ERROR - 2018-02-12 07:48:15 --> 404 Page Not Found: assets
ERROR - 2018-02-12 07:48:15 --> 404 Page Not Found: assets
ERROR - 2018-02-12 07:48:15 --> 404 Page Not Found: assets
ERROR - 2018-02-12 07:48:15 --> 404 Page Not Found: assets
ERROR - 2018-02-12 07:48:15 --> 404 Page Not Found: assets
ERROR - 2018-02-12 07:48:15 --> 404 Page Not Found: assets
ERROR - 2018-02-12 07:48:15 --> 404 Page Not Found: assets
ERROR - 2018-02-12 07:48:15 --> 404 Page Not Found: assets
ERROR - 2018-02-12 07:48:16 --> 404 Page Not Found: assets
ERROR - 2018-02-12 07:48:16 --> 404 Page Not Found: assets
ERROR - 2018-02-12 07:48:16 --> 404 Page Not Found: assets
ERROR - 2018-02-12 07:48:16 --> 404 Page Not Found: assets
ERROR - 2018-02-12 07:48:16 --> 404 Page Not Found: assets
ERROR - 2018-02-12 07:48:16 --> 404 Page Not Found: assets
ERROR - 2018-02-12 07:48:16 --> 404 Page Not Found: assets
ERROR - 2018-02-12 07:48:16 --> 404 Page Not Found: assets
ERROR - 2018-02-12 07:48:16 --> 404 Page Not Found: assets
ERROR - 2018-02-12 07:48:16 --> 404 Page Not Found: assets
ERROR - 2018-02-12 07:48:17 --> 404 Page Not Found: assets
ERROR - 2018-02-12 07:48:17 --> 404 Page Not Found: assets
ERROR - 2018-02-12 08:01:26 --> Query error: Unknown column 'ip' in 'field list' - Invalid query: INSERT INTO `cms_action_history` (`id`, `id_user`, `url`, `actions`, `data`, `result`, `ip`, `entry_by`, `entry_time`) VALUES ('20180212080126513', '1', 'backend/auth', 'Login', '', '{\\\"success\\\":true,\\\"url\\\":\\\"parameters\\\\/usertype\\\"}', '::1', '1', '2018-02-12 08:01:26')
ERROR - 2018-02-12 08:16:24 --> Severity: Error --> Class 'MY_Model' not found C:\xampp\htdocs\Gmedia\app\models\Model_global_parameter.php 2
ERROR - 2018-02-12 08:25:57 --> Severity: Error --> Class 'MY_Model' not found C:\xampp\htdocs\Gmedia\app\models\Model_global_parameter.php 2
ERROR - 2018-02-12 08:26:26 --> Severity: Notice --> Undefined variable: globalParameter C:\xampp\htdocs\Gmedia\app\views\backend\metronic.3.7\view_login.php 10
ERROR - 2018-02-12 08:26:27 --> Severity: Notice --> Undefined variable: globalParameter C:\xampp\htdocs\Gmedia\app\views\backend\metronic.3.7\view_login.php 134
ERROR - 2018-02-12 08:29:32 --> 404 Page Not Found: Backend/auth
ERROR - 2018-02-12 08:29:37 --> 404 Page Not Found: Backend/auth
ERROR - 2018-02-12 08:29:38 --> 404 Page Not Found: Backend/auth
ERROR - 2018-02-12 08:29:38 --> 404 Page Not Found: Backend/auth
ERROR - 2018-02-12 08:39:33 --> Severity: Notice --> Undefined variable: globalParameter C:\xampp\htdocs\Gmedia\app\views\backend\metronic\view_login.php 10
ERROR - 2018-02-12 08:39:33 --> Severity: Notice --> Undefined variable: globalParameter C:\xampp\htdocs\Gmedia\app\views\backend\metronic\view_login.php 134
ERROR - 2018-02-12 08:43:57 --> Severity: Notice --> Undefined variable: globalParameter C:\xampp\htdocs\Gmedia\app\views\backend\metronic\view_login.php 10
ERROR - 2018-02-12 08:43:57 --> Severity: Notice --> Undefined variable: globalParameter C:\xampp\htdocs\Gmedia\app\views\backend\metronic\view_login.php 134
ERROR - 2018-02-12 08:45:14 --> Severity: Notice --> Undefined variable: globalParameter C:\xampp\htdocs\Gmedia\app\views\backend\metronic\view_login.php 10
ERROR - 2018-02-12 08:45:14 --> Severity: Notice --> Undefined variable: globalParameter C:\xampp\htdocs\Gmedia\app\views\backend\metronic\view_login.php 134
ERROR - 2018-02-12 08:46:45 --> Severity: Notice --> Undefined variable: globalParameter C:\xampp\htdocs\Gmedia\app\views\backend\metronic\view_login.php 10
ERROR - 2018-02-12 08:46:45 --> Severity: Notice --> Undefined variable: globalParameter C:\xampp\htdocs\Gmedia\app\views\backend\metronic\view_login.php 134
ERROR - 2018-02-12 08:49:06 --> Severity: Notice --> Undefined variable: globalParameter C:\xampp\htdocs\Gmedia\app\views\backend\metronic\view_login.php 10
ERROR - 2018-02-12 08:49:06 --> Severity: Notice --> Undefined variable: globalParameter C:\xampp\htdocs\Gmedia\app\views\backend\metronic\view_login.php 134
ERROR - 2018-02-12 08:57:44 --> Severity: Notice --> Undefined variable: globalParameter C:\xampp\htdocs\Gmedia\app\views\backend\metronic\view_login.php 10
ERROR - 2018-02-12 08:57:44 --> Severity: Notice --> Undefined variable: globalParameter C:\xampp\htdocs\Gmedia\app\views\backend\metronic\view_login.php 134
ERROR - 2018-02-12 09:13:08 --> Severity: Notice --> Undefined variable: globalParameter C:\xampp\htdocs\Gmedia\app\views\backend\metronic\view_login.php 10
ERROR - 2018-02-12 09:13:08 --> Severity: Notice --> Undefined variable: globalParameter C:\xampp\htdocs\Gmedia\app\views\backend\metronic\view_login.php 134
ERROR - 2018-02-12 09:16:33 --> Severity: Notice --> Undefined variable: globalParameter C:\xampp\htdocs\Gmedia\app\views\backend\metronic\view_login.php 10
ERROR - 2018-02-12 09:16:33 --> Severity: Notice --> Undefined variable: globalParameter C:\xampp\htdocs\Gmedia\app\views\backend\metronic\view_login.php 134
ERROR - 2018-02-12 09:18:14 --> Severity: Notice --> Undefined variable: globalParameter C:\xampp\htdocs\Gmedia\app\views\backend\metronic\view_login.php 10
ERROR - 2018-02-12 09:18:14 --> Severity: Notice --> Undefined variable: globalParameter C:\xampp\htdocs\Gmedia\app\views\backend\metronic\view_login.php 134
ERROR - 2018-02-12 09:24:58 --> Severity: Parsing Error --> syntax error, unexpected '$this' (T_VARIABLE) C:\xampp\htdocs\Gmedia\app\controllers\Backend.php 21
ERROR - 2018-02-12 09:26:49 --> Severity: Parsing Error --> syntax error, unexpected '$this' (T_VARIABLE) C:\xampp\htdocs\Gmedia\app\controllers\Backend.php 21
ERROR - 2018-02-12 09:27:18 --> Severity: Parsing Error --> syntax error, unexpected '$this' (T_VARIABLE) C:\xampp\htdocs\Gmedia\app\controllers\Backend.php 21
ERROR - 2018-02-12 09:28:02 --> Severity: Notice --> Undefined variable: globalParameter C:\xampp\htdocs\Gmedia\app\views\backend\metronic\view_login.php 10
ERROR - 2018-02-12 09:28:02 --> Severity: Notice --> Undefined variable: globalParameter C:\xampp\htdocs\Gmedia\app\views\backend\metronic\view_login.php 134
ERROR - 2018-02-12 09:29:11 --> Severity: Notice --> Undefined variable: globalParameter C:\xampp\htdocs\Gmedia\app\views\backend\metronic\view_login.php 10
ERROR - 2018-02-12 09:29:11 --> Severity: Notice --> Undefined variable: globalParameter C:\xampp\htdocs\Gmedia\app\views\backend\metronic\view_login.php 134
ERROR - 2018-02-12 09:35:00 --> Severity: Notice --> Undefined variable: globalParameter C:\xampp\htdocs\Gmedia\app\views\backend\metronic\view_login.php 134
ERROR - 2018-02-12 09:49:55 --> Severity: Notice --> Undefined variable: globalParameter C:\xampp\htdocs\Gmedia\app\views\backend\metronic\view_login.php 10
ERROR - 2018-02-12 09:49:55 --> Severity: Notice --> Undefined variable: globalParameter C:\xampp\htdocs\Gmedia\app\views\backend\metronic\view_login.php 134
ERROR - 2018-02-12 09:50:56 --> Severity: Notice --> Undefined variable: globalParameter C:\xampp\htdocs\Gmedia\app\views\backend\metronic\view_login.php 10
ERROR - 2018-02-12 09:50:56 --> Severity: Notice --> Undefined variable: globalParameter C:\xampp\htdocs\Gmedia\app\views\backend\metronic\view_login.php 134
ERROR - 2018-02-12 09:53:27 --> 404 Page Not Found: Login/index
ERROR - 2018-02-12 09:55:45 --> Severity: Notice --> Undefined variable: globalParameter C:\xampp\htdocs\Gmedia\app\views\backend\metronic\view_login.php 10
ERROR - 2018-02-12 09:55:45 --> Severity: Notice --> Undefined variable: globalParameter C:\xampp\htdocs\Gmedia\app\views\backend\metronic\view_login.php 134
ERROR - 2018-02-12 10:07:04 --> Severity: Parsing Error --> syntax error, unexpected '*' C:\xampp\htdocs\Gmedia\app\config\database.php 107
ERROR - 2018-02-12 10:07:59 --> 404 Page Not Found: Backend/auth
ERROR - 2018-02-12 10:08:03 --> 404 Page Not Found: Backend/auth
