ERROR - 2017-11-25 10:01:38 --> 404 Page Not Found: assets
ERROR - 2017-11-25 10:01:40 --> 404 Page Not Found: assets
ERROR - 2017-11-25 10:03:02 --> 404 Page Not Found: assets
ERROR - 2017-11-25 10:03:02 --> 404 Page Not Found: assets
ERROR - 2017-11-25 10:03:04 --> 404 Page Not Found: assets
ERROR - 2017-11-25 10:03:04 --> 404 Page Not Found: assets
ERROR - 2017-11-25 10:03:16 --> 404 Page Not Found: assets
ERROR - 2017-11-25 10:03:17 --> 404 Page Not Found: assets
ERROR - 2017-11-25 10:03:17 --> 404 Page Not Found: assets
ERROR - 2017-11-25 10:03:31 --> 404 Page Not Found: assets
ERROR - 2017-11-25 10:06:53 --> 404 Page Not Found: assets
ERROR - 2017-11-25 10:06:54 --> 404 Page Not Found: assets
ERROR - 2017-11-25 10:06:54 --> 404 Page Not Found: assets
ERROR - 2017-11-25 10:09:34 --> 404 Page Not Found: assets
ERROR - 2017-11-25 10:09:35 --> 404 Page Not Found: assets
ERROR - 2017-11-25 10:09:35 --> 404 Page Not Found: assets
ERROR - 2017-11-25 10:10:41 --> 404 Page Not Found: assets
ERROR - 2017-11-25 10:10:41 --> 404 Page Not Found: assets
ERROR - 2017-11-25 10:10:41 --> 404 Page Not Found: assets
ERROR - 2017-11-25 10:11:07 --> 404 Page Not Found: assets
ERROR - 2017-11-25 10:11:07 --> 404 Page Not Found: assets
ERROR - 2017-11-25 10:11:08 --> 404 Page Not Found: assets
ERROR - 2017-11-25 10:13:55 --> 404 Page Not Found: assets
ERROR - 2017-11-25 10:13:55 --> 404 Page Not Found: assets
ERROR - 2017-11-25 10:13:55 --> 404 Page Not Found: assets
ERROR - 2017-11-25 10:13:55 --> 404 Page Not Found: assets
ERROR - 2017-11-25 10:14:25 --> Severity: Notice --> Undefined index: params /var/www/me.indofun.forum/app/models/frontend/Model_auth.php 17
ERROR - 2017-11-25 10:16:38 --> 404 Page Not Found: assets
ERROR - 2017-11-25 10:16:39 --> 404 Page Not Found: assets
ERROR - 2017-11-25 10:16:39 --> 404 Page Not Found: assets
ERROR - 2017-11-25 10:16:43 --> 404 Page Not Found: assets
ERROR - 2017-11-25 10:16:43 --> 404 Page Not Found: assets
ERROR - 2017-11-25 10:16:43 --> 404 Page Not Found: assets
ERROR - 2017-11-25 10:17:19 --> 404 Page Not Found: assets
ERROR - 2017-11-25 10:17:19 --> 404 Page Not Found: assets
ERROR - 2017-11-25 10:17:19 --> 404 Page Not Found: assets
ERROR - 2017-11-25 10:17:58 --> 404 Page Not Found: assets
ERROR - 2017-11-25 10:17:58 --> 404 Page Not Found: assets
ERROR - 2017-11-25 10:17:59 --> 404 Page Not Found: assets
ERROR - 2017-11-25 10:18:05 --> 404 Page Not Found: assets
ERROR - 2017-11-25 10:18:06 --> 404 Page Not Found: assets
ERROR - 2017-11-25 10:18:06 --> 404 Page Not Found: assets
ERROR - 2017-11-25 10:18:39 --> Severity: Notice --> Undefined variable: db /var/www/me.indofun.forum/app/models/frontend/Model_auth.php 57
ERROR - 2017-11-25 10:18:39 --> Severity: error --> Exception: Cannot access empty property /var/www/me.indofun.forum/sys/core/Model.php 77
ERROR - 2017-11-25 10:18:39 --> Severity: Error --> Uncaught TypeError: Argument 1 passed to CI_Exceptions::show_exception() must be an instance of Exception, instance of Error given, called in /var/www/me.indofun.forum/sys/core/Common.php on line 658 and defined in /var/www/me.indofun.forum/sys/core/Exceptions.php:190
Stack trace:
#0 /var/www/me.indofun.forum/sys/core/Common.php(658): CI_Exceptions->show_exception(Object(Error))
#1 [internal function]: _exception_handler(Object(Error))
#2 {main}
  thrown /var/www/me.indofun.forum/sys/core/Exceptions.php 190
ERROR - 2017-11-25 10:25:22 --> 404 Page Not Found: assets
ERROR - 2017-11-25 10:25:22 --> 404 Page Not Found: assets
ERROR - 2017-11-25 10:25:23 --> 404 Page Not Found: assets
ERROR - 2017-11-25 10:25:42 --> Severity: Notice --> Undefined variable: dbPlatformSdk /var/www/me.indofun.forum/app/models/frontend/Model_auth.php 57
ERROR - 2017-11-25 10:25:42 --> Severity: error --> Exception: Cannot access empty property /var/www/me.indofun.forum/sys/core/Model.php 77
ERROR - 2017-11-25 10:25:42 --> Severity: Error --> Uncaught TypeError: Argument 1 passed to CI_Exceptions::show_exception() must be an instance of Exception, instance of Error given, called in /var/www/me.indofun.forum/sys/core/Common.php on line 658 and defined in /var/www/me.indofun.forum/sys/core/Exceptions.php:190
Stack trace:
#0 /var/www/me.indofun.forum/sys/core/Common.php(658): CI_Exceptions->show_exception(Object(Error))
#1 [internal function]: _exception_handler(Object(Error))
#2 {main}
  thrown /var/www/me.indofun.forum/sys/core/Exceptions.php 190
ERROR - 2017-11-25 10:26:32 --> 404 Page Not Found: assets
ERROR - 2017-11-25 10:26:32 --> 404 Page Not Found: assets
ERROR - 2017-11-25 10:26:33 --> 404 Page Not Found: assets
ERROR - 2017-11-25 10:26:54 --> 404 Page Not Found: assets
ERROR - 2017-11-25 10:26:54 --> 404 Page Not Found: assets
ERROR - 2017-11-25 10:26:54 --> 404 Page Not Found: assets
ERROR - 2017-11-25 10:29:13 --> Severity: Notice --> Undefined property: register::$tableUser /var/www/me.indofun.forum/sys/core/Model.php 77
ERROR - 2017-11-25 10:29:13 --> Query error: You have an error in your SQL syntax; check the manual that corresponds to your MariaDB server version for the right syntax to use near '(`id`, `name`, `email`, `username`, `password`, `account_total`, `is_login`, `is' at line 1 - Invalid query: INSERT INTO  (`id`, `name`, `email`, `username`, `password`, `account_total`, `is_login`, `is_playnow`, `is_verified`, `is_secure`, `is_bind_indofun`, `ip_address`, `register_country`, `status`, `entry_time`) VALUES ('201711251029135142', 'hari', 'test@test.com', 'testt', 'f346515ece162071515ad20a6bc6e2f56f9a1261', '0', '0', '0', '0', '1', '1', '192.168.0.238', '0', '1', '2017-11-25 10:29:13')
ERROR - 2017-11-25 10:29:50 --> 404 Page Not Found: assets
ERROR - 2017-11-25 10:29:50 --> 404 Page Not Found: assets
ERROR - 2017-11-25 10:29:50 --> 404 Page Not Found: assets
ERROR - 2017-11-25 10:29:54 --> 404 Page Not Found: assets
ERROR - 2017-11-25 10:29:54 --> 404 Page Not Found: assets
ERROR - 2017-11-25 10:29:54 --> 404 Page Not Found: assets
ERROR - 2017-11-25 10:30:15 --> Severity: Notice --> Undefined variable: rUser /var/www/me.indofun.forum/app/controllers/Register.php 113
ERROR - 2017-11-25 10:30:15 --> Severity: Notice --> Undefined variable: rUser /var/www/me.indofun.forum/app/controllers/Register.php 114
ERROR - 2017-11-25 10:30:15 --> Severity: Notice --> Undefined variable: rUser /var/www/me.indofun.forum/app/controllers/Register.php 115
ERROR - 2017-11-25 10:30:15 --> Severity: Notice --> Undefined variable: rUser /var/www/me.indofun.forum/app/controllers/Register.php 116
ERROR - 2017-11-25 10:30:15 --> Severity: Notice --> Undefined variable: rUser /var/www/me.indofun.forum/app/controllers/Register.php 117
ERROR - 2017-11-25 10:30:15 --> Severity: Notice --> Undefined variable: rUser /var/www/me.indofun.forum/app/controllers/Register.php 118
ERROR - 2017-11-25 10:31:18 --> 404 Page Not Found: assets
ERROR - 2017-11-25 10:31:19 --> 404 Page Not Found: assets
ERROR - 2017-11-25 10:31:19 --> 404 Page Not Found: assets
ERROR - 2017-11-25 10:31:22 --> 404 Page Not Found: assets
ERROR - 2017-11-25 10:31:22 --> 404 Page Not Found: assets
ERROR - 2017-11-25 10:31:23 --> 404 Page Not Found: assets
ERROR - 2017-11-25 10:31:41 --> Severity: Notice --> Undefined index: phone /var/www/me.indofun.forum/app/controllers/Register.php 116
ERROR - 2017-11-25 10:32:03 --> 404 Page Not Found: assets
ERROR - 2017-11-25 10:32:03 --> 404 Page Not Found: assets
ERROR - 2017-11-25 10:32:03 --> 404 Page Not Found: assets
ERROR - 2017-11-25 10:32:08 --> 404 Page Not Found: assets
ERROR - 2017-11-25 10:32:08 --> 404 Page Not Found: assets
ERROR - 2017-11-25 10:32:09 --> 404 Page Not Found: assets
ERROR - 2017-11-25 10:32:35 --> 404 Page Not Found: assets
ERROR - 2017-11-25 10:32:35 --> 404 Page Not Found: assets
ERROR - 2017-11-25 10:32:35 --> 404 Page Not Found: assets
ERROR - 2017-11-25 10:32:35 --> 404 Page Not Found: assets
ERROR - 2017-11-25 10:32:35 --> 404 Page Not Found: assets
ERROR - 2017-11-25 10:32:35 --> 404 Page Not Found: assets
ERROR - 2017-11-25 10:32:35 --> 404 Page Not Found: assets
ERROR - 2017-11-25 10:32:35 --> 404 Page Not Found: assets
ERROR - 2017-11-25 10:32:35 --> 404 Page Not Found: assets
ERROR - 2017-11-25 10:32:35 --> 404 Page Not Found: assets
ERROR - 2017-11-25 10:32:35 --> 404 Page Not Found: assets
ERROR - 2017-11-25 10:32:35 --> 404 Page Not Found: assets
ERROR - 2017-11-25 10:32:35 --> 404 Page Not Found: assets
ERROR - 2017-11-25 10:32:35 --> 404 Page Not Found: assets
ERROR - 2017-11-25 10:32:35 --> 404 Page Not Found: assets
ERROR - 2017-11-25 10:32:35 --> 404 Page Not Found: assets
ERROR - 2017-11-25 10:32:35 --> 404 Page Not Found: assets
ERROR - 2017-11-25 10:32:36 --> 404 Page Not Found: assets
ERROR - 2017-11-25 10:59:09 --> 404 Page Not Found: assets
ERROR - 2017-11-25 10:59:09 --> 404 Page Not Found: assets
ERROR - 2017-11-25 10:59:09 --> 404 Page Not Found: assets
ERROR - 2017-11-25 10:59:09 --> 404 Page Not Found: assets
ERROR - 2017-11-25 10:59:09 --> 404 Page Not Found: assets
ERROR - 2017-11-25 10:59:09 --> 404 Page Not Found: assets
ERROR - 2017-11-25 10:59:09 --> 404 Page Not Found: assets
ERROR - 2017-11-25 10:59:09 --> 404 Page Not Found: assets
ERROR - 2017-11-25 10:59:09 --> 404 Page Not Found: assets
ERROR - 2017-11-25 10:59:09 --> 404 Page Not Found: assets
ERROR - 2017-11-25 10:59:09 --> 404 Page Not Found: assets
ERROR - 2017-11-25 10:59:09 --> 404 Page Not Found: assets
ERROR - 2017-11-25 10:59:09 --> 404 Page Not Found: assets
ERROR - 2017-11-25 10:59:09 --> 404 Page Not Found: assets
ERROR - 2017-11-25 10:59:09 --> 404 Page Not Found: assets
ERROR - 2017-11-25 10:59:09 --> 404 Page Not Found: assets
ERROR - 2017-11-25 10:59:09 --> 404 Page Not Found: assets
ERROR - 2017-11-25 10:59:10 --> 404 Page Not Found: assets
ERROR - 2017-11-25 11:09:56 --> Severity: Notice --> Undefined property: logout::$profle /var/www/me.indofun.forum/app/controllers/Logout.php 14
ERROR - 2017-11-25 11:09:56 --> Severity: Notice --> Undefined variable: result /var/www/me.indofun.forum/app/controllers/Logout.php 17
ERROR - 2017-11-25 11:09:56 --> Query error: Unknown column 'ip' in 'field list' - Invalid query: INSERT INTO `cms_action_history` (`id`, `id_user`, `url`, `actions`, `data`, `result`, `ip`, `entry_by`, `entry_time`) VALUES ('201711251109562947', '', 'logout', 'Logout', '', 'null', '192.168.0.238', '', '2017-11-25 11:09:56')
ERROR - 2017-11-25 11:09:56 --> Severity: Notice --> Undefined variable: in /var/www/me.indofun.forum/app/views/frontend/layout/forum/_pageheader.php 373
ERROR - 2017-11-25 11:09:56 --> 404 Page Not Found: assets
ERROR - 2017-11-25 11:09:56 --> 404 Page Not Found: assets
ERROR - 2017-11-25 11:09:57 --> 404 Page Not Found: assets
ERROR - 2017-11-25 11:11:01 --> 404 Page Not Found: assets
ERROR - 2017-11-25 11:11:01 --> 404 Page Not Found: assets
ERROR - 2017-11-25 11:11:02 --> 404 Page Not Found: assets
ERROR - 2017-11-25 11:24:32 --> 404 Page Not Found: assets
ERROR - 2017-11-25 11:24:32 --> 404 Page Not Found: assets
ERROR - 2017-11-25 11:24:32 --> 404 Page Not Found: assets
ERROR - 2017-11-25 11:24:32 --> 404 Page Not Found: assets
ERROR - 2017-11-25 11:24:32 --> 404 Page Not Found: assets
ERROR - 2017-11-25 11:24:32 --> 404 Page Not Found: assets
ERROR - 2017-11-25 11:24:32 --> 404 Page Not Found: assets
ERROR - 2017-11-25 11:24:32 --> 404 Page Not Found: assets
ERROR - 2017-11-25 11:24:32 --> 404 Page Not Found: assets
ERROR - 2017-11-25 11:24:32 --> 404 Page Not Found: assets
ERROR - 2017-11-25 11:24:32 --> 404 Page Not Found: assets
ERROR - 2017-11-25 11:24:32 --> 404 Page Not Found: assets
ERROR - 2017-11-25 11:24:32 --> 404 Page Not Found: assets
ERROR - 2017-11-25 11:24:32 --> 404 Page Not Found: assets
ERROR - 2017-11-25 11:24:32 --> 404 Page Not Found: assets
ERROR - 2017-11-25 11:24:32 --> 404 Page Not Found: assets
ERROR - 2017-11-25 11:24:33 --> 404 Page Not Found: assets
ERROR - 2017-11-25 11:24:33 --> 404 Page Not Found: assets
