ERROR - 2018-03-08 02:49:30 --> 404 Page Not Found: Faviconico/index
ERROR - 2018-03-08 02:52:16 --> Severity: Notice --> Undefined variable: contents C:\xampp\htdocs\Gmedia\app\views\backend\metronic\management-content\view_contents.php 134
ERROR - 2018-03-08 02:52:16 --> Severity: Warning --> Invalid argument supplied for foreach() C:\xampp\htdocs\Gmedia\app\views\backend\metronic\management-content\view_contents.php 134
ERROR - 2018-03-08 02:56:47 --> Severity: Notice --> Undefined variable: contents C:\xampp\htdocs\Gmedia\app\views\backend\metronic\management-content\view_contents.php 134
ERROR - 2018-03-08 02:56:47 --> Severity: Warning --> Invalid argument supplied for foreach() C:\xampp\htdocs\Gmedia\app\views\backend\metronic\management-content\view_contents.php 134
ERROR - 2018-03-08 02:59:57 --> Severity: Notice --> Undefined variable: contents C:\xampp\htdocs\Gmedia\app\views\backend\metronic\management-content\view_contents.php 134
ERROR - 2018-03-08 02:59:57 --> Severity: Warning --> Invalid argument supplied for foreach() C:\xampp\htdocs\Gmedia\app\views\backend\metronic\management-content\view_contents.php 134
ERROR - 2018-03-08 03:02:20 --> Severity: Notice --> Undefined variable: contents C:\xampp\htdocs\Gmedia\app\views\backend\metronic\management-content\view_contents.php 134
ERROR - 2018-03-08 03:02:20 --> Severity: Warning --> Invalid argument supplied for foreach() C:\xampp\htdocs\Gmedia\app\views\backend\metronic\management-content\view_contents.php 134
ERROR - 2018-03-08 03:03:39 --> Severity: Notice --> Undefined variable: contents C:\xampp\htdocs\Gmedia\app\views\backend\metronic\management-content\view_contents.php 134
ERROR - 2018-03-08 03:03:39 --> Severity: Warning --> Invalid argument supplied for foreach() C:\xampp\htdocs\Gmedia\app\views\backend\metronic\management-content\view_contents.php 134
ERROR - 2018-03-08 03:08:17 --> 404 Page Not Found: management-content/Contents_languages/index
ERROR - 2018-03-08 03:08:29 --> Severity: Notice --> Undefined variable: contents C:\xampp\htdocs\Gmedia\app\views\backend\metronic\management-content\view_contents.php 134
ERROR - 2018-03-08 03:08:29 --> Severity: Warning --> Invalid argument supplied for foreach() C:\xampp\htdocs\Gmedia\app\views\backend\metronic\management-content\view_contents.php 134
ERROR - 2018-03-08 03:10:49 --> Severity: Notice --> Undefined variable: contents C:\xampp\htdocs\Gmedia\app\views\backend\metronic\management-content\view_contents.php 134
ERROR - 2018-03-08 03:10:49 --> Severity: Warning --> Invalid argument supplied for foreach() C:\xampp\htdocs\Gmedia\app\views\backend\metronic\management-content\view_contents.php 134
ERROR - 2018-03-08 03:16:22 --> Severity: Notice --> Undefined variable: contents C:\xampp\htdocs\Gmedia\app\views\backend\metronic\management-content\view_contents.php 134
ERROR - 2018-03-08 03:16:23 --> Severity: Warning --> Invalid argument supplied for foreach() C:\xampp\htdocs\Gmedia\app\views\backend\metronic\management-content\view_contents.php 134
ERROR - 2018-03-08 03:16:35 --> Severity: Error --> Maximum execution time of 30 seconds exceeded C:\xampp\htdocs\Gmedia\sys_ci_3.0\database\drivers\mysqli\mysqli_driver.php 221
ERROR - 2018-03-08 03:24:49 --> Severity: Notice --> Undefined variable: contents C:\xampp\htdocs\Gmedia\app\views\backend\metronic\management-content\view_contents.php 134
ERROR - 2018-03-08 03:24:49 --> Severity: Warning --> Invalid argument supplied for foreach() C:\xampp\htdocs\Gmedia\app\views\backend\metronic\management-content\view_contents.php 134
ERROR - 2018-03-08 03:26:16 --> Severity: Error --> Maximum execution time of 30 seconds exceeded C:\xampp\htdocs\Gmedia\sys_ci_3.0\database\drivers\mysqli\mysqli_driver.php 221
ERROR - 2018-03-08 03:26:28 --> Severity: Error --> Maximum execution time of 30 seconds exceeded C:\xampp\htdocs\Gmedia\sys_ci_3.0\database\drivers\mysqli\mysqli_driver.php 221
ERROR - 2018-03-08 03:26:36 --> Severity: Error --> Maximum execution time of 30 seconds exceeded C:\xampp\htdocs\Gmedia\sys_ci_3.0\database\drivers\mysqli\mysqli_driver.php 136
ERROR - 2018-03-08 03:26:38 --> Severity: Error --> Maximum execution time of 30 seconds exceeded C:\xampp\htdocs\Gmedia\sys_ci_3.0\database\drivers\mysqli\mysqli_driver.php 136
ERROR - 2018-03-08 04:04:06 --> Severity: Parsing Error --> syntax error, unexpected ']' C:\xampp\htdocs\Gmedia\app\controllers\management-content\Content.php 101
ERROR - 2018-03-08 04:06:15 --> Severity: Parsing Error --> syntax error, unexpected '}' C:\xampp\htdocs\Gmedia\app\controllers\management-content\Content.php 123
ERROR - 2018-03-08 04:06:28 --> Severity: Parsing Error --> syntax error, unexpected '$result' (T_VARIABLE) C:\xampp\htdocs\Gmedia\app\controllers\management-content\Content.php 139
ERROR - 2018-03-08 04:06:59 --> Severity: Notice --> Undefined variable: params C:\xampp\htdocs\Gmedia\app\controllers\management-content\Content.php 133
ERROR - 2018-03-08 04:06:59 --> Severity: Warning --> Missing argument 1 for Model_contents::loadParentSelect(), called in C:\xampp\htdocs\Gmedia\app\controllers\management-content\Content.php on line 121 and defined C:\xampp\htdocs\Gmedia\app\models\backend\management-content\Model_contents.php 158
ERROR - 2018-03-08 04:07:00 --> Severity: Notice --> Undefined variable: params C:\xampp\htdocs\Gmedia\app\controllers\management-content\Content.php 83
ERROR - 2018-03-08 04:07:00 --> Severity: Notice --> Undefined variable: contents C:\xampp\htdocs\Gmedia\app\views\backend\metronic\management-content\view_contents.php 145
ERROR - 2018-03-08 04:07:00 --> Severity: Warning --> Invalid argument supplied for foreach() C:\xampp\htdocs\Gmedia\app\views\backend\metronic\management-content\view_contents.php 145
ERROR - 2018-03-08 04:12:05 --> Severity: Notice --> Undefined variable: params C:\xampp\htdocs\Gmedia\app\controllers\management-content\Content.php 134
ERROR - 2018-03-08 04:12:05 --> Severity: Warning --> Missing argument 1 for Model_contents::loadParentSelect(), called in C:\xampp\htdocs\Gmedia\app\controllers\management-content\Content.php on line 121 and defined C:\xampp\htdocs\Gmedia\app\models\backend\management-content\Model_contents.php 158
ERROR - 2018-03-08 04:12:05 --> Severity: Notice --> Undefined variable: params C:\xampp\htdocs\Gmedia\app\controllers\management-content\Content.php 83
ERROR - 2018-03-08 04:12:05 --> Severity: Notice --> Undefined variable: contents C:\xampp\htdocs\Gmedia\app\views\backend\metronic\management-content\view_contents.php 145
ERROR - 2018-03-08 04:12:05 --> Severity: Warning --> Invalid argument supplied for foreach() C:\xampp\htdocs\Gmedia\app\views\backend\metronic\management-content\view_contents.php 145
ERROR - 2018-03-08 04:53:58 --> Severity: Notice --> Undefined variable: params C:\xampp\htdocs\Gmedia\app\controllers\management-content\Content.php 134
ERROR - 2018-03-08 04:53:58 --> Severity: Notice --> Undefined index: parent C:\xampp\htdocs\Gmedia\app\models\backend\management-content\Model_contents.php 167
ERROR - 2018-03-08 04:53:58 --> Query error: You have an error in your SQL syntax; check the manual that corresponds to your MariaDB server version for the right syntax to use near 'AS child
FROM `contents`
WHERE `status` = '1'
ORDER BY `name` ASC' at line 1 - Invalid query: SELECT `id`, `name`, `parent`, `level`, `status`, (SELECT COUNT(1) FROM contents WHERE parent = id AND status !="-1" AS child
FROM `contents`
WHERE `status` = '1'
ORDER BY `name` ASC
ERROR - 2018-03-08 04:53:58 --> Severity: Error --> Call to a member function num_rows() on a non-object C:\xampp\htdocs\Gmedia\app\models\backend\management-content\Model_contents.php 174
ERROR - 2018-03-08 04:56:09 --> Severity: Notice --> Undefined index: parent C:\xampp\htdocs\Gmedia\app\models\backend\management-content\Model_contents.php 167
ERROR - 2018-03-08 04:56:09 --> Query error: You have an error in your SQL syntax; check the manual that corresponds to your MariaDB server version for the right syntax to use near 'AS child
FROM `contents`
WHERE `status` = '1'
ORDER BY `name` ASC' at line 1 - Invalid query: SELECT `id`, `name`, `parent`, `level`, `status`, (SELECT COUNT(1) FROM contents WHERE parent = id AND status !="-1" AS child
FROM `contents`
WHERE `status` = '1'
ORDER BY `name` ASC
ERROR - 2018-03-08 04:56:10 --> Severity: Error --> Call to a member function num_rows() on a non-object C:\xampp\htdocs\Gmedia\app\models\backend\management-content\Model_contents.php 174
ERROR - 2018-03-08 05:00:05 --> Severity: Notice --> Undefined index: parent C:\xampp\htdocs\Gmedia\app\models\backend\management-content\Model_contents.php 167
ERROR - 2018-03-08 05:00:05 --> Query error: You have an error in your SQL syntax; check the manual that corresponds to your MariaDB server version for the right syntax to use near 'AS child
FROM `contents`
WHERE `status` = '1'
ORDER BY `name` ASC' at line 1 - Invalid query: SELECT `id`, `name`, `parent`, `level`, `status`, (SELECT COUNT(1) FROM contents WHERE parent = id AND status !="-1" AS child
FROM `contents`
WHERE `status` = '1'
ORDER BY `name` ASC
ERROR - 2018-03-08 05:00:05 --> Severity: Error --> Call to a member function num_rows() on a non-object C:\xampp\htdocs\Gmedia\app\models\backend\management-content\Model_contents.php 174
ERROR - 2018-03-08 05:08:08 --> Severity: Notice --> Undefined index: parent C:\xampp\htdocs\Gmedia\app\models\backend\management-content\Model_contents.php 167
ERROR - 2018-03-08 05:08:08 --> Query error: You have an error in your SQL syntax; check the manual that corresponds to your MariaDB server version for the right syntax to use near 'AS child
FROM `contents`
WHERE `status` = '1'
ORDER BY `name` ASC' at line 1 - Invalid query: SELECT `id`, `name`, `parent`, `level`, `status`, (SELECT COUNT(1) FROM contents WHERE parent = id AND status !="-1" AS child
FROM `contents`
WHERE `status` = '1'
ORDER BY `name` ASC
ERROR - 2018-03-08 05:08:08 --> Severity: Error --> Call to a member function num_rows() on a non-object C:\xampp\htdocs\Gmedia\app\models\backend\management-content\Model_contents.php 174
ERROR - 2018-03-08 05:46:21 --> Severity: Error --> Call to undefined method Model_contents::loadMenuSelect() C:\xampp\htdocs\Gmedia\app\controllers\management-content\Content.php 140
ERROR - 2018-03-08 05:50:10 --> Severity: Error --> Call to undefined method Model_contents::loadMenuSelect() C:\xampp\htdocs\Gmedia\app\controllers\management-content\Content.php 91
ERROR - 2018-03-08 05:51:28 --> Query error: You have an error in your SQL syntax; check the manual that corresponds to your MariaDB server version for the right syntax to use near 'AS child
FROM `contents`
WHERE `status` = '1'
AND `parent` = '0'
ORDER BY `name`' at line 1 - Invalid query: SELECT `id`, `name`, `parent`, `level`, `status`, (SELECT COUNT(1) FROM contents WHERE parent = id AND status !="-1" AS child
FROM `contents`
WHERE `status` = '1'
AND `parent` = '0'
ORDER BY `name` ASC
ERROR - 2018-03-08 05:51:28 --> Severity: Error --> Call to a member function num_rows() on a non-object C:\xampp\htdocs\Gmedia\app\models\backend\management-content\Model_contents.php 174
ERROR - 2018-03-08 05:53:18 --> Query error: You have an error in your SQL syntax; check the manual that corresponds to your MariaDB server version for the right syntax to use near 'AS child
FROM `contents`
WHERE `status` = '1'
AND `parent` = '0'
ORDER BY `name`' at line 1 - Invalid query: SELECT `id`, `name`, `parent`, `level`, `status`, (SELECT COUNT(1) FROM contents WHERE parent = id AND status !="-1" AS child
FROM `contents`
WHERE `status` = '1'
AND `parent` = '0'
ORDER BY `name` ASC
ERROR - 2018-03-08 05:53:18 --> Severity: Error --> Call to a member function num_rows() on a non-object C:\xampp\htdocs\Gmedia\app\models\backend\management-content\Model_contents.php 144
ERROR - 2018-03-08 05:54:04 --> Query error: You have an error in your SQL syntax; check the manual that corresponds to your MariaDB server version for the right syntax to use near 'AS child
FROM `contents`
WHERE `status` = '1'
AND `parent` = '0'
ORDER BY `name`' at line 1 - Invalid query: SELECT `id`, `name`, `parent`, `level`, `status`, (SELECT name FROM contents WHERE parent = id AND status !="-1" AS child
FROM `contents`
WHERE `status` = '1'
AND `parent` = '0'
ORDER BY `name` ASC
ERROR - 2018-03-08 05:54:04 --> Severity: Error --> Call to a member function num_rows() on a non-object C:\xampp\htdocs\Gmedia\app\models\backend\management-content\Model_contents.php 144
ERROR - 2018-03-08 06:13:34 --> Query error: You have an error in your SQL syntax; check the manual that corresponds to your MariaDB server version for the right syntax to use near 'AS child
FROM `contents` `c`
WHERE `c`.`status` = '1'
AND `c`.`parent` = '0'
ORD' at line 1 - Invalid query: SELECT `c`.`id`, `c`.`parent`, `c`.`level`, `c`.`code`, `c`.`name`, `c`.`seen`, `c`.`publish_time`, `c`.`icon`, `c`.`status`, (SELECT COUNT(1) FROM contents WHERE parent = c.id AND status !="-1" AS child
FROM `contents` `c`
WHERE `c`.`status` = '1'
AND `c`.`parent` = '0'
ORDER BY `c`.`name` ASC
ERROR - 2018-03-08 06:13:34 --> Severity: Error --> Call to a member function num_rows() on a non-object C:\xampp\htdocs\Gmedia\app\models\backend\management-content\Model_contents.php 144
ERROR - 2018-03-08 07:09:44 --> Query error: You have an error in your SQL syntax; check the manual that corresponds to your MariaDB server version for the right syntax to use near 'AS child
FROM `contents` `c`
WHERE `c`.`status` = '1'
ORDER BY `c`.`name` ASC' at line 1 - Invalid query: SELECT `c`.`id`, `c`.`parent`, `c`.`level`, `c`.`code`, `c`.`name`, `c`.`seen`, `c`.`publish_time`, `c`.`icon`, `c`.`status`, (SELECT COUNT(1) FROM contents WHERE parent = c.id AND status !="-1" AS child
FROM `contents` `c`
WHERE `c`.`status` = '1'
ORDER BY `c`.`name` ASC
ERROR - 2018-03-08 07:09:44 --> Severity: Error --> Call to a member function num_rows() on a non-object C:\xampp\htdocs\Gmedia\app\models\backend\management-content\Model_contents.php 141
ERROR - 2018-03-08 07:13:42 --> Query error: You have an error in your SQL syntax; check the manual that corresponds to your MariaDB server version for the right syntax to use near 'AS child
FROM `contents` `c`
WHERE `c`.`status` != '1'
ORDER BY `c`.`name` ASC' at line 1 - Invalid query: SELECT `c`.`id`, `c`.`parent`, `c`.`level`, `c`.`code`, `c`.`name`, `c`.`seen`, `c`.`publish_time`, `c`.`icon`, `c`.`status`, (SELECT COUNT(1) FROM contents WHERE parent = c.id AND status !="-1" AS child
FROM `contents` `c`
WHERE `c`.`status` != '1'
ORDER BY `c`.`name` ASC
ERROR - 2018-03-08 07:13:42 --> Severity: Error --> Call to a member function num_rows() on a non-object C:\xampp\htdocs\Gmedia\app\models\backend\management-content\Model_contents.php 141
ERROR - 2018-03-08 07:33:56 --> Query error: You have an error in your SQL syntax; check the manual that corresponds to your MariaDB server version for the right syntax to use near 'AS child
FROM `contents` `c`
WHERE `c`.`status` != '1'
ORDER BY `c`.`name` ASC' at line 1 - Invalid query: SELECT `c`.`id`, `c`.`parent`, `c`.`level`, `c`.`code`, `c`.`name`, `c`.`seen`, `c`.`publish_time`, `c`.`icon`, `c`.`status`, (SELECT COUNT(1) FROM contents WHERE parent = c.id AND status !="-1" AS child
FROM `contents` `c`
WHERE `c`.`status` != '1'
ORDER BY `c`.`name` ASC
ERROR - 2018-03-08 07:33:56 --> Severity: Error --> Call to a member function num_rows() on a non-object C:\xampp\htdocs\Gmedia\app\models\backend\management-content\Model_contents.php 141
ERROR - 2018-03-08 07:38:27 --> Severity: Notice --> Undefined variable: params C:\xampp\htdocs\Gmedia\app\controllers\management-content\Content.php 107
ERROR - 2018-03-08 07:38:27 --> Severity: Notice --> Undefined variable: contents C:\xampp\htdocs\Gmedia\app\views\backend\metronic\management-content\view_contents.php 145
ERROR - 2018-03-08 07:38:27 --> Severity: Warning --> Invalid argument supplied for foreach() C:\xampp\htdocs\Gmedia\app\views\backend\metronic\management-content\view_contents.php 145
ERROR - 2018-03-08 07:39:23 --> Severity: Notice --> Undefined variable: params C:\xampp\htdocs\Gmedia\app\controllers\management-content\Content.php 107
ERROR - 2018-03-08 07:39:23 --> Severity: Notice --> Undefined variable: contents C:\xampp\htdocs\Gmedia\app\views\backend\metronic\management-content\view_contents.php 145
ERROR - 2018-03-08 07:39:24 --> Severity: Warning --> Invalid argument supplied for foreach() C:\xampp\htdocs\Gmedia\app\views\backend\metronic\management-content\view_contents.php 145
ERROR - 2018-03-08 07:40:14 --> Severity: Notice --> Undefined variable: params C:\xampp\htdocs\Gmedia\app\controllers\management-content\Content.php 107
ERROR - 2018-03-08 07:40:14 --> Severity: Notice --> Undefined variable: contents C:\xampp\htdocs\Gmedia\app\views\backend\metronic\management-content\view_contents.php 145
ERROR - 2018-03-08 07:40:14 --> Severity: Warning --> Invalid argument supplied for foreach() C:\xampp\htdocs\Gmedia\app\views\backend\metronic\management-content\view_contents.php 145
ERROR - 2018-03-08 07:48:41 --> Severity: Notice --> Undefined variable: params C:\xampp\htdocs\Gmedia\app\controllers\management-content\Content.php 107
ERROR - 2018-03-08 07:48:41 --> Severity: Notice --> Undefined index: rows C:\xampp\htdocs\Gmedia\app\views\backend\metronic\management-content\view_contents.php 62
ERROR - 2018-03-08 07:48:41 --> Severity: Warning --> Invalid argument supplied for foreach() C:\xampp\htdocs\Gmedia\app\views\backend\metronic\management-content\view_contents.php 62
ERROR - 2018-03-08 07:48:41 --> Severity: Notice --> Undefined variable: contents C:\xampp\htdocs\Gmedia\app\views\backend\metronic\management-content\view_contents.php 142
ERROR - 2018-03-08 07:48:41 --> Severity: Warning --> Invalid argument supplied for foreach() C:\xampp\htdocs\Gmedia\app\views\backend\metronic\management-content\view_contents.php 142
ERROR - 2018-03-08 07:52:44 --> Severity: Notice --> Undefined variable: params C:\xampp\htdocs\Gmedia\app\controllers\management-content\Content.php 107
ERROR - 2018-03-08 07:52:45 --> Severity: Notice --> Undefined index: rows C:\xampp\htdocs\Gmedia\app\views\backend\metronic\management-content\view_contents.php 62
ERROR - 2018-03-08 07:52:45 --> Severity: Warning --> Invalid argument supplied for foreach() C:\xampp\htdocs\Gmedia\app\views\backend\metronic\management-content\view_contents.php 62
ERROR - 2018-03-08 07:52:45 --> Severity: Notice --> Undefined variable: contents C:\xampp\htdocs\Gmedia\app\views\backend\metronic\management-content\view_contents.php 142
ERROR - 2018-03-08 07:52:45 --> Severity: Warning --> Invalid argument supplied for foreach() C:\xampp\htdocs\Gmedia\app\views\backend\metronic\management-content\view_contents.php 142
ERROR - 2018-03-08 07:52:50 --> Severity: Notice --> Undefined index: name_parent C:\xampp\htdocs\Gmedia\app\controllers\management-content\Content.php 46
ERROR - 2018-03-08 07:52:51 --> Severity: Notice --> Undefined index: name_parent C:\xampp\htdocs\Gmedia\app\controllers\management-content\Content.php 46
ERROR - 2018-03-08 07:53:03 --> Severity: Notice --> Undefined variable: params C:\xampp\htdocs\Gmedia\app\controllers\management-content\Content.php 107
ERROR - 2018-03-08 07:53:03 --> Severity: Notice --> Undefined index: rows C:\xampp\htdocs\Gmedia\app\views\backend\metronic\management-content\view_contents.php 62
ERROR - 2018-03-08 07:53:03 --> Severity: Warning --> Invalid argument supplied for foreach() C:\xampp\htdocs\Gmedia\app\views\backend\metronic\management-content\view_contents.php 62
ERROR - 2018-03-08 07:53:03 --> Severity: Notice --> Undefined variable: contents C:\xampp\htdocs\Gmedia\app\views\backend\metronic\management-content\view_contents.php 142
ERROR - 2018-03-08 07:53:03 --> Severity: Warning --> Invalid argument supplied for foreach() C:\xampp\htdocs\Gmedia\app\views\backend\metronic\management-content\view_contents.php 142
ERROR - 2018-03-08 07:53:09 --> Severity: Notice --> Undefined index: child C:\xampp\htdocs\Gmedia\app\controllers\management-content\Content.php 46
ERROR - 2018-03-08 07:53:09 --> Severity: Notice --> Undefined index: child C:\xampp\htdocs\Gmedia\app\controllers\management-content\Content.php 46
ERROR - 2018-03-08 07:53:20 --> Severity: Notice --> Undefined variable: params C:\xampp\htdocs\Gmedia\app\controllers\management-content\Content.php 107
ERROR - 2018-03-08 07:53:20 --> Severity: Notice --> Undefined index: rows C:\xampp\htdocs\Gmedia\app\views\backend\metronic\management-content\view_contents.php 62
ERROR - 2018-03-08 07:53:20 --> Severity: Warning --> Invalid argument supplied for foreach() C:\xampp\htdocs\Gmedia\app\views\backend\metronic\management-content\view_contents.php 62
ERROR - 2018-03-08 07:53:20 --> Severity: Notice --> Undefined variable: contents C:\xampp\htdocs\Gmedia\app\views\backend\metronic\management-content\view_contents.php 142
ERROR - 2018-03-08 07:53:20 --> Severity: Warning --> Invalid argument supplied for foreach() C:\xampp\htdocs\Gmedia\app\views\backend\metronic\management-content\view_contents.php 142
ERROR - 2018-03-08 07:53:56 --> Severity: Notice --> Undefined variable: params C:\xampp\htdocs\Gmedia\app\controllers\management-content\Content.php 107
ERROR - 2018-03-08 07:53:56 --> Severity: Notice --> Undefined index: rows C:\xampp\htdocs\Gmedia\app\views\backend\metronic\management-content\view_contents.php 62
ERROR - 2018-03-08 07:53:56 --> Severity: Warning --> Invalid argument supplied for foreach() C:\xampp\htdocs\Gmedia\app\views\backend\metronic\management-content\view_contents.php 62
ERROR - 2018-03-08 07:53:56 --> Severity: Notice --> Undefined variable: contents C:\xampp\htdocs\Gmedia\app\views\backend\metronic\management-content\view_contents.php 142
ERROR - 2018-03-08 07:53:56 --> Severity: Warning --> Invalid argument supplied for foreach() C:\xampp\htdocs\Gmedia\app\views\backend\metronic\management-content\view_contents.php 142
ERROR - 2018-03-08 07:54:40 --> Severity: Notice --> Undefined index: rows C:\xampp\htdocs\Gmedia\app\controllers\management-content\Content.php 107
ERROR - 2018-03-08 07:54:40 --> Severity: Notice --> Undefined index: rows C:\xampp\htdocs\Gmedia\app\views\backend\metronic\management-content\view_contents.php 62
ERROR - 2018-03-08 07:54:40 --> Severity: Warning --> Invalid argument supplied for foreach() C:\xampp\htdocs\Gmedia\app\views\backend\metronic\management-content\view_contents.php 62
ERROR - 2018-03-08 07:54:40 --> Severity: Notice --> Undefined variable: contents C:\xampp\htdocs\Gmedia\app\views\backend\metronic\management-content\view_contents.php 142
ERROR - 2018-03-08 07:54:40 --> Severity: Warning --> Invalid argument supplied for foreach() C:\xampp\htdocs\Gmedia\app\views\backend\metronic\management-content\view_contents.php 142
ERROR - 2018-03-08 08:00:04 --> Severity: Notice --> Undefined index: child C:\xampp\htdocs\Gmedia\app\models\backend\management-content\Model_contents.php 163
ERROR - 2018-03-08 08:00:04 --> Severity: Notice --> Undefined index: child C:\xampp\htdocs\Gmedia\app\models\backend\management-content\Model_contents.php 163
ERROR - 2018-03-08 08:00:04 --> Severity: Notice --> Undefined variable: rowChild C:\xampp\htdocs\Gmedia\app\controllers\management-content\Content.php 120
ERROR - 2018-03-08 08:00:04 --> Severity: Notice --> Undefined variable: rowChild C:\xampp\htdocs\Gmedia\app\controllers\management-content\Content.php 121
ERROR - 2018-03-08 08:00:04 --> Severity: Notice --> Undefined index:  C:\xampp\htdocs\Gmedia\app\controllers\management-content\Content.php 121
ERROR - 2018-03-08 08:00:04 --> Severity: Notice --> Undefined variable: rowChild C:\xampp\htdocs\Gmedia\app\controllers\management-content\Content.php 121
ERROR - 2018-03-08 08:00:04 --> Severity: Notice --> Undefined variable: rowChild C:\xampp\htdocs\Gmedia\app\controllers\management-content\Content.php 122
ERROR - 2018-03-08 08:00:04 --> Severity: Notice --> Undefined variable: rowChild C:\xampp\htdocs\Gmedia\app\controllers\management-content\Content.php 125
ERROR - 2018-03-08 08:00:04 --> Severity: Notice --> Undefined offset: 0 C:\xampp\htdocs\Gmedia\app\controllers\management-content\Content.php 117
ERROR - 2018-03-08 08:00:04 --> Severity: Notice --> Undefined variable: rowChild C:\xampp\htdocs\Gmedia\app\controllers\management-content\Content.php 120
ERROR - 2018-03-08 08:00:04 --> Severity: Notice --> Undefined variable: rowChild C:\xampp\htdocs\Gmedia\app\controllers\management-content\Content.php 121
ERROR - 2018-03-08 08:00:04 --> Severity: Notice --> Undefined index:  C:\xampp\htdocs\Gmedia\app\controllers\management-content\Content.php 121
ERROR - 2018-03-08 08:00:04 --> Severity: Notice --> Undefined variable: rowChild C:\xampp\htdocs\Gmedia\app\controllers\management-content\Content.php 121
ERROR - 2018-03-08 08:00:04 --> Severity: Notice --> Undefined variable: rowChild C:\xampp\htdocs\Gmedia\app\controllers\management-content\Content.php 122
ERROR - 2018-03-08 08:00:04 --> Severity: Notice --> Undefined variable: rowChild C:\xampp\htdocs\Gmedia\app\controllers\management-content\Content.php 125
ERROR - 2018-03-08 08:00:05 --> Severity: Notice --> Undefined offset: 2 C:\xampp\htdocs\Gmedia\app\controllers\management-content\Content.php 117
ERROR - 2018-03-08 08:00:05 --> Severity: Notice --> Undefined index: rows C:\xampp\htdocs\Gmedia\app\views\backend\metronic\management-content\view_contents.php 64
ERROR - 2018-03-08 08:00:05 --> Severity: Notice --> Undefined variable: i C:\xampp\htdocs\Gmedia\app\views\backend\metronic\management-content\view_contents.php 64
ERROR - 2018-03-08 08:00:05 --> Severity: Notice --> Undefined index: rows C:\xampp\htdocs\Gmedia\app\views\backend\metronic\management-content\view_contents.php 64
ERROR - 2018-03-08 08:00:05 --> Severity: Notice --> Undefined variable: i C:\xampp\htdocs\Gmedia\app\views\backend\metronic\management-content\view_contents.php 64
ERROR - 2018-03-08 08:00:05 --> Severity: Notice --> Undefined index: rows C:\xampp\htdocs\Gmedia\app\views\backend\metronic\management-content\view_contents.php 64
ERROR - 2018-03-08 08:00:05 --> Severity: Notice --> Undefined variable: i C:\xampp\htdocs\Gmedia\app\views\backend\metronic\management-content\view_contents.php 64
ERROR - 2018-03-08 08:00:05 --> Severity: Notice --> Undefined index: rows C:\xampp\htdocs\Gmedia\app\views\backend\metronic\management-content\view_contents.php 64
ERROR - 2018-03-08 08:00:05 --> Severity: Notice --> Undefined variable: i C:\xampp\htdocs\Gmedia\app\views\backend\metronic\management-content\view_contents.php 64
ERROR - 2018-03-08 08:00:05 --> Severity: Notice --> Undefined index: rows C:\xampp\htdocs\Gmedia\app\views\backend\metronic\management-content\view_contents.php 64
ERROR - 2018-03-08 08:00:05 --> Severity: Notice --> Undefined variable: i C:\xampp\htdocs\Gmedia\app\views\backend\metronic\management-content\view_contents.php 64
ERROR - 2018-03-08 08:00:05 --> Severity: Notice --> Undefined index: rows C:\xampp\htdocs\Gmedia\app\views\backend\metronic\management-content\view_contents.php 64
ERROR - 2018-03-08 08:00:05 --> Severity: Notice --> Undefined variable: i C:\xampp\htdocs\Gmedia\app\views\backend\metronic\management-content\view_contents.php 64
ERROR - 2018-03-08 08:00:05 --> Severity: Notice --> Undefined index: rows C:\xampp\htdocs\Gmedia\app\views\backend\metronic\management-content\view_contents.php 64
ERROR - 2018-03-08 08:00:05 --> Severity: Notice --> Undefined variable: i C:\xampp\htdocs\Gmedia\app\views\backend\metronic\management-content\view_contents.php 64
ERROR - 2018-03-08 08:00:05 --> Severity: Notice --> Undefined index: rows C:\xampp\htdocs\Gmedia\app\views\backend\metronic\management-content\view_contents.php 64
ERROR - 2018-03-08 08:00:05 --> Severity: Notice --> Undefined variable: i C:\xampp\htdocs\Gmedia\app\views\backend\metronic\management-content\view_contents.php 64
ERROR - 2018-03-08 08:00:05 --> Severity: Notice --> Undefined index: rows C:\xampp\htdocs\Gmedia\app\views\backend\metronic\management-content\view_contents.php 64
ERROR - 2018-03-08 08:00:05 --> Severity: Notice --> Undefined variable: i C:\xampp\htdocs\Gmedia\app\views\backend\metronic\management-content\view_contents.php 64
ERROR - 2018-03-08 08:00:05 --> Severity: Notice --> Undefined index: rows C:\xampp\htdocs\Gmedia\app\views\backend\metronic\management-content\view_contents.php 64
ERROR - 2018-03-08 08:00:05 --> Severity: Notice --> Undefined variable: i C:\xampp\htdocs\Gmedia\app\views\backend\metronic\management-content\view_contents.php 64
ERROR - 2018-03-08 08:00:05 --> Severity: Notice --> Undefined variable: contents C:\xampp\htdocs\Gmedia\app\views\backend\metronic\management-content\view_contents.php 142
ERROR - 2018-03-08 08:00:05 --> Severity: Warning --> Invalid argument supplied for foreach() C:\xampp\htdocs\Gmedia\app\views\backend\metronic\management-content\view_contents.php 142
ERROR - 2018-03-08 08:07:02 --> Severity: Notice --> Undefined index: child C:\xampp\htdocs\Gmedia\app\models\backend\management-content\Model_contents.php 163
ERROR - 2018-03-08 08:07:02 --> Severity: Notice --> Undefined index: child C:\xampp\htdocs\Gmedia\app\models\backend\management-content\Model_contents.php 163
ERROR - 2018-03-08 08:07:02 --> Severity: Notice --> Undefined variable: rowChild C:\xampp\htdocs\Gmedia\app\controllers\management-content\Content.php 120
ERROR - 2018-03-08 08:07:02 --> Severity: Notice --> Undefined variable: rowChild C:\xampp\htdocs\Gmedia\app\controllers\management-content\Content.php 121
ERROR - 2018-03-08 08:07:02 --> Severity: Notice --> Undefined index:  C:\xampp\htdocs\Gmedia\app\controllers\management-content\Content.php 121
ERROR - 2018-03-08 08:07:02 --> Severity: Notice --> Undefined variable: rowChild C:\xampp\htdocs\Gmedia\app\controllers\management-content\Content.php 121
ERROR - 2018-03-08 08:07:02 --> Severity: Notice --> Undefined variable: rowChild C:\xampp\htdocs\Gmedia\app\controllers\management-content\Content.php 122
ERROR - 2018-03-08 08:07:02 --> Severity: Notice --> Undefined variable: rowChild C:\xampp\htdocs\Gmedia\app\controllers\management-content\Content.php 125
ERROR - 2018-03-08 08:07:02 --> Severity: Notice --> Undefined offset: 0 C:\xampp\htdocs\Gmedia\app\controllers\management-content\Content.php 117
ERROR - 2018-03-08 08:07:03 --> Severity: Notice --> Undefined variable: rowChild C:\xampp\htdocs\Gmedia\app\controllers\management-content\Content.php 120
ERROR - 2018-03-08 08:07:03 --> Severity: Notice --> Undefined variable: rowChild C:\xampp\htdocs\Gmedia\app\controllers\management-content\Content.php 121
ERROR - 2018-03-08 08:07:03 --> Severity: Notice --> Undefined index:  C:\xampp\htdocs\Gmedia\app\controllers\management-content\Content.php 121
ERROR - 2018-03-08 08:07:03 --> Severity: Notice --> Undefined variable: rowChild C:\xampp\htdocs\Gmedia\app\controllers\management-content\Content.php 121
ERROR - 2018-03-08 08:07:03 --> Severity: Notice --> Undefined variable: rowChild C:\xampp\htdocs\Gmedia\app\controllers\management-content\Content.php 122
ERROR - 2018-03-08 08:07:03 --> Severity: Notice --> Undefined variable: rowChild C:\xampp\htdocs\Gmedia\app\controllers\management-content\Content.php 125
ERROR - 2018-03-08 08:07:03 --> Severity: Notice --> Undefined offset: 2 C:\xampp\htdocs\Gmedia\app\controllers\management-content\Content.php 117
ERROR - 2018-03-08 08:07:03 --> Severity: Notice --> Undefined index: rows C:\xampp\htdocs\Gmedia\app\views\backend\metronic\management-content\view_contents.php 64
ERROR - 2018-03-08 08:07:03 --> Severity: Notice --> Undefined variable: i C:\xampp\htdocs\Gmedia\app\views\backend\metronic\management-content\view_contents.php 64
ERROR - 2018-03-08 08:07:03 --> Severity: Notice --> Undefined index: rows C:\xampp\htdocs\Gmedia\app\views\backend\metronic\management-content\view_contents.php 64
ERROR - 2018-03-08 08:07:03 --> Severity: Notice --> Undefined variable: i C:\xampp\htdocs\Gmedia\app\views\backend\metronic\management-content\view_contents.php 64
ERROR - 2018-03-08 08:07:03 --> Severity: Notice --> Undefined index: rows C:\xampp\htdocs\Gmedia\app\views\backend\metronic\management-content\view_contents.php 64
ERROR - 2018-03-08 08:07:03 --> Severity: Notice --> Undefined variable: i C:\xampp\htdocs\Gmedia\app\views\backend\metronic\management-content\view_contents.php 64
ERROR - 2018-03-08 08:07:03 --> Severity: Notice --> Undefined index: rows C:\xampp\htdocs\Gmedia\app\views\backend\metronic\management-content\view_contents.php 64
ERROR - 2018-03-08 08:07:04 --> Severity: Notice --> Undefined variable: i C:\xampp\htdocs\Gmedia\app\views\backend\metronic\management-content\view_contents.php 64
ERROR - 2018-03-08 08:07:04 --> Severity: Notice --> Undefined index: rows C:\xampp\htdocs\Gmedia\app\views\backend\metronic\management-content\view_contents.php 64
ERROR - 2018-03-08 08:07:04 --> Severity: Notice --> Undefined variable: i C:\xampp\htdocs\Gmedia\app\views\backend\metronic\management-content\view_contents.php 64
ERROR - 2018-03-08 08:07:04 --> Severity: Notice --> Undefined index: rows C:\xampp\htdocs\Gmedia\app\views\backend\metronic\management-content\view_contents.php 64
ERROR - 2018-03-08 08:07:04 --> Severity: Notice --> Undefined variable: i C:\xampp\htdocs\Gmedia\app\views\backend\metronic\management-content\view_contents.php 64
ERROR - 2018-03-08 08:07:04 --> Severity: Notice --> Undefined index: rows C:\xampp\htdocs\Gmedia\app\views\backend\metronic\management-content\view_contents.php 64
ERROR - 2018-03-08 08:07:04 --> Severity: Notice --> Undefined variable: i C:\xampp\htdocs\Gmedia\app\views\backend\metronic\management-content\view_contents.php 64
ERROR - 2018-03-08 08:07:04 --> Severity: Notice --> Undefined index: rows C:\xampp\htdocs\Gmedia\app\views\backend\metronic\management-content\view_contents.php 64
ERROR - 2018-03-08 08:07:04 --> Severity: Notice --> Undefined variable: i C:\xampp\htdocs\Gmedia\app\views\backend\metronic\management-content\view_contents.php 64
ERROR - 2018-03-08 08:07:04 --> Severity: Notice --> Undefined index: rows C:\xampp\htdocs\Gmedia\app\views\backend\metronic\management-content\view_contents.php 64
ERROR - 2018-03-08 08:07:04 --> Severity: Notice --> Undefined variable: i C:\xampp\htdocs\Gmedia\app\views\backend\metronic\management-content\view_contents.php 64
ERROR - 2018-03-08 08:07:04 --> Severity: Notice --> Undefined index: rows C:\xampp\htdocs\Gmedia\app\views\backend\metronic\management-content\view_contents.php 64
ERROR - 2018-03-08 08:07:04 --> Severity: Notice --> Undefined variable: i C:\xampp\htdocs\Gmedia\app\views\backend\metronic\management-content\view_contents.php 64
ERROR - 2018-03-08 08:07:04 --> Severity: Notice --> Undefined variable: contents C:\xampp\htdocs\Gmedia\app\views\backend\metronic\management-content\view_contents.php 142
ERROR - 2018-03-08 08:07:04 --> Severity: Warning --> Invalid argument supplied for foreach() C:\xampp\htdocs\Gmedia\app\views\backend\metronic\management-content\view_contents.php 142
ERROR - 2018-03-08 09:51:21 --> Severity: Notice --> Undefined variable: user_type C:\xampp\htdocs\Gmedia\app\views\backend\metronic\management-content\view_content_languages.php 50
ERROR - 2018-03-08 09:51:21 --> Severity: Notice --> Undefined variable: user_type C:\xampp\htdocs\Gmedia\app\views\backend\metronic\management-content\view_content_languages.php 117
ERROR - 2018-03-08 09:51:52 --> Severity: Notice --> Undefined variable: user_type C:\xampp\htdocs\Gmedia\app\views\backend\metronic\management-content\view_content_languages.php 50
ERROR - 2018-03-08 09:51:52 --> Severity: Notice --> Undefined variable: user_type C:\xampp\htdocs\Gmedia\app\views\backend\metronic\management-content\view_content_languages.php 117
ERROR - 2018-03-08 09:58:11 --> Severity: Parsing Error --> syntax error, unexpected '$this' (T_VARIABLE) C:\xampp\htdocs\Gmedia\app\controllers\management-content\Contents_languages.php 22
ERROR - 2018-03-08 09:58:29 --> Severity: Notice --> Undefined variable: user_type C:\xampp\htdocs\Gmedia\app\views\backend\metronic\management-content\view_content_languages.php 50
ERROR - 2018-03-08 09:58:29 --> Severity: Notice --> Undefined variable: user_type C:\xampp\htdocs\Gmedia\app\views\backend\metronic\management-content\view_content_languages.php 117
ERROR - 2018-03-08 10:00:46 --> Severity: Notice --> Undefined variable: user_type C:\xampp\htdocs\Gmedia\app\views\backend\metronic\management-content\view_content_languages.php 50
ERROR - 2018-03-08 10:00:47 --> Severity: Notice --> Undefined variable: user_type C:\xampp\htdocs\Gmedia\app\views\backend\metronic\management-content\view_content_languages.php 121
ERROR - 2018-03-08 10:01:51 --> Severity: Notice --> Undefined variable: user_type C:\xampp\htdocs\Gmedia\app\views\backend\metronic\management-content\view_content_languages.php 50
ERROR - 2018-03-08 10:01:51 --> Severity: Notice --> Undefined variable: user_type C:\xampp\htdocs\Gmedia\app\views\backend\metronic\management-content\view_content_languages.php 119
ERROR - 2018-03-08 10:02:20 --> Severity: Notice --> Undefined index: child C:\xampp\htdocs\Gmedia\app\models\backend\management-content\Model_contents.php 163
ERROR - 2018-03-08 10:02:20 --> Severity: Notice --> Undefined index: child C:\xampp\htdocs\Gmedia\app\models\backend\management-content\Model_contents.php 163
ERROR - 2018-03-08 10:02:20 --> Severity: Notice --> Undefined variable: user_type C:\xampp\htdocs\Gmedia\app\views\backend\metronic\management-content\view_content_languages.php 50
ERROR - 2018-03-08 10:02:20 --> Severity: Notice --> Undefined variable: user_type C:\xampp\htdocs\Gmedia\app\views\backend\metronic\management-content\view_content_languages.php 119
ERROR - 2018-03-08 10:03:03 --> Severity: Notice --> Undefined index: child C:\xampp\htdocs\Gmedia\app\models\backend\management-content\Model_contents.php 163
ERROR - 2018-03-08 10:03:03 --> Severity: Notice --> Undefined index: child C:\xampp\htdocs\Gmedia\app\models\backend\management-content\Model_contents.php 163
ERROR - 2018-03-08 10:03:03 --> Severity: Notice --> Undefined index: id C:\xampp\htdocs\Gmedia\app\views\backend\metronic\management-content\view_content_languages.php 53
ERROR - 2018-03-08 10:03:03 --> Severity: Notice --> Undefined index: name C:\xampp\htdocs\Gmedia\app\views\backend\metronic\management-content\view_content_languages.php 53
ERROR - 2018-03-08 10:03:03 --> Severity: Notice --> Undefined index: id C:\xampp\htdocs\Gmedia\app\views\backend\metronic\management-content\view_content_languages.php 53
ERROR - 2018-03-08 10:03:03 --> Severity: Notice --> Undefined index: name C:\xampp\htdocs\Gmedia\app\views\backend\metronic\management-content\view_content_languages.php 53
ERROR - 2018-03-08 10:03:03 --> Severity: Notice --> Undefined index: id C:\xampp\htdocs\Gmedia\app\views\backend\metronic\management-content\view_content_languages.php 53
ERROR - 2018-03-08 10:03:03 --> Severity: Notice --> Undefined index: name C:\xampp\htdocs\Gmedia\app\views\backend\metronic\management-content\view_content_languages.php 53
ERROR - 2018-03-08 10:03:03 --> Severity: Notice --> Undefined variable: user_type C:\xampp\htdocs\Gmedia\app\views\backend\metronic\management-content\view_content_languages.php 119
ERROR - 2018-03-08 10:04:34 --> Severity: Notice --> Undefined index: child C:\xampp\htdocs\Gmedia\app\models\backend\management-content\Model_contents.php 163
ERROR - 2018-03-08 10:04:34 --> Severity: Notice --> Undefined index: child C:\xampp\htdocs\Gmedia\app\models\backend\management-content\Model_contents.php 163
ERROR - 2018-03-08 10:04:34 --> Severity: Notice --> Undefined variable: a C:\xampp\htdocs\Gmedia\app\views\backend\metronic\management-content\view_content_languages.php 50
ERROR - 2018-03-08 10:04:34 --> Severity: Notice --> Undefined variable: user_type C:\xampp\htdocs\Gmedia\app\views\backend\metronic\management-content\view_content_languages.php 119
ERROR - 2018-03-08 10:04:44 --> Severity: Notice --> Undefined index: child C:\xampp\htdocs\Gmedia\app\models\backend\management-content\Model_contents.php 163
ERROR - 2018-03-08 10:04:44 --> Severity: Notice --> Undefined index: child C:\xampp\htdocs\Gmedia\app\models\backend\management-content\Model_contents.php 163
ERROR - 2018-03-08 10:04:44 --> Severity: Notice --> Undefined variable: a C:\xampp\htdocs\Gmedia\app\views\backend\metronic\management-content\view_content_languages.php 50
ERROR - 2018-03-08 10:04:45 --> Severity: Notice --> Undefined variable: user_type C:\xampp\htdocs\Gmedia\app\views\backend\metronic\management-content\view_content_languages.php 119
ERROR - 2018-03-08 10:05:15 --> Severity: Notice --> Undefined variable: a C:\xampp\htdocs\Gmedia\app\views\backend\metronic\management-content\view_content_languages.php 50
ERROR - 2018-03-08 10:05:15 --> Severity: Notice --> Undefined variable: user_type C:\xampp\htdocs\Gmedia\app\views\backend\metronic\management-content\view_content_languages.php 119
