ERROR - 2018-03-05 02:49:25 --> 404 Page Not Found: Faviconico/index
ERROR - 2018-03-05 02:58:21 --> Query error: Unknown column 'ip' in 'field list' - Invalid query: INSERT INTO `cms_action_history` (`id`, `id_user`, `url`, `actions`, `data`, `result`, `ip`, `entry_by`, `entry_time`) VALUES ('201803050258218058', '3', 'master-management/countries', 'Delete', '{\\\"id\\\":\\\"3\\\"}', '{\\\"success\\\":true,\\\"title\\\":\\\"Deleting Data\\\",\\\"message\\\":\\\"Data has been deleted.\\\"}', '::1', '3', '2018-03-05 02:58:21')
ERROR - 2018-03-05 02:59:59 --> Query error: Unknown column 'ip' in 'field list' - Invalid query: INSERT INTO `cms_action_history` (`id`, `id_user`, `url`, `actions`, `data`, `result`, `ip`, `entry_by`, `entry_time`) VALUES ('201803050259589756', '3', 'master-management/countries', 'Save', '{\\\"id\\\":\\\"\\\",\\\"code\\\":\\\"CE\\\",\\\"name\\\":\\\"alleric\\\",\\\"description\\\":\\\"lol\\\",\\\"utc_timezone\\\":\\\"-5\\\",\\\"prefix\\\":\\\"89\\\",\\\"status\\\":\\\"1\\\"}', '{\\\"id\\\":5,\\\"success\\\":true,\\\"title\\\":\\\"Saving Data\\\",\\\"message\\\":\\\"Data has been saved.\\\"}', '::1', '3', '2018-03-05 02:59:58')
ERROR - 2018-03-05 03:01:29 --> 404 Page Not Found: master-management/Dictionaries/saveDictionaries
ERROR - 2018-03-05 03:02:42 --> 404 Page Not Found: Lolol/index
ERROR - 2018-03-05 03:02:50 --> Query error: Unknown column 'ip' in 'field list' - Invalid query: INSERT INTO `cms_action_history` (`id`, `id_user`, `url`, `actions`, `data`, `result`, `ip`, `entry_by`, `entry_time`) VALUES ('201803050302503348', '3', 'master-management/galleries', 'Delete', '{\\\"id\\\":\\\"3\\\"}', '{\\\"success\\\":true,\\\"title\\\":\\\"Deleting Data\\\",\\\"message\\\":\\\"Data has been deleted.\\\"}', '::1', '3', '2018-03-05 03:02:50')
ERROR - 2018-03-05 03:07:06 --> 404 Page Not Found: master-management/Dictionaries/getDictionariesData
ERROR - 2018-03-05 03:16:32 --> Severity: Error --> Call to undefined method Model_dictionaries::getDictionariesData() C:\xampp\htdocs\Gmedia\app\controllers\master-management\Dictionaries.php 81
ERROR - 2018-03-05 03:16:57 --> Severity: Error --> Call to undefined method Model_dictionaries::getDictionariesData() C:\xampp\htdocs\Gmedia\app\controllers\master-management\Dictionaries.php 81
ERROR - 2018-03-05 03:20:15 --> Severity: Error --> Call to undefined method Model_dictionaries::getDictionariesData() C:\xampp\htdocs\Gmedia\app\controllers\master-management\Dictionaries.php 81
ERROR - 2018-03-05 03:34:36 --> Severity: Parsing Error --> syntax error, unexpected '$query' (T_VARIABLE) C:\xampp\htdocs\Gmedia\app\models\backend\master-management\Model_dictionaries.php 133
ERROR - 2018-03-05 03:34:48 --> Severity: Parsing Error --> syntax error, unexpected '->' (T_OBJECT_OPERATOR) C:\xampp\htdocs\Gmedia\app\models\backend\master-management\Model_dictionaries.php 135
ERROR - 2018-03-05 03:35:26 --> Severity: Notice --> Undefined index: update_by C:\xampp\htdocs\Gmedia\app\controllers\master-management\Dictionaries.php 82
ERROR - 2018-03-05 03:35:26 --> Severity: Notice --> Undefined index: update_time C:\xampp\htdocs\Gmedia\app\controllers\master-management\Dictionaries.php 83
ERROR - 2018-03-05 03:37:07 --> Severity: Notice --> Undefined index: update_by C:\xampp\htdocs\Gmedia\app\controllers\master-management\Dictionaries.php 82
ERROR - 2018-03-05 03:37:07 --> Severity: Notice --> Undefined index: update_time C:\xampp\htdocs\Gmedia\app\controllers\master-management\Dictionaries.php 83
ERROR - 2018-03-05 03:38:22 --> Severity: Notice --> Undefined index: update_by C:\xampp\htdocs\Gmedia\app\controllers\master-management\Dictionaries.php 82
ERROR - 2018-03-05 03:38:22 --> Severity: Notice --> Undefined index: update_time C:\xampp\htdocs\Gmedia\app\controllers\master-management\Dictionaries.php 83
ERROR - 2018-03-05 03:41:31 --> Query error: Unknown column 'ip' in 'field list' - Invalid query: INSERT INTO `cms_action_history` (`id`, `id_user`, `url`, `actions`, `data`, `result`, `ip`, `entry_by`, `entry_time`) VALUES ('20180305034130985', '3', 'master-management/countries', 'Delete', '{\\\"id\\\":\\\"5\\\"}', '{\\\"success\\\":true,\\\"title\\\":\\\"Deleting Data\\\",\\\"message\\\":\\\"Data has been deleted.\\\"}', '::1', '3', '2018-03-05 03:41:30')
ERROR - 2018-03-05 03:54:11 --> Severity: Parsing Error --> syntax error, unexpected '$this' (T_VARIABLE) C:\xampp\htdocs\Gmedia\app\models\backend\master-management\Model_dictionaries.php 133
ERROR - 2018-03-05 04:23:29 --> Severity: Notice --> Undefined variable: utc_timezone C:\xampp\htdocs\Gmedia\app\views\backend\metronic\master-management\view_dictionaries.php 141
ERROR - 2018-03-05 04:23:29 --> Severity: Warning --> Invalid argument supplied for foreach() C:\xampp\htdocs\Gmedia\app\views\backend\metronic\master-management\view_dictionaries.php 141
ERROR - 2018-03-05 04:25:43 --> Severity: Notice --> Undefined variable: utc_timezone C:\xampp\htdocs\Gmedia\app\views\backend\metronic\master-management\view_dictionaries.php 142
ERROR - 2018-03-05 04:25:43 --> Severity: Warning --> Invalid argument supplied for foreach() C:\xampp\htdocs\Gmedia\app\views\backend\metronic\master-management\view_dictionaries.php 142
ERROR - 2018-03-05 04:26:46 --> Severity: Notice --> Undefined variable: utc_timezone C:\xampp\htdocs\Gmedia\app\views\backend\metronic\master-management\view_dictionaries.php 142
ERROR - 2018-03-05 04:26:46 --> Severity: Warning --> Invalid argument supplied for foreach() C:\xampp\htdocs\Gmedia\app\views\backend\metronic\master-management\view_dictionaries.php 142
ERROR - 2018-03-05 04:36:19 --> Severity: Error --> Call to undefined method Model_account::loadDbPlatform() C:\xampp\htdocs\Gmedia\app\models\backend\user-management\Model_account.php 13
ERROR - 2018-03-05 04:55:28 --> Severity: Notice --> Undefined index: rows C:\xampp\htdocs\Gmedia\app\controllers\master-management\Dictionaries.php 82
ERROR - 2018-03-05 04:55:28 --> Severity: Notice --> Undefined index: rows C:\xampp\htdocs\Gmedia\app\controllers\master-management\Dictionaries.php 83
ERROR - 2018-03-05 05:16:02 --> Severity: Notice --> Undefined variable: user_type C:\xampp\htdocs\Gmedia\app\views\backend\metronic\master-management\view_dictionaries.php 108
ERROR - 2018-03-05 05:17:59 --> Severity: Notice --> Undefined variable: user_type C:\xampp\htdocs\Gmedia\app\views\backend\metronic\master-management\view_dictionaries.php 108
ERROR - 2018-03-05 05:18:41 --> Severity: Notice --> Undefined variable: user_type C:\xampp\htdocs\Gmedia\app\views\backend\metronic\master-management\view_dictionaries.php 108
ERROR - 2018-03-05 05:26:21 --> Query error: Unknown column 'ip' in 'field list' - Invalid query: INSERT INTO `cms_action_history` (`id`, `id_user`, `url`, `actions`, `data`, `result`, `ip`, `entry_by`, `entry_time`) VALUES ('201803050526213168', '3', 'master-management/countries', 'Update', '{\\\"id\\\":\\\"4\\\",\\\"code\\\":\\\"AS\\\",\\\"name\\\":\\\"asdl;amd\\\",\\\"description\\\":\\\"apd\\\",\\\"utc_timezone\\\":\\\"4\\\",\\\"prefix\\\":\\\"2\\\",\\\"status\\\":\\\"0\\\"}', '{\\\"success\\\":true,\\\"title\\\":\\\"Updating Data\\\",\\\"message\\\":\\\"Data has been updated.\\\"}', '::1', '3', '2018-03-05 05:26:21')
ERROR - 2018-03-05 05:59:08 --> Severity: Notice --> Undefined index: id C:\xampp\htdocs\Gmedia\app\controllers\master-management\Countries.php 125
ERROR - 2018-03-05 05:59:08 --> Query error: Unknown column 'ip' in 'field list' - Invalid query: INSERT INTO `cms_action_history` (`id`, `id_user`, `url`, `actions`, `data`, `result`, `ip`, `entry_by`, `entry_time`) VALUES ('201803050559088946', '3', 'master-management/countries', 'Save', '{\\\"id\\\":\\\"\\\",\\\"code\\\":\\\"UE\\\",\\\"name\\\":\\\"unite En\\\",\\\"description\\\":\\\"uiui\\\",\\\"utc_timezone\\\":\\\"0\\\",\\\"prefix\\\":\\\"89\\\",\\\"status\\\":\\\"1\\\"}', '{\\\"id\\\":6,\\\"success\\\":true,\\\"title\\\":\\\"Saving Data\\\",\\\"message\\\":\\\"Data has been saved.\\\"}', '::1', '3', '2018-03-05 05:59:08')
ERROR - 2018-03-05 06:01:15 --> Query error: Unknown column 'ip' in 'field list' - Invalid query: INSERT INTO `cms_action_history` (`id`, `id_user`, `url`, `actions`, `data`, `result`, `ip`, `entry_by`, `entry_time`) VALUES ('201803050601158341', '3', 'master-management/countries', 'Delete', '{\\\"id\\\":\\\"6\\\"}', '{\\\"success\\\":true,\\\"title\\\":\\\"Deleting Data\\\",\\\"message\\\":\\\"Data has been deleted.\\\"}', '::1', '3', '2018-03-05 06:01:15')
ERROR - 2018-03-05 06:02:10 --> Severity: Notice --> Undefined index: code C:\xampp\htdocs\Gmedia\app\controllers\master-management\Countries.php 126
ERROR - 2018-03-05 06:02:10 --> Query error: Unknown column 'ip' in 'field list' - Invalid query: INSERT INTO `cms_action_history` (`id`, `id_user`, `url`, `actions`, `data`, `result`, `ip`, `entry_by`, `entry_time`) VALUES ('201803050602105405', '3', 'master-management/countries', 'Save', '{\\\"id\\\":\\\"\\\",\\\"code\\\":\\\"KL\\\",\\\"name\\\":\\\"kuala \\\",\\\"description\\\":\\\"9uej\\\",\\\"utc_timezone\\\":\\\"5\\\",\\\"prefix\\\":\\\"12\\\",\\\"status\\\":\\\"1\\\"}', '{\\\"id\\\":7,\\\"success\\\":true,\\\"title\\\":\\\"Saving Data\\\",\\\"message\\\":\\\"Data has been saved.\\\"}', '::1', '3', '2018-03-05 06:02:10')
ERROR - 2018-03-05 06:04:16 --> Severity: Notice --> Undefined index: id_country C:\xampp\htdocs\Gmedia\app\controllers\master-management\Countries.php 126
ERROR - 2018-03-05 06:04:17 --> Query error: Unknown column 'ip' in 'field list' - Invalid query: INSERT INTO `cms_action_history` (`id`, `id_user`, `url`, `actions`, `data`, `result`, `ip`, `entry_by`, `entry_time`) VALUES ('201803050604170355', '3', 'master-management/countries', 'Save', '{\\\"id\\\":\\\"\\\",\\\"code\\\":\\\"JK\\\",\\\"name\\\":\\\"jiawkkd\\\",\\\"description\\\":\\\"asdkkodm\\\",\\\"utc_timezone\\\":\\\"-1\\\",\\\"prefix\\\":\\\"199\\\",\\\"status\\\":\\\"1\\\"}', '{\\\"id\\\":8,\\\"success\\\":true,\\\"title\\\":\\\"Saving Data\\\",\\\"message\\\":\\\"Data has been saved.\\\"}', '::1', '3', '2018-03-05 06:04:17')
ERROR - 2018-03-05 10:13:55 --> Severity: Warning --> mysqli::real_connect(): (HY000/2002): A socket operation was attempted to an unreachable host.
 C:\xampp\htdocs\Gmedia\sys_ci_3.0\database\drivers\mysqli\mysqli_driver.php 135
ERROR - 2018-03-05 10:13:55 --> Unable to connect to the database
ERROR - 2018-03-05 10:13:55 --> Severity: Warning --> mysqli::real_connect(): (HY000/2002): A socket operation was attempted to an unreachable host.
 C:\xampp\htdocs\Gmedia\sys_ci_3.0\database\drivers\mysqli\mysqli_driver.php 135
ERROR - 2018-03-05 10:13:55 --> Unable to connect to the database
ERROR - 2018-03-05 10:13:55 --> Severity: Warning --> mysqli::real_connect(): (HY000/2002): A socket operation was attempted to an unreachable host.
 C:\xampp\htdocs\Gmedia\sys_ci_3.0\database\drivers\mysqli\mysqli_driver.php 135
ERROR - 2018-03-05 10:13:55 --> Unable to connect to the database
ERROR - 2018-03-05 10:13:56 --> Severity: Error --> Call to a member function query() on a non-object C:\xampp\htdocs\Gmedia\sys_ci_3.0\database\drivers\mysqli\mysqli_driver.php 221
ERROR - 2018-03-05 10:14:03 --> Severity: Warning --> mysqli::real_connect(): (HY000/2002): A socket operation was attempted to an unreachable host.
 C:\xampp\htdocs\Gmedia\sys_ci_3.0\database\drivers\mysqli\mysqli_driver.php 135
ERROR - 2018-03-05 10:14:04 --> Unable to connect to the database
ERROR - 2018-03-05 10:14:04 --> Severity: Warning --> mysqli::real_connect(): (HY000/2002): A socket operation was attempted to an unreachable host.
 C:\xampp\htdocs\Gmedia\sys_ci_3.0\database\drivers\mysqli\mysqli_driver.php 135
ERROR - 2018-03-05 10:14:04 --> Unable to connect to the database
ERROR - 2018-03-05 10:14:04 --> Severity: Warning --> mysqli::real_connect(): (HY000/2002): A socket operation was attempted to an unreachable host.
 C:\xampp\htdocs\Gmedia\sys_ci_3.0\database\drivers\mysqli\mysqli_driver.php 135
ERROR - 2018-03-05 10:14:04 --> Unable to connect to the database
ERROR - 2018-03-05 10:14:04 --> Severity: Error --> Call to a member function query() on a non-object C:\xampp\htdocs\Gmedia\sys_ci_3.0\database\drivers\mysqli\mysqli_driver.php 221
ERROR - 2018-03-05 10:14:09 --> Severity: Warning --> mysqli::real_connect(): (HY000/2002): A socket operation was attempted to an unreachable host.
 C:\xampp\htdocs\Gmedia\sys_ci_3.0\database\drivers\mysqli\mysqli_driver.php 135
ERROR - 2018-03-05 10:14:09 --> Unable to connect to the database
ERROR - 2018-03-05 10:14:09 --> Severity: Warning --> mysqli::real_connect(): (HY000/2002): A socket operation was attempted to an unreachable host.
 C:\xampp\htdocs\Gmedia\sys_ci_3.0\database\drivers\mysqli\mysqli_driver.php 135
ERROR - 2018-03-05 10:14:10 --> Unable to connect to the database
ERROR - 2018-03-05 10:14:10 --> Severity: Warning --> mysqli::real_connect(): (HY000/2002): A socket operation was attempted to an unreachable host.
 C:\xampp\htdocs\Gmedia\sys_ci_3.0\database\drivers\mysqli\mysqli_driver.php 135
ERROR - 2018-03-05 10:14:10 --> Unable to connect to the database
ERROR - 2018-03-05 10:14:10 --> Severity: Error --> Call to a member function query() on a non-object C:\xampp\htdocs\Gmedia\sys_ci_3.0\database\drivers\mysqli\mysqli_driver.php 221
ERROR - 2018-03-05 10:14:12 --> Severity: Warning --> mysqli::real_connect(): (HY000/2002): A socket operation was attempted to an unreachable host.
 C:\xampp\htdocs\Gmedia\sys_ci_3.0\database\drivers\mysqli\mysqli_driver.php 135
ERROR - 2018-03-05 10:14:12 --> Unable to connect to the database
ERROR - 2018-03-05 10:14:12 --> Severity: Warning --> mysqli::real_connect(): (HY000/2002): A socket operation was attempted to an unreachable host.
 C:\xampp\htdocs\Gmedia\sys_ci_3.0\database\drivers\mysqli\mysqli_driver.php 135
ERROR - 2018-03-05 10:14:12 --> Unable to connect to the database
ERROR - 2018-03-05 10:14:12 --> Severity: Warning --> mysqli::real_connect(): (HY000/2002): A socket operation was attempted to an unreachable host.
 C:\xampp\htdocs\Gmedia\sys_ci_3.0\database\drivers\mysqli\mysqli_driver.php 135
ERROR - 2018-03-05 10:14:12 --> Unable to connect to the database
ERROR - 2018-03-05 10:14:12 --> Severity: Error --> Call to a member function query() on a non-object C:\xampp\htdocs\Gmedia\sys_ci_3.0\database\drivers\mysqli\mysqli_driver.php 221
ERROR - 2018-03-05 11:13:14 --> Severity: Notice --> Undefined variable: emails C:\xampp\htdocs\Gmedia\app\views\backend\metronic\parameters\view_email_template.php 53
ERROR - 2018-03-05 11:13:14 --> Severity: Notice --> Undefined variable: emails C:\xampp\htdocs\Gmedia\app\views\backend\metronic\parameters\view_email_template.php 112
ERROR - 2018-03-05 11:55:28 --> 404 Page Not Found: management-content/Content/index
