ERROR - 2017-11-27 09:15:03 --> 404 Page Not Found: assets
ERROR - 2017-11-27 09:15:03 --> 404 Page Not Found: assets
ERROR - 2017-11-27 09:15:03 --> 404 Page Not Found: assets
ERROR - 2017-11-27 09:15:03 --> 404 Page Not Found: assets
ERROR - 2017-11-27 09:15:03 --> 404 Page Not Found: assets
ERROR - 2017-11-27 09:15:03 --> 404 Page Not Found: assets
ERROR - 2017-11-27 09:15:03 --> 404 Page Not Found: assets
ERROR - 2017-11-27 09:15:03 --> 404 Page Not Found: assets
ERROR - 2017-11-27 09:15:03 --> 404 Page Not Found: assets
ERROR - 2017-11-27 09:15:03 --> 404 Page Not Found: assets
ERROR - 2017-11-27 09:15:03 --> 404 Page Not Found: assets
ERROR - 2017-11-27 09:15:03 --> 404 Page Not Found: assets
ERROR - 2017-11-27 09:15:03 --> 404 Page Not Found: assets
ERROR - 2017-11-27 09:15:03 --> 404 Page Not Found: assets
ERROR - 2017-11-27 09:15:03 --> 404 Page Not Found: assets
ERROR - 2017-11-27 09:15:03 --> 404 Page Not Found: assets
ERROR - 2017-11-27 09:15:03 --> 404 Page Not Found: assets
ERROR - 2017-11-27 09:15:04 --> 404 Page Not Found: assets
ERROR - 2017-11-27 09:22:07 --> 404 Page Not Found: assets
ERROR - 2017-11-27 09:22:07 --> 404 Page Not Found: assets
ERROR - 2017-11-27 09:22:07 --> 404 Page Not Found: assets
ERROR - 2017-11-27 09:22:07 --> 404 Page Not Found: assets
ERROR - 2017-11-27 09:22:07 --> 404 Page Not Found: assets
ERROR - 2017-11-27 09:22:07 --> 404 Page Not Found: assets
ERROR - 2017-11-27 09:22:07 --> 404 Page Not Found: assets
ERROR - 2017-11-27 09:22:07 --> 404 Page Not Found: assets
ERROR - 2017-11-27 09:22:07 --> 404 Page Not Found: assets
ERROR - 2017-11-27 09:22:07 --> 404 Page Not Found: assets
ERROR - 2017-11-27 09:22:07 --> 404 Page Not Found: assets
ERROR - 2017-11-27 09:22:07 --> 404 Page Not Found: assets
ERROR - 2017-11-27 09:22:07 --> 404 Page Not Found: assets
ERROR - 2017-11-27 09:22:07 --> 404 Page Not Found: assets
ERROR - 2017-11-27 09:22:08 --> 404 Page Not Found: assets
ERROR - 2017-11-27 09:22:08 --> 404 Page Not Found: assets
ERROR - 2017-11-27 09:22:08 --> 404 Page Not Found: assets
ERROR - 2017-11-27 09:22:08 --> 404 Page Not Found: favicon.ico
ERROR - 2017-11-27 10:07:56 --> 404 Page Not Found: assets
ERROR - 2017-11-27 10:07:56 --> 404 Page Not Found: assets
ERROR - 2017-11-27 10:07:56 --> 404 Page Not Found: assets
ERROR - 2017-11-27 10:07:56 --> 404 Page Not Found: assets
ERROR - 2017-11-27 10:07:56 --> 404 Page Not Found: assets
ERROR - 2017-11-27 10:07:56 --> 404 Page Not Found: assets
ERROR - 2017-11-27 10:07:56 --> 404 Page Not Found: assets
ERROR - 2017-11-27 10:07:56 --> 404 Page Not Found: assets
ERROR - 2017-11-27 10:07:56 --> 404 Page Not Found: assets
ERROR - 2017-11-27 10:07:56 --> 404 Page Not Found: assets
ERROR - 2017-11-27 10:07:56 --> 404 Page Not Found: assets
ERROR - 2017-11-27 10:07:56 --> 404 Page Not Found: assets
ERROR - 2017-11-27 10:07:56 --> 404 Page Not Found: assets
ERROR - 2017-11-27 10:07:56 --> 404 Page Not Found: assets
ERROR - 2017-11-27 10:07:56 --> 404 Page Not Found: assets
ERROR - 2017-11-27 10:07:56 --> 404 Page Not Found: assets
ERROR - 2017-11-27 10:07:56 --> 404 Page Not Found: assets
ERROR - 2017-11-27 10:07:56 --> 404 Page Not Found: assets
ERROR - 2017-11-27 10:07:56 --> 404 Page Not Found: assets
ERROR - 2017-11-27 10:07:56 --> 404 Page Not Found: assets
ERROR - 2017-11-27 10:07:56 --> 404 Page Not Found: assets
ERROR - 2017-11-27 10:07:56 --> 404 Page Not Found: assets
ERROR - 2017-11-27 10:07:56 --> 404 Page Not Found: assets
ERROR - 2017-11-27 10:07:56 --> 404 Page Not Found: assets
ERROR - 2017-11-27 10:07:56 --> 404 Page Not Found: assets
ERROR - 2017-11-27 10:07:56 --> 404 Page Not Found: assets
ERROR - 2017-11-27 10:12:40 --> 404 Page Not Found: assets
ERROR - 2017-11-27 10:12:40 --> 404 Page Not Found: assets
ERROR - 2017-11-27 10:12:40 --> 404 Page Not Found: assets
ERROR - 2017-11-27 10:12:40 --> 404 Page Not Found: assets
ERROR - 2017-11-27 10:12:40 --> 404 Page Not Found: assets
ERROR - 2017-11-27 10:12:40 --> 404 Page Not Found: assets
ERROR - 2017-11-27 10:12:40 --> 404 Page Not Found: assets
ERROR - 2017-11-27 10:12:40 --> 404 Page Not Found: assets
ERROR - 2017-11-27 10:12:40 --> 404 Page Not Found: assets
ERROR - 2017-11-27 10:12:40 --> 404 Page Not Found: assets
ERROR - 2017-11-27 10:12:40 --> 404 Page Not Found: assets
ERROR - 2017-11-27 10:12:40 --> 404 Page Not Found: assets
ERROR - 2017-11-27 10:12:40 --> 404 Page Not Found: assets
ERROR - 2017-11-27 10:12:40 --> 404 Page Not Found: assets
ERROR - 2017-11-27 10:12:40 --> 404 Page Not Found: assets
ERROR - 2017-11-27 10:12:40 --> 404 Page Not Found: assets
ERROR - 2017-11-27 10:12:40 --> 404 Page Not Found: assets
ERROR - 2017-11-27 10:12:40 --> 404 Page Not Found: assets
ERROR - 2017-11-27 10:12:40 --> 404 Page Not Found: assets
ERROR - 2017-11-27 10:20:06 --> 404 Page Not Found: assets
ERROR - 2017-11-27 10:20:06 --> 404 Page Not Found: assets
ERROR - 2017-11-27 10:20:06 --> 404 Page Not Found: assets
ERROR - 2017-11-27 10:20:06 --> 404 Page Not Found: assets
ERROR - 2017-11-27 10:20:06 --> 404 Page Not Found: assets
ERROR - 2017-11-27 10:20:06 --> 404 Page Not Found: assets
ERROR - 2017-11-27 10:20:06 --> 404 Page Not Found: assets
ERROR - 2017-11-27 10:20:06 --> 404 Page Not Found: assets
ERROR - 2017-11-27 10:20:06 --> 404 Page Not Found: assets
ERROR - 2017-11-27 10:20:06 --> 404 Page Not Found: assets
ERROR - 2017-11-27 10:20:06 --> 404 Page Not Found: assets
ERROR - 2017-11-27 10:20:06 --> 404 Page Not Found: assets
ERROR - 2017-11-27 10:20:06 --> 404 Page Not Found: assets
ERROR - 2017-11-27 10:20:06 --> 404 Page Not Found: assets
ERROR - 2017-11-27 10:20:06 --> 404 Page Not Found: assets
ERROR - 2017-11-27 10:20:06 --> 404 Page Not Found: assets
ERROR - 2017-11-27 10:23:57 --> 404 Page Not Found: assets
ERROR - 2017-11-27 10:23:57 --> 404 Page Not Found: assets
ERROR - 2017-11-27 10:23:57 --> 404 Page Not Found: assets
ERROR - 2017-11-27 10:23:57 --> 404 Page Not Found: assets
ERROR - 2017-11-27 10:23:57 --> 404 Page Not Found: assets
ERROR - 2017-11-27 10:23:57 --> 404 Page Not Found: assets
ERROR - 2017-11-27 10:23:57 --> 404 Page Not Found: assets
ERROR - 2017-11-27 10:23:57 --> 404 Page Not Found: assets
ERROR - 2017-11-27 10:23:57 --> 404 Page Not Found: assets
ERROR - 2017-11-27 10:23:57 --> 404 Page Not Found: assets
ERROR - 2017-11-27 10:23:57 --> 404 Page Not Found: assets
ERROR - 2017-11-27 10:23:57 --> 404 Page Not Found: assets
ERROR - 2017-11-27 10:23:57 --> 404 Page Not Found: assets
ERROR - 2017-11-27 10:23:57 --> 404 Page Not Found: assets
ERROR - 2017-11-27 10:23:57 --> 404 Page Not Found: assets
ERROR - 2017-11-27 10:23:57 --> 404 Page Not Found: assets
ERROR - 2017-11-27 10:23:57 --> 404 Page Not Found: assets
ERROR - 2017-11-27 10:23:57 --> 404 Page Not Found: assets
ERROR - 2017-11-27 10:23:57 --> 404 Page Not Found: assets
ERROR - 2017-11-27 10:23:57 --> 404 Page Not Found: assets
ERROR - 2017-11-27 10:25:15 --> 404 Page Not Found: assets
ERROR - 2017-11-27 10:25:15 --> 404 Page Not Found: assets
ERROR - 2017-11-27 10:25:15 --> 404 Page Not Found: assets
ERROR - 2017-11-27 10:25:15 --> 404 Page Not Found: assets
ERROR - 2017-11-27 10:25:15 --> 404 Page Not Found: assets
ERROR - 2017-11-27 10:25:15 --> 404 Page Not Found: assets
ERROR - 2017-11-27 10:25:15 --> 404 Page Not Found: assets
ERROR - 2017-11-27 10:30:33 --> 404 Page Not Found: assets
ERROR - 2017-11-27 10:30:33 --> 404 Page Not Found: assets
ERROR - 2017-11-27 10:30:33 --> 404 Page Not Found: assets
ERROR - 2017-11-27 10:30:33 --> 404 Page Not Found: assets
ERROR - 2017-11-27 10:30:33 --> 404 Page Not Found: assets
ERROR - 2017-11-27 10:30:34 --> 404 Page Not Found: assets
ERROR - 2017-11-27 10:30:34 --> 404 Page Not Found: assets
ERROR - 2017-11-27 10:31:04 --> 404 Page Not Found: assets
ERROR - 2017-11-27 10:31:04 --> 404 Page Not Found: assets
ERROR - 2017-11-27 10:31:04 --> 404 Page Not Found: assets
ERROR - 2017-11-27 10:31:04 --> 404 Page Not Found: assets
ERROR - 2017-11-27 10:31:04 --> 404 Page Not Found: assets
ERROR - 2017-11-27 10:31:04 --> 404 Page Not Found: assets
ERROR - 2017-11-27 10:31:04 --> 404 Page Not Found: assets
ERROR - 2017-11-27 10:31:28 --> 404 Page Not Found: assets
ERROR - 2017-11-27 10:31:28 --> 404 Page Not Found: assets
ERROR - 2017-11-27 10:31:28 --> 404 Page Not Found: assets
ERROR - 2017-11-27 10:31:28 --> 404 Page Not Found: assets
ERROR - 2017-11-27 10:31:28 --> 404 Page Not Found: assets
ERROR - 2017-11-27 10:31:28 --> 404 Page Not Found: assets
ERROR - 2017-11-27 10:31:28 --> 404 Page Not Found: assets
ERROR - 2017-11-27 10:32:51 --> Severity: error --> Exception: syntax error, unexpected '$key' (T_VARIABLE), expecting ',' or ')' /var/www/me.indofun.forum/app/views/frontend/forum/view_home.php 155
ERROR - 2017-11-27 10:32:51 --> Severity: Warning --> Cannot modify header information - headers already sent by (output started at /var/www/me.indofun.forum/app/controllers/Home.php:21) /var/www/me.indofun.forum/sys/core/Common.php 569
ERROR - 2017-11-27 10:32:51 --> Severity: Error --> Uncaught TypeError: Argument 1 passed to CI_Exceptions::show_exception() must be an instance of Exception, instance of ParseError given, called in /var/www/me.indofun.forum/sys/core/Common.php on line 658 and defined in /var/www/me.indofun.forum/sys/core/Exceptions.php:190
Stack trace:
#0 /var/www/me.indofun.forum/sys/core/Common.php(658): CI_Exceptions->show_exception(Object(ParseError))
#1 [internal function]: _exception_handler(Object(ParseError))
#2 {main}
  thrown /var/www/me.indofun.forum/sys/core/Exceptions.php 190
ERROR - 2017-11-27 10:32:51 --> 404 Page Not Found: assets
ERROR - 2017-11-27 10:32:51 --> 404 Page Not Found: assets
ERROR - 2017-11-27 10:33:04 --> 404 Page Not Found: assets
ERROR - 2017-11-27 10:33:04 --> 404 Page Not Found: assets
ERROR - 2017-11-27 10:33:04 --> 404 Page Not Found: assets
ERROR - 2017-11-27 10:33:04 --> 404 Page Not Found: assets
ERROR - 2017-11-27 10:33:04 --> 404 Page Not Found: assets
ERROR - 2017-11-27 10:33:04 --> 404 Page Not Found: assets
ERROR - 2017-11-27 10:33:04 --> 404 Page Not Found: assets
ERROR - 2017-11-27 10:36:14 --> 404 Page Not Found: assets
ERROR - 2017-11-27 10:36:14 --> 404 Page Not Found: assets
ERROR - 2017-11-27 10:36:14 --> 404 Page Not Found: assets
ERROR - 2017-11-27 10:36:14 --> 404 Page Not Found: assets
ERROR - 2017-11-27 10:36:14 --> 404 Page Not Found: assets
ERROR - 2017-11-27 10:36:14 --> 404 Page Not Found: assets
ERROR - 2017-11-27 10:36:14 --> 404 Page Not Found: assets
ERROR - 2017-11-27 10:49:39 --> 404 Page Not Found: assets
ERROR - 2017-11-27 10:49:39 --> 404 Page Not Found: assets
ERROR - 2017-11-27 10:49:39 --> 404 Page Not Found: assets
ERROR - 2017-11-27 10:49:39 --> 404 Page Not Found: assets
ERROR - 2017-11-27 10:49:39 --> 404 Page Not Found: assets
ERROR - 2017-11-27 10:51:48 --> 404 Page Not Found: assets
ERROR - 2017-11-27 10:51:48 --> 404 Page Not Found: assets
ERROR - 2017-11-27 10:51:48 --> 404 Page Not Found: assets
ERROR - 2017-11-27 10:51:48 --> 404 Page Not Found: assets
ERROR - 2017-11-27 10:51:48 --> 404 Page Not Found: assets
ERROR - 2017-11-27 11:13:28 --> 404 Page Not Found: assets
ERROR - 2017-11-27 11:13:28 --> 404 Page Not Found: assets
ERROR - 2017-11-27 11:13:28 --> 404 Page Not Found: assets
ERROR - 2017-11-27 11:13:28 --> 404 Page Not Found: assets
ERROR - 2017-11-27 11:13:28 --> 404 Page Not Found: assets
ERROR - 2017-11-27 11:26:00 --> 404 Page Not Found: assets
ERROR - 2017-11-27 11:26:00 --> 404 Page Not Found: assets
ERROR - 2017-11-27 11:26:00 --> 404 Page Not Found: assets
ERROR - 2017-11-27 11:26:00 --> 404 Page Not Found: assets
ERROR - 2017-11-27 11:26:00 --> 404 Page Not Found: assets
ERROR - 2017-11-27 11:26:36 --> Query error: Unknown column 'ip' in 'field list' - Invalid query: INSERT INTO `cms_action_history` (`id`, `id_user`, `url`, `actions`, `data`, `result`, `ip`, `entry_by`, `entry_time`) VALUES ('201711271126363594', '1', 'backend/auth', 'Login', '', '{\\\"success\\\":true,\\\"url\\\":\\\"parameters\\\\/usertype\\\"}', '192.168.0.238', '1', '2017-11-27 11:26:36')
ERROR - 2017-11-27 13:46:36 --> 404 Page Not Found: assets
ERROR - 2017-11-27 13:46:36 --> 404 Page Not Found: assets
ERROR - 2017-11-27 13:46:36 --> 404 Page Not Found: assets
ERROR - 2017-11-27 13:46:36 --> 404 Page Not Found: assets
ERROR - 2017-11-27 13:49:01 --> 404 Page Not Found: assets
ERROR - 2017-11-27 14:21:03 --> Query error: Unknown column 'ip' in 'field list' - Invalid query: INSERT INTO `cms_action_history` (`id`, `id_user`, `url`, `actions`, `data`, `result`, `ip`, `entry_by`, `entry_time`) VALUES ('201711271421030864', '1', 'backend/auth', 'Login', '', '{\\\"success\\\":true,\\\"url\\\":\\\"parameters\\\\/usertype\\\"}', '192.168.0.238', '1', '2017-11-27 14:21:03')
ERROR - 2017-11-27 14:43:37 --> Query error: Table 'indofun_forum.websites' doesn't exist - Invalid query: SELECT COUNT(1) AS count
FROM `contents` `c`
JOIN `content_types` `ct` ON `c`.`id_content_type` = `ct`.`id`
LEFT OUTER JOIN `galleries` `g` ON `c`.`id_gallery` = `g`.`id`
LEFT OUTER JOIN `websites` `w` ON `c`.`id_website` = `w`.`id`
WHERE `c`.`status` = '1'
AND `ct`.`status` = '1'
AND `w`.`status` = '1'
AND `c`.`id_content_type` = '1'
ERROR - 2017-11-27 14:43:37 --> Severity: error --> Exception: Call to a member function result_array() on boolean /var/www/me.indofun.forum/app/models/frontend/Model_contents.php 40
ERROR - 2017-11-27 14:43:37 --> Severity: Error --> Uncaught TypeError: Argument 1 passed to CI_Exceptions::show_exception() must be an instance of Exception, instance of Error given, called in /var/www/me.indofun.forum/sys/core/Common.php on line 658 and defined in /var/www/me.indofun.forum/sys/core/Exceptions.php:190
Stack trace:
#0 /var/www/me.indofun.forum/sys/core/Common.php(658): CI_Exceptions->show_exception(Object(Error))
#1 [internal function]: _exception_handler(Object(Error))
#2 {main}
  thrown /var/www/me.indofun.forum/sys/core/Exceptions.php 190
ERROR - 2017-11-27 14:44:14 --> Query error: Table 'indofun_forum.websites' doesn't exist - Invalid query: SELECT COUNT(1) AS count
FROM `contents` `c`
JOIN `content_types` `ct` ON `c`.`id_content_type` = `ct`.`id`
LEFT OUTER JOIN `galleries` `g` ON `c`.`id_gallery` = `g`.`id`
LEFT OUTER JOIN `websites` `w` ON `c`.`id_website` = `w`.`id`
WHERE `c`.`status` = '1'
AND `ct`.`status` = '1'
AND `w`.`status` = '1'
AND `c`.`id_content_type` = '1'
ERROR - 2017-11-27 14:44:14 --> Severity: error --> Exception: Call to a member function result_array() on boolean /var/www/me.indofun.forum/app/models/frontend/Model_contents.php 40
ERROR - 2017-11-27 14:44:14 --> Severity: Error --> Uncaught TypeError: Argument 1 passed to CI_Exceptions::show_exception() must be an instance of Exception, instance of Error given, called in /var/www/me.indofun.forum/sys/core/Common.php on line 658 and defined in /var/www/me.indofun.forum/sys/core/Exceptions.php:190
Stack trace:
#0 /var/www/me.indofun.forum/sys/core/Common.php(658): CI_Exceptions->show_exception(Object(Error))
#1 [internal function]: _exception_handler(Object(Error))
#2 {main}
  thrown /var/www/me.indofun.forum/sys/core/Exceptions.php 190
ERROR - 2017-11-27 14:44:15 --> Query error: Table 'indofun_forum.websites' doesn't exist - Invalid query: SELECT COUNT(1) AS count
FROM `contents` `c`
JOIN `content_types` `ct` ON `c`.`id_content_type` = `ct`.`id`
LEFT OUTER JOIN `galleries` `g` ON `c`.`id_gallery` = `g`.`id`
LEFT OUTER JOIN `websites` `w` ON `c`.`id_website` = `w`.`id`
WHERE `c`.`status` = '1'
AND `ct`.`status` = '1'
AND `w`.`status` = '1'
AND `c`.`id_content_type` = '1'
ERROR - 2017-11-27 14:44:15 --> Severity: error --> Exception: Call to a member function result_array() on boolean /var/www/me.indofun.forum/app/models/frontend/Model_contents.php 40
ERROR - 2017-11-27 14:44:15 --> Severity: Error --> Uncaught TypeError: Argument 1 passed to CI_Exceptions::show_exception() must be an instance of Exception, instance of Error given, called in /var/www/me.indofun.forum/sys/core/Common.php on line 658 and defined in /var/www/me.indofun.forum/sys/core/Exceptions.php:190
Stack trace:
#0 /var/www/me.indofun.forum/sys/core/Common.php(658): CI_Exceptions->show_exception(Object(Error))
#1 [internal function]: _exception_handler(Object(Error))
#2 {main}
  thrown /var/www/me.indofun.forum/sys/core/Exceptions.php 190
ERROR - 2017-11-27 14:48:14 --> Query error: Table 'indofun_forum.websites' doesn't exist - Invalid query: SELECT COUNT(1) AS count
FROM `contents` `c`
JOIN `content_types` `ct` ON `c`.`id_content_type` = `ct`.`id`
LEFT OUTER JOIN `galleries` `g` ON `c`.`id_gallery` = `g`.`id`
LEFT OUTER JOIN `websites` `w` ON `c`.`id_website` = `w`.`id`
WHERE `c`.`status` = '1'
AND `ct`.`status` = '1'
AND `w`.`status` = '1'
AND `c`.`id_content_type` = '1'
ERROR - 2017-11-27 14:48:14 --> Severity: error --> Exception: Call to a member function result_array() on boolean /var/www/me.indofun.forum/app/models/frontend/Model_contents.php 40
ERROR - 2017-11-27 14:48:14 --> Severity: Error --> Uncaught TypeError: Argument 1 passed to CI_Exceptions::show_exception() must be an instance of Exception, instance of Error given, called in /var/www/me.indofun.forum/sys/core/Common.php on line 658 and defined in /var/www/me.indofun.forum/sys/core/Exceptions.php:190
Stack trace:
#0 /var/www/me.indofun.forum/sys/core/Common.php(658): CI_Exceptions->show_exception(Object(Error))
#1 [internal function]: _exception_handler(Object(Error))
#2 {main}
  thrown /var/www/me.indofun.forum/sys/core/Exceptions.php 190
ERROR - 2017-11-27 14:48:24 --> Query error: Table 'indofun_forum.websites' doesn't exist - Invalid query: SELECT COUNT(1) AS count
FROM `contents` `c`
JOIN `content_types` `ct` ON `c`.`id_content_type` = `ct`.`id`
LEFT OUTER JOIN `galleries` `g` ON `c`.`id_gallery` = `g`.`id`
LEFT OUTER JOIN `websites` `w` ON `c`.`id_website` = `w`.`id`
WHERE `c`.`status` = '1'
AND `ct`.`status` = '1'
AND `w`.`status` = '1'
AND `c`.`id_content_type` = '1'
ERROR - 2017-11-27 14:48:24 --> Severity: error --> Exception: Call to a member function result_array() on boolean /var/www/me.indofun.forum/app/models/frontend/Model_contents.php 40
ERROR - 2017-11-27 14:48:24 --> Severity: Error --> Uncaught TypeError: Argument 1 passed to CI_Exceptions::show_exception() must be an instance of Exception, instance of Error given, called in /var/www/me.indofun.forum/sys/core/Common.php on line 658 and defined in /var/www/me.indofun.forum/sys/core/Exceptions.php:190
Stack trace:
#0 /var/www/me.indofun.forum/sys/core/Common.php(658): CI_Exceptions->show_exception(Object(Error))
#1 [internal function]: _exception_handler(Object(Error))
#2 {main}
  thrown /var/www/me.indofun.forum/sys/core/Exceptions.php 190
ERROR - 2017-11-27 14:48:26 --> Query error: Table 'indofun_forum.websites' doesn't exist - Invalid query: SELECT COUNT(1) AS count
FROM `contents` `c`
JOIN `content_types` `ct` ON `c`.`id_content_type` = `ct`.`id`
LEFT OUTER JOIN `galleries` `g` ON `c`.`id_gallery` = `g`.`id`
LEFT OUTER JOIN `websites` `w` ON `c`.`id_website` = `w`.`id`
WHERE `c`.`status` = '1'
AND `ct`.`status` = '1'
AND `w`.`status` = '1'
AND `c`.`id_content_type` = '1'
ERROR - 2017-11-27 14:48:26 --> Severity: error --> Exception: Call to a member function result_array() on boolean /var/www/me.indofun.forum/app/models/frontend/Model_contents.php 40
ERROR - 2017-11-27 14:48:26 --> Severity: Error --> Uncaught TypeError: Argument 1 passed to CI_Exceptions::show_exception() must be an instance of Exception, instance of Error given, called in /var/www/me.indofun.forum/sys/core/Common.php on line 658 and defined in /var/www/me.indofun.forum/sys/core/Exceptions.php:190
Stack trace:
#0 /var/www/me.indofun.forum/sys/core/Common.php(658): CI_Exceptions->show_exception(Object(Error))
#1 [internal function]: _exception_handler(Object(Error))
#2 {main}
  thrown /var/www/me.indofun.forum/sys/core/Exceptions.php 190
ERROR - 2017-11-27 14:48:44 --> Severity: Notice --> Undefined variable: news /var/www/me.indofun.forum/app/views/frontend/forum/view_home.php 138
ERROR - 2017-11-27 14:48:44 --> Severity: Notice --> Undefined variable: discussions /var/www/me.indofun.forum/app/views/frontend/forum/view_home.php 264
ERROR - 2017-11-27 14:48:44 --> Severity: Notice --> Undefined variable: lounge /var/www/me.indofun.forum/app/views/frontend/forum/view_home.php 390
ERROR - 2017-11-27 14:48:45 --> 404 Page Not Found: assets
ERROR - 2017-11-27 14:48:45 --> 404 Page Not Found: assets
ERROR - 2017-11-27 14:48:45 --> 404 Page Not Found: assets
ERROR - 2017-11-27 14:48:45 --> 404 Page Not Found: assets
ERROR - 2017-11-27 14:48:45 --> 404 Page Not Found: assets
ERROR - 2017-11-27 14:49:06 --> Severity: Notice --> Undefined variable: news /var/www/me.indofun.forum/app/views/frontend/forum/view_home.php 138
ERROR - 2017-11-27 14:49:06 --> Severity: Notice --> Undefined variable: discussions /var/www/me.indofun.forum/app/views/frontend/forum/view_home.php 264
ERROR - 2017-11-27 14:49:06 --> Severity: Notice --> Undefined variable: lounge /var/www/me.indofun.forum/app/views/frontend/forum/view_home.php 390
ERROR - 2017-11-27 14:49:06 --> 404 Page Not Found: assets
ERROR - 2017-11-27 14:49:06 --> 404 Page Not Found: assets
ERROR - 2017-11-27 14:49:06 --> 404 Page Not Found: assets
ERROR - 2017-11-27 14:49:06 --> 404 Page Not Found: assets
ERROR - 2017-11-27 14:49:06 --> 404 Page Not Found: assets
ERROR - 2017-11-27 14:50:46 --> 404 Page Not Found: assets
ERROR - 2017-11-27 14:50:46 --> 404 Page Not Found: assets
ERROR - 2017-11-27 14:50:46 --> 404 Page Not Found: assets
ERROR - 2017-11-27 14:50:46 --> 404 Page Not Found: assets
ERROR - 2017-11-27 14:50:46 --> 404 Page Not Found: assets
ERROR - 2017-11-27 14:54:56 --> 404 Page Not Found: assets
ERROR - 2017-11-27 14:54:56 --> 404 Page Not Found: assets
ERROR - 2017-11-27 14:54:56 --> 404 Page Not Found: assets
ERROR - 2017-11-27 14:54:56 --> 404 Page Not Found: assets
ERROR - 2017-11-27 14:54:56 --> 404 Page Not Found: assets
ERROR - 2017-11-27 15:02:14 --> Query error: Table 'indofun_forum.websites' doesn't exist - Invalid query: SELECT COUNT(1) AS count
FROM `contents` `c`
JOIN `content_types` `ct` ON `c`.`id_content_type` = `ct`.`id`
LEFT OUTER JOIN `galleries` `g` ON `c`.`id_gallery` = `g`.`id`
LEFT OUTER JOIN `websites` `w` ON `c`.`id_website` = `w`.`id`
WHERE `c`.`status` = '1'
AND `ct`.`status` = '1'
AND `w`.`status` = '1'
AND `c`.`id_content_type` = '1'
ERROR - 2017-11-27 15:02:14 --> Severity: error --> Exception: Call to a member function result_array() on boolean /var/www/me.indofun.forum/app/models/frontend/Model_contents.php 40
ERROR - 2017-11-27 15:02:14 --> Severity: Error --> Uncaught TypeError: Argument 1 passed to CI_Exceptions::show_exception() must be an instance of Exception, instance of Error given, called in /var/www/me.indofun.forum/sys/core/Common.php on line 658 and defined in /var/www/me.indofun.forum/sys/core/Exceptions.php:190
Stack trace:
#0 /var/www/me.indofun.forum/sys/core/Common.php(658): CI_Exceptions->show_exception(Object(Error))
#1 [internal function]: _exception_handler(Object(Error))
#2 {main}
  thrown /var/www/me.indofun.forum/sys/core/Exceptions.php 190
ERROR - 2017-11-27 15:03:57 --> Severity: error --> Exception: syntax error, unexpected '$this' (T_VARIABLE) /var/www/me.indofun.forum/app/models/frontend/Model_contents.php 43
ERROR - 2017-11-27 15:03:57 --> Severity: Error --> Uncaught TypeError: Argument 1 passed to CI_Exceptions::show_exception() must be an instance of Exception, instance of ParseError given, called in /var/www/me.indofun.forum/sys/core/Common.php on line 658 and defined in /var/www/me.indofun.forum/sys/core/Exceptions.php:190
Stack trace:
#0 /var/www/me.indofun.forum/sys/core/Common.php(658): CI_Exceptions->show_exception(Object(ParseError))
#1 [internal function]: _exception_handler(Object(ParseError))
#2 {main}
  thrown /var/www/me.indofun.forum/sys/core/Exceptions.php 190
