ERROR - 2018-03-06 02:49:18 --> 404 Page Not Found: Faviconico/index
ERROR - 2018-03-06 02:49:28 --> 404 Page Not Found: Indexhtml/index
ERROR - 2018-03-06 02:58:01 --> Query error: Unknown column 'ip' in 'field list' - Invalid query: INSERT INTO `cms_action_history` (`id`, `id_user`, `url`, `actions`, `data`, `result`, `ip`, `entry_by`, `entry_time`) VALUES ('201803060258015991', '3', 'management-content/content_types', 'Delete', '{\\\"id\\\":\\\"7\\\"}', '{\\\"success\\\":true,\\\"title\\\":\\\"Deleting Data\\\",\\\"message\\\":\\\"Data has been deleted.\\\"}', '::1', '3', '2018-03-06 02:58:01')
ERROR - 2018-03-06 02:58:05 --> Query error: Unknown column 'ip' in 'field list' - Invalid query: INSERT INTO `cms_action_history` (`id`, `id_user`, `url`, `actions`, `data`, `result`, `ip`, `entry_by`, `entry_time`) VALUES ('201803060258051162', '3', 'management-content/content_types', 'Delete', '{\\\"id\\\":\\\"1\\\"}', '{\\\"success\\\":true,\\\"title\\\":\\\"Deleting Data\\\",\\\"message\\\":\\\"Data has been deleted.\\\"}', '::1', '3', '2018-03-06 02:58:05')
ERROR - 2018-03-06 02:58:11 --> Query error: Unknown column 'ip' in 'field list' - Invalid query: INSERT INTO `cms_action_history` (`id`, `id_user`, `url`, `actions`, `data`, `result`, `ip`, `entry_by`, `entry_time`) VALUES ('201803060258117543', '3', 'management-content/content_types', 'Delete', '{\\\"id\\\":\\\"9\\\"}', '{\\\"success\\\":true,\\\"title\\\":\\\"Deleting Data\\\",\\\"message\\\":\\\"Data has been deleted.\\\"}', '::1', '3', '2018-03-06 02:58:11')
ERROR - 2018-03-06 02:58:18 --> Query error: Unknown column 'ip' in 'field list' - Invalid query: INSERT INTO `cms_action_history` (`id`, `id_user`, `url`, `actions`, `data`, `result`, `ip`, `entry_by`, `entry_time`) VALUES ('201803060258188732', '3', 'management-content/content_types', 'Delete', '{\\\"id\\\":\\\"4\\\"}', '{\\\"success\\\":true,\\\"title\\\":\\\"Deleting Data\\\",\\\"message\\\":\\\"Data has been deleted.\\\"}', '::1', '3', '2018-03-06 02:58:18')
ERROR - 2018-03-06 02:58:26 --> Query error: Unknown column 'ip' in 'field list' - Invalid query: INSERT INTO `cms_action_history` (`id`, `id_user`, `url`, `actions`, `data`, `result`, `ip`, `entry_by`, `entry_time`) VALUES ('201803060258263147', '3', 'management-content/content_types', 'Delete', '{\\\"id\\\":\\\"6\\\"}', '{\\\"success\\\":true,\\\"title\\\":\\\"Deleting Data\\\",\\\"message\\\":\\\"Data has been deleted.\\\"}', '::1', '3', '2018-03-06 02:58:26')
ERROR - 2018-03-06 02:58:33 --> Query error: Unknown column 'ip' in 'field list' - Invalid query: INSERT INTO `cms_action_history` (`id`, `id_user`, `url`, `actions`, `data`, `result`, `ip`, `entry_by`, `entry_time`) VALUES ('201803060258332565', '3', 'management-content/content_types', 'Delete', '{\\\"id\\\":\\\"11\\\"}', '{\\\"success\\\":true,\\\"title\\\":\\\"Deleting Data\\\",\\\"message\\\":\\\"Data has been deleted.\\\"}', '::1', '3', '2018-03-06 02:58:33')
ERROR - 2018-03-06 02:58:38 --> Query error: Unknown column 'ip' in 'field list' - Invalid query: INSERT INTO `cms_action_history` (`id`, `id_user`, `url`, `actions`, `data`, `result`, `ip`, `entry_by`, `entry_time`) VALUES ('201803060258388276', '3', 'management-content/content_types', 'Delete', '{\\\"id\\\":\\\"3\\\"}', '{\\\"success\\\":true,\\\"title\\\":\\\"Deleting Data\\\",\\\"message\\\":\\\"Data has been deleted.\\\"}', '::1', '3', '2018-03-06 02:58:38')
ERROR - 2018-03-06 03:11:07 --> Query error: Unknown column 'ip' in 'field list' - Invalid query: INSERT INTO `cms_action_history` (`id`, `id_user`, `url`, `actions`, `data`, `result`, `ip`, `entry_by`, `entry_time`) VALUES ('201803060311075594', '3', 'management-content/content_types', 'Save', '{\\\"id\\\":\\\"\\\",\\\"code\\\":\\\"Header\\\",\\\"name\\\":\\\"Luni\\\",\\\"description\\\":\\\"\\\",\\\"status\\\":\\\"1\\\"}', '{\\\"id\\\":12,\\\"success\\\":true,\\\"title\\\":\\\"Saving Data\\\",\\\"message\\\":\\\"Data has been saved.\\\"}', '::1', '3', '2018-03-06 03:11:07')
ERROR - 2018-03-06 03:11:25 --> Query error: Unknown column 'ip' in 'field list' - Invalid query: INSERT INTO `cms_action_history` (`id`, `id_user`, `url`, `actions`, `data`, `result`, `ip`, `entry_by`, `entry_time`) VALUES ('20180306031125945', '3', 'management-content/content_types', 'Update', '{\\\"id\\\":\\\"12\\\",\\\"code\\\":\\\"Header\\\",\\\"name\\\":\\\"Luni\\\",\\\"description\\\":\\\"yihaa\\\",\\\"status\\\":\\\"1\\\"}', '{\\\"success\\\":true,\\\"title\\\":\\\"Updating Data\\\",\\\"message\\\":\\\"Data has been updated.\\\"}', '::1', '3', '2018-03-06 03:11:25')
ERROR - 2018-03-06 03:12:19 --> Query error: Unknown column 'ip' in 'field list' - Invalid query: INSERT INTO `cms_action_history` (`id`, `id_user`, `url`, `actions`, `data`, `result`, `ip`, `entry_by`, `entry_time`) VALUES ('201803060312194671', '3', 'management-content/content_types', 'Delete', '{\\\"id\\\":\\\"2\\\"}', '{\\\"success\\\":true,\\\"title\\\":\\\"Deleting Data\\\",\\\"message\\\":\\\"Data has been deleted.\\\"}', '::1', '3', '2018-03-06 03:12:19')
ERROR - 2018-03-06 03:12:31 --> Query error: Unknown column 'ip' in 'field list' - Invalid query: INSERT INTO `cms_action_history` (`id`, `id_user`, `url`, `actions`, `data`, `result`, `ip`, `entry_by`, `entry_time`) VALUES ('201803060312314204', '3', 'management-content/content_types', 'Update', '{\\\"id\\\":\\\"12\\\",\\\"code\\\":\\\"Header\\\",\\\"name\\\":\\\"Lunia\\\",\\\"description\\\":\\\"yihaa\\\",\\\"status\\\":\\\"1\\\"}', '{\\\"success\\\":true,\\\"title\\\":\\\"Updating Data\\\",\\\"message\\\":\\\"Data has been updated.\\\"}', '::1', '3', '2018-03-06 03:12:31')
ERROR - 2018-03-06 03:13:53 --> 404 Page Not Found: management-content/Content/index
ERROR - 2018-03-06 03:22:10 --> 404 Page Not Found: Lolol/index
ERROR - 2018-03-06 03:22:37 --> 404 Page Not Found: master-management/Galleries/checkUI
ERROR - 2018-03-06 03:26:04 --> 404 Page Not Found: Lolol/index
ERROR - 2018-03-06 03:26:29 --> Query error: Unknown column 'ip' in 'field list' - Invalid query: INSERT INTO `cms_action_history` (`id`, `id_user`, `url`, `actions`, `data`, `result`, `ip`, `entry_by`, `entry_time`) VALUES ('201803060326298496', '3', 'master-management/galleries', 'Delete', '{\\\"id\\\":\\\"3\\\"}', '{\\\"success\\\":true,\\\"title\\\":\\\"Deleting Data\\\",\\\"message\\\":\\\"Data has been deleted.\\\"}', '::1', '3', '2018-03-06 03:26:29')
ERROR - 2018-03-06 03:27:25 --> 404 Page Not Found: Lolol/index
ERROR - 2018-03-06 03:27:36 --> 404 Page Not Found: master-management/Galleries/checkUI
ERROR - 2018-03-06 08:10:23 --> 404 Page Not Found: Lolol/index
ERROR - 2018-03-06 08:10:46 --> Severity: Notice --> Undefined variable: _FILE C:\xampp\htdocs\Gmedia\app\core\MY_Controller_Admin.php 214
ERROR - 2018-03-06 08:10:46 --> Severity: Warning --> Invalid argument supplied for foreach() C:\xampp\htdocs\Gmedia\app\core\MY_Controller_Admin.php 214
ERROR - 2018-03-06 08:10:49 --> 404 Page Not Found: master-management/Galleries/checkUI
ERROR - 2018-03-06 08:13:13 --> 404 Page Not Found: Lolol/index
ERROR - 2018-03-06 08:13:33 --> Severity: Notice --> Undefined variable: _FILE C:\xampp\htdocs\Gmedia\app\core\MY_Controller_Admin.php 214
ERROR - 2018-03-06 08:13:33 --> Severity: Warning --> Invalid argument supplied for foreach() C:\xampp\htdocs\Gmedia\app\core\MY_Controller_Admin.php 214
ERROR - 2018-03-06 08:13:51 --> Severity: Notice --> Undefined index: id_content_type C:\xampp\htdocs\Gmedia\app\controllers\master-management\Galleries.php 84
ERROR - 2018-03-06 08:13:51 --> Severity: Notice --> Undefined index: path C:\xampp\htdocs\Gmedia\app\controllers\master-management\Galleries.php 88
ERROR - 2018-03-06 08:13:51 --> Query error: Unknown column 'ip' in 'field list' - Invalid query: INSERT INTO `cms_action_history` (`id`, `id_user`, `url`, `actions`, `data`, `result`, `ip`, `entry_by`, `entry_time`) VALUES ('201803060813514516', '3', 'master-management/galleries', 'Update', '{\\\"id\\\":\\\"\\\",\\\"id_reference\\\":\\\"\\\",\\\"name\\\":\\\"yuyu\\\",\\\"description\\\":\\\"\\\",\\\"path_ori\\\":\\\"\\\",\\\"path_thumb\\\":\\\"\\\",\\\"url_ori\\\":\\\"\\\",\\\"url_thumb\\\":\\\"\\\",\\\"mime_type\\\":\\\"\\\",\\\"status\\\":\\\"1\\\"}', '{\\\"id\\\":4,\\\"success\\\":true,\\\"title\\\":\\\"Saving Data\\\",\\\"message\\\":\\\"Data has been saved.\\\"}', '::1', '3', '2018-03-06 08:13:51')
ERROR - 2018-03-06 08:22:45 --> 404 Page Not Found: Lolol/index
ERROR - 2018-03-06 08:22:59 --> Severity: Warning --> move_uploaded_file(/var/www/Gmedia/assets/galleries/7b4586a1d780009c0b667dcd962e7f75.png): failed to open stream: No such file or directory C:\xampp\htdocs\Gmedia\app\core\MY_Controller_Admin.php 240
ERROR - 2018-03-06 08:22:59 --> Severity: Warning --> move_uploaded_file(): Unable to move 'C:\xampp\tmp\phpEEEC.tmp' to '/var/www/Gmedia/assets/galleries/7b4586a1d780009c0b667dcd962e7f75.png' C:\xampp\htdocs\Gmedia\app\core\MY_Controller_Admin.php 240
ERROR - 2018-03-06 08:26:30 --> 404 Page Not Found: Lolol/index
ERROR - 2018-03-06 08:27:00 --> Severity: Warning --> move_uploaded_file(/var/www/Gmedia/assets/galleries/): failed to open stream: No such file or directory C:\xampp\htdocs\Gmedia\app\core\MY_Controller_Admin.php 240
ERROR - 2018-03-06 08:27:00 --> Severity: Warning --> move_uploaded_file(): Unable to move 'C:\xampp\tmp\php9A9F.tmp' to '/var/www/Gmedia/assets/galleries/' C:\xampp\htdocs\Gmedia\app\core\MY_Controller_Admin.php 240
ERROR - 2018-03-06 08:27:11 --> Severity: Notice --> Undefined index: id_content_type C:\xampp\htdocs\Gmedia\app\controllers\master-management\Galleries.php 84
ERROR - 2018-03-06 08:27:11 --> Severity: Notice --> Undefined index: path C:\xampp\htdocs\Gmedia\app\controllers\master-management\Galleries.php 88
ERROR - 2018-03-06 08:27:11 --> Query error: Unknown column 'ip' in 'field list' - Invalid query: INSERT INTO `cms_action_history` (`id`, `id_user`, `url`, `actions`, `data`, `result`, `ip`, `entry_by`, `entry_time`) VALUES ('201803060827117541', '3', 'master-management/galleries', 'Update', '{\\\"id\\\":\\\"\\\",\\\"id_reference\\\":\\\"\\\",\\\"name\\\":\\\"uiuiuih\\\",\\\"description\\\":\\\"\\\",\\\"path_ori\\\":\\\"\\\",\\\"path_thumb\\\":\\\"\\\",\\\"url_ori\\\":\\\"\\\",\\\"url_thumb\\\":\\\"\\\",\\\"mime_type\\\":\\\"\\\",\\\"status\\\":\\\"0\\\"}', '{\\\"id\\\":5,\\\"success\\\":true,\\\"title\\\":\\\"Saving Data\\\",\\\"message\\\":\\\"Data has been saved.\\\"}', '::1', '3', '2018-03-06 08:27:11')
ERROR - 2018-03-06 08:30:19 --> 404 Page Not Found: Lolol/index
ERROR - 2018-03-06 08:30:31 --> Severity: Notice --> Undefined index: id_content_type C:\xampp\htdocs\Gmedia\app\controllers\master-management\Galleries.php 84
ERROR - 2018-03-06 08:30:31 --> Severity: Notice --> Undefined index: path C:\xampp\htdocs\Gmedia\app\controllers\master-management\Galleries.php 88
ERROR - 2018-03-06 08:30:32 --> Query error: Unknown column 'ip' in 'field list' - Invalid query: INSERT INTO `cms_action_history` (`id`, `id_user`, `url`, `actions`, `data`, `result`, `ip`, `entry_by`, `entry_time`) VALUES ('201803060830320219', '3', 'master-management/galleries', 'Update', '{\\\"id\\\":\\\"3\\\",\\\"id_reference\\\":\\\"\\\",\\\"name\\\":\\\"xoxo\\\",\\\"description\\\":\\\"xoxo\\\",\\\"path_ori\\\":\\\"\\\",\\\"path_thumb\\\":\\\"\\\",\\\"url_ori\\\":\\\"xoxo\\\",\\\"url_thumb\\\":\\\"lolol\\\",\\\"mime_type\\\":\\\"lolo\\\",\\\"status\\\":\\\"0\\\"}', '{\\\"success\\\":true,\\\"title\\\":\\\"Updating Data\\\",\\\"message\\\":\\\"Data has been updated.\\\"}', '::1', '3', '2018-03-06 08:30:32')
ERROR - 2018-03-06 08:37:57 --> Severity: Warning --> move_uploaded_file(/var/www/Gmedia/assets/galleries/): failed to open stream: No such file or directory C:\xampp\htdocs\Gmedia\app\core\MY_Controller_Admin.php 240
ERROR - 2018-03-06 08:37:57 --> Severity: Warning --> move_uploaded_file(): Unable to move 'C:\xampp\tmp\phpA4B2.tmp' to '/var/www/Gmedia/assets/galleries/' C:\xampp\htdocs\Gmedia\app\core\MY_Controller_Admin.php 240
ERROR - 2018-03-06 08:44:43 --> Severity: Warning --> move_uploaded_file(/var/www/Gmedia/assets/galleries/): failed to open stream: No such file or directory C:\xampp\htdocs\Gmedia\app\core\MY_Controller_Admin.php 240
ERROR - 2018-03-06 08:44:43 --> Severity: Warning --> move_uploaded_file(): Unable to move 'C:\xampp\tmp\phpD124.tmp' to '/var/www/Gmedia/assets/galleries/' C:\xampp\htdocs\Gmedia\app\core\MY_Controller_Admin.php 240
ERROR - 2018-03-06 08:48:42 --> Severity: Warning --> move_uploaded_file(http://localhost:8080/Gmedia/assets/galleries/): failed to open stream: HTTP wrapper does not support writeable connections C:\xampp\htdocs\Gmedia\app\core\MY_Controller_Admin.php 240
ERROR - 2018-03-06 08:48:42 --> Severity: Warning --> move_uploaded_file(): Unable to move 'C:\xampp\tmp\php7A09.tmp' to 'http://localhost:8080/Gmedia/assets/galleries/' C:\xampp\htdocs\Gmedia\app\core\MY_Controller_Admin.php 240
ERROR - 2018-03-06 08:50:34 --> Severity: Warning --> move_uploaded_file(C:
mpp\htdocs\Gmediaassets/galleries/): failed to open stream: Invalid argument C:\xampp\htdocs\Gmedia\app\core\MY_Controller_Admin.php 240
ERROR - 2018-03-06 08:50:34 --> Severity: Warning --> move_uploaded_file(): Unable to move 'C:\xampp\tmp\php3297.tmp' to 'C:
mpp\htdocs\Gmediaassets/galleries/' C:\xampp\htdocs\Gmedia\app\core\MY_Controller_Admin.php 240
ERROR - 2018-03-06 08:59:21 --> Query error: Unknown column 'ip' in 'field list' - Invalid query: INSERT INTO `cms_action_history` (`id`, `id_user`, `url`, `actions`, `data`, `result`, `ip`, `entry_by`, `entry_time`) VALUES ('201803060859213192', '3', 'master-management/galleries', 'Delete', '{\\\"id\\\":\\\"2\\\"}', '{\\\"success\\\":true,\\\"title\\\":\\\"Deleting Data\\\",\\\"message\\\":\\\"Data has been deleted.\\\"}', '::1', '3', '2018-03-06 08:59:21')
ERROR - 2018-03-06 09:00:15 --> 404 Page Not Found: management-content/Content/index
ERROR - 2018-03-06 11:52:11 --> Severity: Parsing Error --> syntax error, unexpected '$result' (T_VARIABLE) C:\xampp\htdocs\Gmedia\app\controllers\management-content\Content.php 43
ERROR - 2018-03-06 11:52:38 --> Severity: Parsing Error --> syntax error, unexpected '}' C:\xampp\htdocs\Gmedia\app\models\backend\management-content\Model_contents.php 61
