ERROR - 2017-12-04 09:25:08 --> 404 Page Not Found: assets
ERROR - 2017-12-04 09:25:08 --> 404 Page Not Found: assets
ERROR - 2017-12-04 09:25:08 --> 404 Page Not Found: assets
ERROR - 2017-12-04 09:36:22 --> 404 Page Not Found: assets
ERROR - 2017-12-04 09:36:23 --> 404 Page Not Found: assets
ERROR - 2017-12-04 09:36:23 --> 404 Page Not Found: assets
ERROR - 2017-12-04 09:36:23 --> 404 Page Not Found: assets
ERROR - 2017-12-04 09:36:33 --> Query error: Unknown column 'c.is_icon_show' in 'field list' - Invalid query: SELECT `c`.`id`, `c`.`code`, `c`.`name`, `c`.`short_desc`, `c`.`seen`, `c`.`icon`, `c`.`is_icon_show`, `c`.`publish_time`, `c`.`long_desc`, `c`.`is_show_image`, `ct`.`code` AS `code_content_type`, `ct`.`name` AS `name_content_type`, `g`.`url_ori`, `g`.`url_thumb`
FROM `contents` `c`
JOIN `content_types` `ct` ON `c`.`id_content_type` = `ct`.`id`
LEFT OUTER JOIN `galleries` `g` ON `c`.`id_gallery` = `g`.`id`
WHERE `c`.`status` = '1'
AND `ct`.`status` = '1'
AND `c`.`code` = 'test'
ERROR - 2017-12-04 09:36:33 --> Severity: error --> Exception: Call to a member function num_rows() on boolean /var/www/me.indofun.forum/app/models/frontend/Model_contents.php 109
ERROR - 2017-12-04 09:36:33 --> Severity: Error --> Uncaught TypeError: Argument 1 passed to CI_Exceptions::show_exception() must be an instance of Exception, instance of Error given, called in /var/www/me.indofun.forum/sys/core/Common.php on line 658 and defined in /var/www/me.indofun.forum/sys/core/Exceptions.php:190
Stack trace:
#0 /var/www/me.indofun.forum/sys/core/Common.php(658): CI_Exceptions->show_exception(Object(Error))
#1 [internal function]: _exception_handler(Object(Error))
#2 {main}
  thrown /var/www/me.indofun.forum/sys/core/Exceptions.php 190
ERROR - 2017-12-04 09:41:04 --> Severity: Notice --> Undefined variable: pageTitle /var/www/me.indofun.forum/app/views/frontend/layout/forum/_header.php 5
ERROR - 2017-12-04 09:41:04 --> Severity: Notice --> Undefined variable: pageTitle /var/www/me.indofun.forum/app/views/frontend/layout/forum/_header.php 37
ERROR - 2017-12-04 09:41:04 --> Severity: Notice --> Undefined variable: pageTemplate /var/www/me.indofun.forum/app/views/frontend/layout/forum/main.php 8
ERROR - 2017-12-04 09:41:04 --> 404 Page Not Found: assets
ERROR - 2017-12-04 09:41:05 --> 404 Page Not Found: assets
ERROR - 2017-12-04 09:41:05 --> 404 Page Not Found: assets
ERROR - 2017-12-04 09:42:22 --> Severity: Notice --> Undefined variable: pageTitle /var/www/me.indofun.forum/app/views/frontend/layout/forum/_header.php 5
ERROR - 2017-12-04 09:42:22 --> Severity: Notice --> Undefined variable: pageTitle /var/www/me.indofun.forum/app/views/frontend/layout/forum/_header.php 37
ERROR - 2017-12-04 09:42:22 --> Severity: Notice --> Undefined variable: pageTemplate /var/www/me.indofun.forum/app/views/frontend/layout/forum/main.php 8
ERROR - 2017-12-04 09:44:29 --> Query error: Unknown column 'c.is_icon_show' in 'field list' - Invalid query: SELECT `c`.`id`, `c`.`code`, `c`.`name`, `c`.`short_desc`, `c`.`seen`, `c`.`icon`, `c`.`is_icon_show`, `c`.`publish_time`, `c`.`long_desc`, `c`.`is_show_image`, `ct`.`code` AS `code_content_type`, `ct`.`name` AS `name_content_type`, `g`.`url_ori`, `g`.`url_thumb`
FROM `contents` `c`
JOIN `content_types` `ct` ON `c`.`id_content_type` = `ct`.`id`
LEFT OUTER JOIN `galleries` `g` ON `c`.`id_gallery` = `g`.`id`
WHERE `c`.`status` = '1'
AND `ct`.`status` = '1'
AND `c`.`code` = 'test'
ERROR - 2017-12-04 09:44:29 --> Severity: error --> Exception: Call to a member function num_rows() on boolean /var/www/me.indofun.forum/app/models/frontend/Model_contents.php 109
ERROR - 2017-12-04 09:44:29 --> Severity: Error --> Uncaught TypeError: Argument 1 passed to CI_Exceptions::show_exception() must be an instance of Exception, instance of Error given, called in /var/www/me.indofun.forum/sys/core/Common.php on line 658 and defined in /var/www/me.indofun.forum/sys/core/Exceptions.php:190
Stack trace:
#0 /var/www/me.indofun.forum/sys/core/Common.php(658): CI_Exceptions->show_exception(Object(Error))
#1 [internal function]: _exception_handler(Object(Error))
#2 {main}
  thrown /var/www/me.indofun.forum/sys/core/Exceptions.php 190
ERROR - 2017-12-04 09:48:43 --> Severity: Notice --> Undefined variable: pageTitle /var/www/me.indofun.forum/app/views/frontend/layout/forum/_header.php 5
ERROR - 2017-12-04 09:48:43 --> Severity: Notice --> Undefined variable: pageTitle /var/www/me.indofun.forum/app/views/frontend/layout/forum/_header.php 37
ERROR - 2017-12-04 09:48:43 --> Severity: Notice --> Undefined variable: pageTemplate /var/www/me.indofun.forum/app/views/frontend/layout/forum/main.php 8
ERROR - 2017-12-04 09:48:43 --> 404 Page Not Found: assets
ERROR - 2017-12-04 09:48:43 --> 404 Page Not Found: assets
ERROR - 2017-12-04 09:48:44 --> 404 Page Not Found: assets
ERROR - 2017-12-04 09:48:47 --> Severity: Notice --> Undefined variable: pageTitle /var/www/me.indofun.forum/app/views/frontend/layout/forum/_header.php 5
ERROR - 2017-12-04 09:48:47 --> Severity: Notice --> Undefined variable: pageTitle /var/www/me.indofun.forum/app/views/frontend/layout/forum/_header.php 37
ERROR - 2017-12-04 09:48:47 --> Severity: Notice --> Undefined variable: pageTemplate /var/www/me.indofun.forum/app/views/frontend/layout/forum/main.php 8
ERROR - 2017-12-04 09:52:33 --> 404 Page Not Found: index.html
ERROR - 2017-12-04 09:52:36 --> Severity: Notice --> Undefined variable: pageTitle /var/www/me.indofun.forum/app/views/frontend/layout/forum/_header.php 5
ERROR - 2017-12-04 09:52:36 --> Severity: Notice --> Undefined variable: pageTitle /var/www/me.indofun.forum/app/views/frontend/layout/forum/_header.php 37
ERROR - 2017-12-04 09:52:36 --> Severity: Notice --> Undefined variable: pageTemplate /var/www/me.indofun.forum/app/views/frontend/layout/forum/main.php 8
ERROR - 2017-12-04 09:52:36 --> 404 Page Not Found: assets
ERROR - 2017-12-04 09:52:36 --> 404 Page Not Found: assets
ERROR - 2017-12-04 09:52:37 --> 404 Page Not Found: assets
ERROR - 2017-12-04 09:52:37 --> 404 Page Not Found: assets
ERROR - 2017-12-04 09:52:38 --> 404 Page Not Found: assets
ERROR - 2017-12-04 09:52:55 --> 404 Page Not Found: inner.html
ERROR - 2017-12-04 09:52:57 --> 404 Page Not Found: assets
ERROR - 2017-12-04 09:52:57 --> 404 Page Not Found: assets
ERROR - 2017-12-04 09:52:58 --> 404 Page Not Found: assets
ERROR - 2017-12-04 09:53:09 --> Severity: error --> Exception: Call to undefined method model_content_types::getContent_TypesData() /var/www/me.indofun.forum/app/controllers/Content.php 58
ERROR - 2017-12-04 09:53:09 --> Severity: Error --> Uncaught TypeError: Argument 1 passed to CI_Exceptions::show_exception() must be an instance of Exception, instance of Error given, called in /var/www/me.indofun.forum/sys/core/Common.php on line 658 and defined in /var/www/me.indofun.forum/sys/core/Exceptions.php:190
Stack trace:
#0 /var/www/me.indofun.forum/sys/core/Common.php(658): CI_Exceptions->show_exception(Object(Error))
#1 [internal function]: _exception_handler(Object(Error))
#2 {main}
  thrown /var/www/me.indofun.forum/sys/core/Exceptions.php 190
ERROR - 2017-12-04 09:53:13 --> 404 Page Not Found: assets
ERROR - 2017-12-04 09:53:13 --> 404 Page Not Found: assets
ERROR - 2017-12-04 09:53:14 --> 404 Page Not Found: assets
ERROR - 2017-12-04 09:56:50 --> 404 Page Not Found: assets
ERROR - 2017-12-04 09:56:50 --> 404 Page Not Found: assets
ERROR - 2017-12-04 09:56:50 --> 404 Page Not Found: assets
ERROR - 2017-12-04 09:56:51 --> 404 Page Not Found: assets
ERROR - 2017-12-04 09:56:55 --> Severity: Notice --> Undefined variable: comments /var/www/me.indofun.forum/app/views/frontend/forum/view_blog_details.php 93
ERROR - 2017-12-04 09:56:56 --> 404 Page Not Found: assets
ERROR - 2017-12-04 09:56:56 --> 404 Page Not Found: assets
ERROR - 2017-12-04 09:56:56 --> 404 Page Not Found: assets
ERROR - 2017-12-04 10:06:12 --> Severity: Notice --> Undefined variable: comments /var/www/me.indofun.forum/app/views/frontend/forum/view_blog_details.php 71
ERROR - 2017-12-04 10:06:12 --> 404 Page Not Found: assets
ERROR - 2017-12-04 10:06:12 --> 404 Page Not Found: assets
ERROR - 2017-12-04 10:06:13 --> 404 Page Not Found: assets
ERROR - 2017-12-04 10:06:23 --> Severity: Notice --> Undefined variable: comments /var/www/me.indofun.forum/app/views/frontend/forum/view_blog_details.php 177
ERROR - 2017-12-04 10:06:23 --> 404 Page Not Found: assets
ERROR - 2017-12-04 10:06:24 --> 404 Page Not Found: assets
ERROR - 2017-12-04 10:06:24 --> 404 Page Not Found: assets
ERROR - 2017-12-04 10:07:11 --> 404 Page Not Found: assets
ERROR - 2017-12-04 10:07:12 --> 404 Page Not Found: assets
ERROR - 2017-12-04 10:07:12 --> 404 Page Not Found: assets
ERROR - 2017-12-04 10:09:32 --> Severity: Notice --> Undefined variable: comments /var/www/me.indofun.forum/app/views/frontend/forum/view_blog_details.php 181
ERROR - 2017-12-04 10:09:33 --> 404 Page Not Found: assets
ERROR - 2017-12-04 10:09:33 --> 404 Page Not Found: assets
ERROR - 2017-12-04 10:09:33 --> 404 Page Not Found: assets
ERROR - 2017-12-04 10:13:26 --> Severity: Notice --> Undefined variable: comments /var/www/me.indofun.forum/app/views/frontend/forum/view_blog_details.php 203
ERROR - 2017-12-04 10:13:27 --> 404 Page Not Found: assets
ERROR - 2017-12-04 10:13:27 --> 404 Page Not Found: assets
ERROR - 2017-12-04 10:13:28 --> 404 Page Not Found: assets
ERROR - 2017-12-04 10:14:34 --> Severity: Notice --> Undefined variable: comments /var/www/me.indofun.forum/app/views/frontend/forum/view_blog_details.php 546
ERROR - 2017-12-04 10:14:34 --> 404 Page Not Found: assets
ERROR - 2017-12-04 10:14:34 --> 404 Page Not Found: assets
ERROR - 2017-12-04 10:14:35 --> 404 Page Not Found: assets
ERROR - 2017-12-04 10:16:40 --> Severity: Notice --> Undefined variable: comments /var/www/me.indofun.forum/app/views/frontend/forum/view_blog_details.php 319
ERROR - 2017-12-04 10:16:41 --> 404 Page Not Found: assets
ERROR - 2017-12-04 10:16:41 --> 404 Page Not Found: assets
ERROR - 2017-12-04 10:16:42 --> 404 Page Not Found: assets
ERROR - 2017-12-04 10:20:05 --> Severity: Notice --> Undefined variable: comments /var/www/me.indofun.forum/app/views/frontend/forum/view_blog_details.php 435
ERROR - 2017-12-04 10:20:05 --> 404 Page Not Found: assets
ERROR - 2017-12-04 10:20:05 --> 404 Page Not Found: assets
ERROR - 2017-12-04 10:20:06 --> 404 Page Not Found: assets
ERROR - 2017-12-04 10:20:17 --> Severity: Notice --> Undefined variable: comments /var/www/me.indofun.forum/app/views/frontend/forum/view_blog_details.php 435
ERROR - 2017-12-04 10:47:01 --> Severity: Notice --> Undefined variable: comments /var/www/me.indofun.forum/app/views/frontend/forum/view_blog_details.php 189
ERROR - 2017-12-04 10:47:02 --> 404 Page Not Found: assets
ERROR - 2017-12-04 10:47:02 --> 404 Page Not Found: assets
ERROR - 2017-12-04 10:47:03 --> 404 Page Not Found: assets
ERROR - 2017-12-04 10:48:08 --> Severity: Notice --> Undefined variable: comments /var/www/me.indofun.forum/app/views/frontend/forum/view_blog_details.php 189
ERROR - 2017-12-04 10:48:08 --> 404 Page Not Found: assets
ERROR - 2017-12-04 10:48:08 --> 404 Page Not Found: assets
ERROR - 2017-12-04 10:48:09 --> 404 Page Not Found: assets
ERROR - 2017-12-04 10:50:49 --> Severity: Notice --> Undefined variable: comments /var/www/me.indofun.forum/app/views/frontend/forum/view_blog_details.php 189
ERROR - 2017-12-04 10:50:49 --> 404 Page Not Found: assets
ERROR - 2017-12-04 10:50:49 --> 404 Page Not Found: assets
ERROR - 2017-12-04 10:50:50 --> 404 Page Not Found: assets
ERROR - 2017-12-04 10:55:21 --> Severity: Notice --> Undefined variable: comments /var/www/me.indofun.forum/app/views/frontend/forum/view_blog_details.php 189
ERROR - 2017-12-04 10:55:21 --> 404 Page Not Found: assets
ERROR - 2017-12-04 10:55:21 --> 404 Page Not Found: assets
ERROR - 2017-12-04 10:55:22 --> 404 Page Not Found: assets
ERROR - 2017-12-04 10:55:33 --> Severity: Notice --> Undefined variable: comments /var/www/me.indofun.forum/app/views/frontend/forum/view_blog_details.php 189
ERROR - 2017-12-04 10:55:34 --> 404 Page Not Found: assets
ERROR - 2017-12-04 10:55:34 --> 404 Page Not Found: assets
ERROR - 2017-12-04 10:55:34 --> 404 Page Not Found: assets
ERROR - 2017-12-04 10:56:41 --> Severity: Notice --> Undefined variable: comments /var/www/me.indofun.forum/app/views/frontend/forum/view_blog_details.php 167
ERROR - 2017-12-04 10:56:42 --> 404 Page Not Found: assets
ERROR - 2017-12-04 10:56:42 --> 404 Page Not Found: assets
ERROR - 2017-12-04 10:56:43 --> 404 Page Not Found: assets
ERROR - 2017-12-04 11:00:07 --> Severity: Notice --> Undefined variable: comments /var/www/me.indofun.forum/app/views/frontend/forum/view_blog_details.php 143
ERROR - 2017-12-04 11:00:08 --> 404 Page Not Found: assets
ERROR - 2017-12-04 11:00:08 --> 404 Page Not Found: assets
ERROR - 2017-12-04 11:00:08 --> 404 Page Not Found: assets
ERROR - 2017-12-04 11:20:56 --> Severity: Notice --> Undefined variable: comments /var/www/me.indofun.forum/app/views/frontend/forum/view_blog_details.php 159
ERROR - 2017-12-04 11:20:56 --> 404 Page Not Found: assets
ERROR - 2017-12-04 11:20:56 --> 404 Page Not Found: assets
ERROR - 2017-12-04 11:20:57 --> 404 Page Not Found: assets
ERROR - 2017-12-04 11:21:43 --> Severity: Notice --> Undefined variable: comments /var/www/me.indofun.forum/app/views/frontend/forum/view_blog_details.php 156
ERROR - 2017-12-04 11:21:44 --> 404 Page Not Found: assets
ERROR - 2017-12-04 11:21:44 --> 404 Page Not Found: assets
ERROR - 2017-12-04 11:21:44 --> 404 Page Not Found: assets
ERROR - 2017-12-04 11:24:39 --> Severity: Notice --> Undefined variable: comments /var/www/me.indofun.forum/app/views/frontend/forum/view_blog_details.php 156
ERROR - 2017-12-04 11:24:40 --> 404 Page Not Found: assets
ERROR - 2017-12-04 11:24:40 --> 404 Page Not Found: assets
ERROR - 2017-12-04 11:24:41 --> 404 Page Not Found: assets
ERROR - 2017-12-04 13:43:50 --> Severity: Notice --> Undefined variable: comments /var/www/me.indofun.forum/app/views/frontend/forum/view_blog_details.php 156
ERROR - 2017-12-04 13:43:51 --> 404 Page Not Found: assets
ERROR - 2017-12-04 13:43:51 --> 404 Page Not Found: assets
ERROR - 2017-12-04 13:43:52 --> 404 Page Not Found: assets
ERROR - 2017-12-04 13:44:47 --> Severity: Notice --> Undefined variable: comments /var/www/me.indofun.forum/app/views/frontend/forum/view_blog_details.php 170
ERROR - 2017-12-04 13:44:47 --> 404 Page Not Found: assets
ERROR - 2017-12-04 13:44:47 --> 404 Page Not Found: assets
ERROR - 2017-12-04 13:44:48 --> 404 Page Not Found: assets
ERROR - 2017-12-04 13:45:44 --> Severity: Notice --> Undefined variable: comments /var/www/me.indofun.forum/app/views/frontend/forum/view_blog_details.php 173
ERROR - 2017-12-04 13:45:44 --> 404 Page Not Found: assets
ERROR - 2017-12-04 13:45:44 --> 404 Page Not Found: assets
ERROR - 2017-12-04 13:45:45 --> 404 Page Not Found: assets
ERROR - 2017-12-04 14:36:22 --> Severity: Notice --> Undefined variable: comments /var/www/me.indofun.forum/app/views/frontend/forum/view_blog_details.php 179
ERROR - 2017-12-04 14:36:23 --> 404 Page Not Found: assets
ERROR - 2017-12-04 14:36:23 --> 404 Page Not Found: assets
ERROR - 2017-12-04 14:36:24 --> 404 Page Not Found: assets
ERROR - 2017-12-04 15:15:09 --> 404 Page Not Found: assets
ERROR - 2017-12-04 15:15:10 --> 404 Page Not Found: assets
ERROR - 2017-12-04 15:15:10 --> 404 Page Not Found: assets
ERROR - 2017-12-04 15:15:28 --> 404 Page Not Found: assets
ERROR - 2017-12-04 15:15:28 --> 404 Page Not Found: assets
ERROR - 2017-12-04 15:15:29 --> 404 Page Not Found: assets
ERROR - 2017-12-04 15:16:33 --> 404 Page Not Found: assets
ERROR - 2017-12-04 15:16:33 --> 404 Page Not Found: assets
ERROR - 2017-12-04 15:16:34 --> 404 Page Not Found: assets
ERROR - 2017-12-04 15:17:11 --> 404 Page Not Found: assets
ERROR - 2017-12-04 15:17:12 --> 404 Page Not Found: assets
ERROR - 2017-12-04 15:17:12 --> 404 Page Not Found: assets
ERROR - 2017-12-04 15:17:45 --> 404 Page Not Found: assets
ERROR - 2017-12-04 15:17:45 --> 404 Page Not Found: assets
ERROR - 2017-12-04 15:17:45 --> 404 Page Not Found: assets
ERROR - 2017-12-04 15:34:15 --> 404 Page Not Found: assets
ERROR - 2017-12-04 15:34:15 --> 404 Page Not Found: assets
ERROR - 2017-12-04 15:34:16 --> 404 Page Not Found: assets
ERROR - 2017-12-04 15:34:19 --> 404 Page Not Found: assets
ERROR - 2017-12-04 15:34:19 --> 404 Page Not Found: assets
ERROR - 2017-12-04 15:34:19 --> 404 Page Not Found: assets
ERROR - 2017-12-04 15:34:19 --> 404 Page Not Found: assets
ERROR - 2017-12-04 15:34:27 --> 404 Page Not Found: assets
ERROR - 2017-12-04 15:34:27 --> 404 Page Not Found: assets
ERROR - 2017-12-04 15:34:27 --> 404 Page Not Found: assets
ERROR - 2017-12-04 15:34:27 --> 404 Page Not Found: assets
ERROR - 2017-12-04 15:34:28 --> 404 Page Not Found: assets
ERROR - 2017-12-04 15:34:28 --> 404 Page Not Found: assets
ERROR - 2017-12-04 15:34:28 --> 404 Page Not Found: assets
ERROR - 2017-12-04 15:34:28 --> 404 Page Not Found: assets
ERROR - 2017-12-04 15:34:28 --> 404 Page Not Found: assets
ERROR - 2017-12-04 15:34:28 --> 404 Page Not Found: assets
ERROR - 2017-12-04 15:34:28 --> 404 Page Not Found: assets
ERROR - 2017-12-04 15:34:28 --> 404 Page Not Found: assets
ERROR - 2017-12-04 15:34:30 --> 404 Page Not Found: assets
ERROR - 2017-12-04 15:34:30 --> 404 Page Not Found: assets
ERROR - 2017-12-04 15:34:30 --> 404 Page Not Found: assets
ERROR - 2017-12-04 15:34:30 --> 404 Page Not Found: assets
ERROR - 2017-12-04 15:34:39 --> 404 Page Not Found: assets
ERROR - 2017-12-04 15:34:39 --> 404 Page Not Found: assets
ERROR - 2017-12-04 15:34:40 --> 404 Page Not Found: assets
ERROR - 2017-12-04 15:34:43 --> 404 Page Not Found: assets
ERROR - 2017-12-04 15:34:43 --> 404 Page Not Found: assets
ERROR - 2017-12-04 15:34:43 --> 404 Page Not Found: assets
ERROR - 2017-12-04 15:34:43 --> 404 Page Not Found: assets
ERROR - 2017-12-04 15:34:45 --> 404 Page Not Found: assets
ERROR - 2017-12-04 15:34:45 --> 404 Page Not Found: assets
ERROR - 2017-12-04 15:34:45 --> 404 Page Not Found: assets
ERROR - 2017-12-04 15:34:45 --> 404 Page Not Found: assets
ERROR - 2017-12-04 15:34:45 --> 404 Page Not Found: assets
ERROR - 2017-12-04 15:34:45 --> 404 Page Not Found: assets
ERROR - 2017-12-04 15:34:45 --> 404 Page Not Found: assets
ERROR - 2017-12-04 15:34:45 --> 404 Page Not Found: assets
ERROR - 2017-12-04 15:34:45 --> 404 Page Not Found: assets
ERROR - 2017-12-04 15:34:45 --> 404 Page Not Found: assets
ERROR - 2017-12-04 15:34:45 --> 404 Page Not Found: assets
ERROR - 2017-12-04 15:34:45 --> 404 Page Not Found: assets
ERROR - 2017-12-04 15:34:47 --> 404 Page Not Found: assets
ERROR - 2017-12-04 15:34:47 --> 404 Page Not Found: assets
ERROR - 2017-12-04 15:34:47 --> 404 Page Not Found: assets
ERROR - 2017-12-04 15:34:47 --> 404 Page Not Found: assets
ERROR - 2017-12-04 15:34:47 --> 404 Page Not Found: assets
ERROR - 2017-12-04 15:34:47 --> 404 Page Not Found: assets
ERROR - 2017-12-04 15:34:47 --> 404 Page Not Found: assets
ERROR - 2017-12-04 15:34:47 --> 404 Page Not Found: assets
ERROR - 2017-12-04 15:34:47 --> 404 Page Not Found: assets
ERROR - 2017-12-04 15:34:47 --> 404 Page Not Found: assets
ERROR - 2017-12-04 15:34:47 --> 404 Page Not Found: assets
ERROR - 2017-12-04 15:34:47 --> 404 Page Not Found: assets
